{"/home/caas23/vteam/services/rest-api/src/app.js": {"path":"/home/caas23/vteam/services/rest-api/src/app.js","statementMap":{"0":{"start":{"line":22,"column":0},"end":{"line":22,"column":16}},"1":{"start":{"line":28,"column":12},"end":{"line":28,"column":21}},"2":{"start":{"line":29,"column":19},"end":{"line":29,"column":41}},"3":{"start":{"line":37,"column":11},"end":{"line":42,"column":2}},"4":{"start":{"line":44,"column":19},"end":{"line":44,"column":49}},"5":{"start":{"line":45,"column":18},"end":{"line":45,"column":42}},"6":{"start":{"line":47,"column":0},"end":{"line":47,"column":66}},"7":{"start":{"line":50,"column":0},"end":{"line":50,"column":24}},"8":{"start":{"line":51,"column":0},"end":{"line":51,"column":48}},"9":{"start":{"line":52,"column":0},"end":{"line":52,"column":16}},"10":{"start":{"line":53,"column":0},"end":{"line":53,"column":18}},"11":{"start":{"line":56,"column":0},"end":{"line":56,"column":24}},"12":{"start":{"line":57,"column":0},"end":{"line":57,"column":24}},"13":{"start":{"line":58,"column":0},"end":{"line":58,"column":30}},"14":{"start":{"line":59,"column":0},"end":{"line":59,"column":27}},"15":{"start":{"line":60,"column":0},"end":{"line":60,"column":32}},"16":{"start":{"line":69,"column":0},"end":{"line":79,"column":3}},"17":{"start":{"line":70,"column":16},"end":{"line":77,"column":5}},"18":{"start":{"line":78,"column":4},"end":{"line":78,"column":18}},"19":{"start":{"line":87,"column":0},"end":{"line":98,"column":3}},"20":{"start":{"line":88,"column":19},"end":{"line":96,"column":5}},"21":{"start":{"line":97,"column":4},"end":{"line":97,"column":21}},"22":{"start":{"line":109,"column":20},"end":{"line":127,"column":1}},"23":{"start":{"line":110,"column":4},"end":{"line":112,"column":5}},"24":{"start":{"line":111,"column":8},"end":{"line":111,"column":22}},"25":{"start":{"line":113,"column":4},"end":{"line":126,"column":5}},"26":{"start":{"line":114,"column":25},"end":{"line":114,"column":159}},"27":{"start":{"line":115,"column":8},"end":{"line":115,"column":80}},"28":{"start":{"line":116,"column":8},"end":{"line":116,"column":76}},"29":{"start":{"line":118,"column":21},"end":{"line":118,"column":45}},"30":{"start":{"line":119,"column":8},"end":{"line":121,"column":11}},"31":{"start":{"line":120,"column":12},"end":{"line":120,"column":61}},"32":{"start":{"line":123,"column":8},"end":{"line":123,"column":22}},"33":{"start":{"line":125,"column":8},"end":{"line":125,"column":55}},"34":{"start":{"line":135,"column":20},"end":{"line":140,"column":1}},"35":{"start":{"line":136,"column":4},"end":{"line":139,"column":5}},"36":{"start":{"line":137,"column":8},"end":{"line":137,"column":29}},"37":{"start":{"line":138,"column":8},"end":{"line":138,"column":22}},"38":{"start":{"line":150,"column":4},"end":{"line":150,"column":46}},"39":{"start":{"line":158,"column":17},"end":{"line":160,"column":1}},"40":{"start":{"line":159,"column":4},"end":{"line":159,"column":24}},"41":{"start":{"line":167,"column":27},"end":{"line":170,"column":1}},"42":{"start":{"line":168,"column":4},"end":{"line":168,"column":24}},"43":{"start":{"line":169,"column":4},"end":{"line":169,"column":20}},"44":{"start":{"line":173,"column":0},"end":{"line":175,"column":1}},"45":{"start":{"line":174,"column":4},"end":{"line":174,"column":15}},"46":{"start":{"line":178,"column":0},"end":{"line":180,"column":1}},"47":{"start":{"line":179,"column":4},"end":{"line":179,"column":25}}},"fnMap":{"0":{"name":"(anonymous_0)","decl":{"start":{"line":69,"column":13},"end":{"line":69,"column":14}},"loc":{"start":{"line":69,"column":27},"end":{"line":79,"column":1}},"line":69},"1":{"name":"(anonymous_1)","decl":{"start":{"line":87,"column":15},"end":{"line":87,"column":16}},"loc":{"start":{"line":87,"column":29},"end":{"line":98,"column":1}},"line":87},"2":{"name":"(anonymous_2)","decl":{"start":{"line":109,"column":20},"end":{"line":109,"column":21}},"loc":{"start":{"line":109,"column":32},"end":{"line":127,"column":1}},"line":109},"3":{"name":"(anonymous_3)","decl":{"start":{"line":119,"column":52},"end":{"line":119,"column":53}},"loc":{"start":{"line":119,"column":58},"end":{"line":121,"column":9}},"line":119},"4":{"name":"(anonymous_4)","decl":{"start":{"line":135,"column":20},"end":{"line":135,"column":21}},"loc":{"start":{"line":135,"column":32},"end":{"line":140,"column":1}},"line":135},"5":{"name":"startTripRealTime","decl":{"start":{"line":149,"column":22},"end":{"line":149,"column":39}},"loc":{"start":{"line":149,"column":55},"end":{"line":151,"column":1}},"line":149},"6":{"name":"(anonymous_6)","decl":{"start":{"line":158,"column":17},"end":{"line":158,"column":18}},"loc":{"start":{"line":158,"column":29},"end":{"line":160,"column":1}},"line":158},"7":{"name":"(anonymous_7)","decl":{"start":{"line":167,"column":27},"end":{"line":167,"column":28}},"loc":{"start":{"line":167,"column":39},"end":{"line":170,"column":1}},"line":167}},"branchMap":{"0":{"loc":{"start":{"line":110,"column":4},"end":{"line":112,"column":5}},"type":"if","locations":[{"start":{"line":110,"column":4},"end":{"line":112,"column":5}},{"start":{},"end":{}}],"line":110},"1":{"loc":{"start":{"line":115,"column":8},"end":{"line":115,"column":79}},"type":"binary-expr","locations":[{"start":{"line":115,"column":8},"end":{"line":115,"column":38}},{"start":{"line":115,"column":42},"end":{"line":115,"column":79}}],"line":115},"2":{"loc":{"start":{"line":116,"column":8},"end":{"line":116,"column":75}},"type":"binary-expr","locations":[{"start":{"line":116,"column":8},"end":{"line":116,"column":38}},{"start":{"line":116,"column":42},"end":{"line":116,"column":75}}],"line":116},"3":{"loc":{"start":{"line":118,"column":21},"end":{"line":118,"column":45}},"type":"binary-expr","locations":[{"start":{"line":118,"column":21},"end":{"line":118,"column":37}},{"start":{"line":118,"column":41},"end":{"line":118,"column":45}}],"line":118},"4":{"loc":{"start":{"line":136,"column":4},"end":{"line":139,"column":5}},"type":"if","locations":[{"start":{"line":136,"column":4},"end":{"line":139,"column":5}},{"start":{},"end":{}}],"line":136},"5":{"loc":{"start":{"line":173,"column":0},"end":{"line":175,"column":1}},"type":"if","locations":[{"start":{"line":173,"column":0},"end":{"line":175,"column":1}},{"start":{},"end":{}}],"line":173},"6":{"loc":{"start":{"line":178,"column":0},"end":{"line":180,"column":1}},"type":"if","locations":[{"start":{"line":178,"column":0},"end":{"line":180,"column":1}},{"start":{},"end":{}}],"line":178}},"s":{"0":8,"1":8,"2":8,"3":8,"4":8,"5":8,"6":8,"7":8,"8":8,"9":8,"10":8,"11":8,"12":8,"13":8,"14":8,"15":8,"16":8,"17":1,"18":1,"19":8,"20":1,"21":1,"22":8,"23":8,"24":0,"25":8,"26":8,"27":8,"28":8,"29":8,"30":8,"31":8,"32":8,"33":0,"34":8,"35":8,"36":8,"37":8,"38":0,"39":8,"40":0,"41":8,"42":0,"43":0,"44":8,"45":0,"46":8,"47":0},"f":{"0":1,"1":1,"2":8,"3":8,"4":8,"5":0,"6":0,"7":0},"b":{"0":[0,8],"1":[8,8],"2":[8,0],"3":[8,0],"4":[8,0],"5":[0,8],"6":[0,8]},"inputSourceMap":null,"_coverageSchema":"1a1c01bbd47fc00a2c39e90264f33305004495a9","hash":"bf78e177692a2a09416e2992613e5d2c19f5556f"}
,"/home/caas23/vteam/services/rest-api/src/auth.js": {"path":"/home/caas23/vteam/services/rest-api/src/auth.js","statementMap":{"0":{"start":{"line":1,"column":35},"end":{"line":14,"column":1}},"1":{"start":{"line":2,"column":19},"end":{"line":6,"column":4}},"2":{"start":{"line":8,"column":2},"end":{"line":10,"column":3}},"3":{"start":{"line":9,"column":4},"end":{"line":9,"column":48}},"4":{"start":{"line":12,"column":19},"end":{"line":12,"column":40}},"5":{"start":{"line":13,"column":2},"end":{"line":13,"column":18}},"6":{"start":{"line":16,"column":25},"end":{"line":35,"column":1}},"7":{"start":{"line":18,"column":2},"end":{"line":20,"column":3}},"8":{"start":{"line":19,"column":4},"end":{"line":19,"column":18}},"9":{"start":{"line":22,"column":16},"end":{"line":22,"column":59}},"10":{"start":{"line":24,"column":2},"end":{"line":26,"column":3}},"11":{"start":{"line":25,"column":4},"end":{"line":25,"column":64}},"12":{"start":{"line":28,"column":2},"end":{"line":34,"column":3}},"13":{"start":{"line":29,"column":17},"end":{"line":29,"column":49}},"14":{"start":{"line":30,"column":4},"end":{"line":30,"column":20}},"15":{"start":{"line":31,"column":4},"end":{"line":31,"column":11}},"16":{"start":{"line":33,"column":4},"end":{"line":33,"column":60}}},"fnMap":{"0":{"name":"(anonymous_0)","decl":{"start":{"line":1,"column":35},"end":{"line":1,"column":36}},"loc":{"start":{"line":1,"column":52},"end":{"line":14,"column":1}},"line":1},"1":{"name":"(anonymous_1)","decl":{"start":{"line":16,"column":25},"end":{"line":16,"column":26}},"loc":{"start":{"line":16,"column":66},"end":{"line":35,"column":1}},"line":16}},"branchMap":{"0":{"loc":{"start":{"line":8,"column":2},"end":{"line":10,"column":3}},"type":"if","locations":[{"start":{"line":8,"column":2},"end":{"line":10,"column":3}},{"start":{},"end":{}}],"line":8},"1":{"loc":{"start":{"line":16,"column":48},"end":{"line":16,"column":61}},"type":"default-arg","locations":[{"start":{"line":16,"column":56},"end":{"line":16,"column":61}}],"line":16},"2":{"loc":{"start":{"line":18,"column":2},"end":{"line":20,"column":3}},"type":"if","locations":[{"start":{"line":18,"column":2},"end":{"line":20,"column":3}},{"start":{},"end":{}}],"line":18},"3":{"loc":{"start":{"line":18,"column":6},"end":{"line":18,"column":49}},"type":"binary-expr","locations":[{"start":{"line":18,"column":6},"end":{"line":18,"column":37}},{"start":{"line":18,"column":41},"end":{"line":18,"column":49}}],"line":18},"4":{"loc":{"start":{"line":24,"column":2},"end":{"line":26,"column":3}},"type":"if","locations":[{"start":{"line":24,"column":2},"end":{"line":26,"column":3}},{"start":{},"end":{}}],"line":24}},"s":{"0":9,"1":4,"2":3,"3":1,"4":2,"5":2,"6":9,"7":42,"8":39,"9":3,"10":3,"11":1,"12":2,"13":2,"14":1,"15":1,"16":1},"f":{"0":4,"1":42},"b":{"0":[1,2],"1":[39],"2":[39,3],"3":[42,42],"4":[1,2]},"inputSourceMap":null,"_coverageSchema":"1a1c01bbd47fc00a2c39e90264f33305004495a9","hash":"90463abfa205218ba42f64f075092e5c5f994ba6"}
,"/home/caas23/vteam/services/rest-api/src/payment.js": {"path":"/home/caas23/vteam/services/rest-api/src/payment.js","statementMap":{"0":{"start":{"line":3,"column":33},"end":{"line":21,"column":1}},"1":{"start":{"line":4,"column":27},"end":{"line":4,"column":49}},"2":{"start":{"line":6,"column":4},"end":{"line":20,"column":5}},"3":{"start":{"line":7,"column":23},"end":{"line":15,"column":9}},"4":{"start":{"line":17,"column":8},"end":{"line":17,"column":22}},"5":{"start":{"line":19,"column":8},"end":{"line":19,"column":25}},"6":{"start":{"line":23,"column":24},"end":{"line":48,"column":1}},"7":{"start":{"line":24,"column":30},"end":{"line":24,"column":55}},"8":{"start":{"line":26,"column":4},"end":{"line":47,"column":5}},"9":{"start":{"line":27,"column":21},"end":{"line":41,"column":7}},"10":{"start":{"line":43,"column":6},"end":{"line":43,"column":20}},"11":{"start":{"line":45,"column":6},"end":{"line":45,"column":23}},"12":{"start":{"line":46,"column":6},"end":{"line":46,"column":92}},"13":{"start":{"line":50,"column":42},"end":{"line":68,"column":1}},"14":{"start":{"line":51,"column":28},"end":{"line":51,"column":53}},"15":{"start":{"line":53,"column":2},"end":{"line":67,"column":3}},"16":{"start":{"line":54,"column":21},"end":{"line":62,"column":7}},"17":{"start":{"line":64,"column":6},"end":{"line":64,"column":20}},"18":{"start":{"line":66,"column":6},"end":{"line":66,"column":23}}},"fnMap":{"0":{"name":"(anonymous_0)","decl":{"start":{"line":3,"column":33},"end":{"line":3,"column":34}},"loc":{"start":{"line":3,"column":57},"end":{"line":21,"column":1}},"line":3},"1":{"name":"(anonymous_1)","decl":{"start":{"line":23,"column":24},"end":{"line":23,"column":25}},"loc":{"start":{"line":23,"column":70},"end":{"line":48,"column":1}},"line":23},"2":{"name":"(anonymous_2)","decl":{"start":{"line":50,"column":42},"end":{"line":50,"column":43}},"loc":{"start":{"line":50,"column":60},"end":{"line":68,"column":1}},"line":50}},"branchMap":{},"s":{"0":8,"1":3,"2":3,"3":3,"4":3,"5":0,"6":8,"7":1,"8":1,"9":1,"10":1,"11":0,"12":0,"13":8,"14":1,"15":1,"16":1,"17":1,"18":0},"f":{"0":3,"1":1,"2":1},"b":{},"inputSourceMap":null,"_coverageSchema":"1a1c01bbd47fc00a2c39e90264f33305004495a9","hash":"5da52db9398546058ace4a52813306d1e66aca89"}
,"/home/caas23/vteam/services/rest-api/src/socket.js": {"path":"/home/caas23/vteam/services/rest-api/src/socket.js","statementMap":{"0":{"start":{"line":7,"column":24},"end":{"line":7,"column":33}},"1":{"start":{"line":8,"column":24},"end":{"line":8,"column":29}},"2":{"start":{"line":10,"column":27},"end":{"line":581,"column":1}},"3":{"start":{"line":11,"column":4},"end":{"line":177,"column":7}},"4":{"start":{"line":13,"column":8},"end":{"line":22,"column":10}},"5":{"start":{"line":14,"column":12},"end":{"line":14,"column":37}},"6":{"start":{"line":16,"column":12},"end":{"line":21,"column":13}},"7":{"start":{"line":17,"column":16},"end":{"line":19,"column":17}},"8":{"start":{"line":18,"column":20},"end":{"line":18,"column":66}},"9":{"start":{"line":20,"column":16},"end":{"line":20,"column":40}},"10":{"start":{"line":24,"column":8},"end":{"line":26,"column":10}},"11":{"start":{"line":25,"column":12},"end":{"line":25,"column":38}},"12":{"start":{"line":29,"column":8},"end":{"line":89,"column":11}},"13":{"start":{"line":30,"column":27},"end":{"line":30,"column":44}},"14":{"start":{"line":31,"column":24},"end":{"line":31,"column":40}},"15":{"start":{"line":32,"column":27},"end":{"line":32,"column":36}},"16":{"start":{"line":35,"column":12},"end":{"line":40,"column":13}},"17":{"start":{"line":36,"column":16},"end":{"line":36,"column":48}},"18":{"start":{"line":37,"column":16},"end":{"line":37,"column":40}},"19":{"start":{"line":39,"column":16},"end":{"line":39,"column":39}},"20":{"start":{"line":42,"column":28},"end":{"line":42,"column":38}},"21":{"start":{"line":43,"column":37},"end":{"line":43,"column":81}},"22":{"start":{"line":44,"column":24},"end":{"line":44,"column":99}},"23":{"start":{"line":45,"column":26},"end":{"line":45,"column":72}},"24":{"start":{"line":46,"column":28},"end":{"line":46,"column":91}},"25":{"start":{"line":47,"column":29},"end":{"line":47,"column":64}},"26":{"start":{"line":50,"column":12},"end":{"line":70,"column":13}},"27":{"start":{"line":51,"column":16},"end":{"line":60,"column":17}},"28":{"start":{"line":62,"column":16},"end":{"line":69,"column":17}},"29":{"start":{"line":72,"column":25},"end":{"line":78,"column":13}},"30":{"start":{"line":80,"column":12},"end":{"line":80,"column":67}},"31":{"start":{"line":81,"column":12},"end":{"line":81,"column":48}},"32":{"start":{"line":82,"column":12},"end":{"line":82,"column":67}},"33":{"start":{"line":84,"column":12},"end":{"line":84,"column":41}},"34":{"start":{"line":85,"column":12},"end":{"line":85,"column":47}},"35":{"start":{"line":86,"column":12},"end":{"line":86,"column":52}},"36":{"start":{"line":87,"column":12},"end":{"line":87,"column":50}},"37":{"start":{"line":88,"column":12},"end":{"line":88,"column":59}},"38":{"start":{"line":91,"column":8},"end":{"line":119,"column":11}},"39":{"start":{"line":93,"column":12},"end":{"line":97,"column":14}},"40":{"start":{"line":99,"column":12},"end":{"line":104,"column":15}},"41":{"start":{"line":106,"column":25},"end":{"line":109,"column":13}},"42":{"start":{"line":111,"column":34},"end":{"line":111,"column":61}},"43":{"start":{"line":113,"column":12},"end":{"line":117,"column":14}},"44":{"start":{"line":121,"column":8},"end":{"line":174,"column":11}},"45":{"start":{"line":123,"column":12},"end":{"line":127,"column":15}},"46":{"start":{"line":129,"column":12},"end":{"line":129,"column":62}},"47":{"start":{"line":131,"column":12},"end":{"line":136,"column":14}},"48":{"start":{"line":138,"column":31},"end":{"line":138,"column":66}},"49":{"start":{"line":139,"column":31},"end":{"line":139,"column":43}},"50":{"start":{"line":140,"column":33},"end":{"line":140,"column":46}},"51":{"start":{"line":141,"column":29},"end":{"line":141,"column":57}},"52":{"start":{"line":142,"column":34},"end":{"line":142,"column":35}},"53":{"start":{"line":144,"column":12},"end":{"line":148,"column":13}},"54":{"start":{"line":145,"column":16},"end":{"line":145,"column":36}},"55":{"start":{"line":146,"column":19},"end":{"line":148,"column":13}},"56":{"start":{"line":147,"column":16},"end":{"line":147,"column":37}},"57":{"start":{"line":150,"column":31},"end":{"line":150,"column":84}},"58":{"start":{"line":151,"column":25},"end":{"line":156,"column":13}},"59":{"start":{"line":158,"column":25},"end":{"line":166,"column":13}},"60":{"start":{"line":168,"column":12},"end":{"line":168,"column":51}},"61":{"start":{"line":169,"column":12},"end":{"line":169,"column":41}},"62":{"start":{"line":170,"column":12},"end":{"line":170,"column":52}},"63":{"start":{"line":171,"column":12},"end":{"line":171,"column":52}},"64":{"start":{"line":172,"column":12},"end":{"line":172,"column":74}},"65":{"start":{"line":173,"column":12},"end":{"line":173,"column":87}},"66":{"start":{"line":176,"column":8},"end":{"line":176,"column":42}},"67":{"start":{"line":180,"column":26},"end":{"line":208,"column":5}},"68":{"start":{"line":181,"column":8},"end":{"line":207,"column":9}},"69":{"start":{"line":183,"column":27},"end":{"line":183,"column":73}},"70":{"start":{"line":184,"column":26},"end":{"line":184,"column":31}},"71":{"start":{"line":185,"column":23},"end":{"line":185,"column":28}},"72":{"start":{"line":187,"column":12},"end":{"line":196,"column":13}},"73":{"start":{"line":189,"column":16},"end":{"line":189,"column":60}},"74":{"start":{"line":191,"column":16},"end":{"line":195,"column":17}},"75":{"start":{"line":192,"column":20},"end":{"line":192,"column":32}},"76":{"start":{"line":194,"column":20},"end":{"line":194,"column":71}},"77":{"start":{"line":199,"column":12},"end":{"line":201,"column":13}},"78":{"start":{"line":200,"column":16},"end":{"line":200,"column":70}},"79":{"start":{"line":204,"column":12},"end":{"line":204,"column":50}},"80":{"start":{"line":215,"column":30},"end":{"line":231,"column":5}},"81":{"start":{"line":216,"column":18},"end":{"line":216,"column":22}},"82":{"start":{"line":217,"column":22},"end":{"line":217,"column":52}},"83":{"start":{"line":217,"column":31},"end":{"line":217,"column":52}},"84":{"start":{"line":219,"column":21},"end":{"line":219,"column":49}},"85":{"start":{"line":220,"column":21},"end":{"line":220,"column":49}},"86":{"start":{"line":222,"column":21},"end":{"line":222,"column":37}},"87":{"start":{"line":223,"column":21},"end":{"line":223,"column":37}},"88":{"start":{"line":225,"column":18},"end":{"line":227,"column":57}},"89":{"start":{"line":229,"column":18},"end":{"line":229,"column":64}},"90":{"start":{"line":230,"column":8},"end":{"line":230,"column":21}},"91":{"start":{"line":236,"column":25},"end":{"line":236,"column":71}},"92":{"start":{"line":237,"column":25},"end":{"line":237,"column":71}},"93":{"start":{"line":240,"column":27},"end":{"line":240,"column":80}},"94":{"start":{"line":243,"column":28},"end":{"line":243,"column":74}},"95":{"start":{"line":244,"column":28},"end":{"line":244,"column":74}},"96":{"start":{"line":247,"column":25},"end":{"line":247,"column":65}},"97":{"start":{"line":250,"column":22},"end":{"line":250,"column":68}},"98":{"start":{"line":253,"column":8},"end":{"line":253,"column":39}},"99":{"start":{"line":269,"column":8},"end":{"line":272,"column":24}},"100":{"start":{"line":269,"column":24},"end":{"line":269,"column":35}},"101":{"start":{"line":270,"column":13},"end":{"line":272,"column":24}},"102":{"start":{"line":270,"column":30},"end":{"line":270,"column":41}},"103":{"start":{"line":271,"column":13},"end":{"line":272,"column":24}},"104":{"start":{"line":271,"column":30},"end":{"line":271,"column":41}},"105":{"start":{"line":272,"column":13},"end":{"line":272,"column":24}},"106":{"start":{"line":289,"column":8},"end":{"line":299,"column":9}},"107":{"start":{"line":290,"column":12},"end":{"line":290,"column":48}},"108":{"start":{"line":291,"column":15},"end":{"line":299,"column":9}},"109":{"start":{"line":292,"column":12},"end":{"line":292,"column":48}},"110":{"start":{"line":293,"column":15},"end":{"line":299,"column":9}},"111":{"start":{"line":294,"column":12},"end":{"line":294,"column":49}},"112":{"start":{"line":295,"column":15},"end":{"line":299,"column":9}},"113":{"start":{"line":296,"column":12},"end":{"line":296,"column":51}},"114":{"start":{"line":298,"column":12},"end":{"line":298,"column":51}},"115":{"start":{"line":300,"column":8},"end":{"line":300,"column":21}},"116":{"start":{"line":304,"column":28},"end":{"line":304,"column":46}},"117":{"start":{"line":305,"column":25},"end":{"line":305,"column":27}},"118":{"start":{"line":309,"column":8},"end":{"line":309,"column":34}},"119":{"start":{"line":310,"column":8},"end":{"line":310,"column":48}},"120":{"start":{"line":315,"column":23},"end":{"line":315,"column":35}},"121":{"start":{"line":316,"column":8},"end":{"line":316,"column":74}},"122":{"start":{"line":316,"column":52},"end":{"line":316,"column":72}},"123":{"start":{"line":323,"column":8},"end":{"line":329,"column":9}},"124":{"start":{"line":324,"column":12},"end":{"line":324,"column":72}},"125":{"start":{"line":325,"column":15},"end":{"line":329,"column":9}},"126":{"start":{"line":326,"column":12},"end":{"line":326,"column":71}},"127":{"start":{"line":327,"column":15},"end":{"line":329,"column":9}},"128":{"start":{"line":328,"column":12},"end":{"line":328,"column":71}},"129":{"start":{"line":330,"column":27},"end":{"line":333,"column":9}},"130":{"start":{"line":335,"column":8},"end":{"line":335,"column":52}},"131":{"start":{"line":336,"column":8},"end":{"line":336,"column":48}},"132":{"start":{"line":337,"column":8},"end":{"line":337,"column":55}},"133":{"start":{"line":347,"column":8},"end":{"line":357,"column":11}},"134":{"start":{"line":348,"column":12},"end":{"line":356,"column":22}},"135":{"start":{"line":349,"column":16},"end":{"line":349,"column":93}},"136":{"start":{"line":350,"column":16},"end":{"line":350,"column":104}},"137":{"start":{"line":352,"column":16},"end":{"line":355,"column":17}},"138":{"start":{"line":353,"column":20},"end":{"line":353,"column":57}},"139":{"start":{"line":354,"column":20},"end":{"line":354,"column":49}},"140":{"start":{"line":360,"column":8},"end":{"line":360,"column":52}},"141":{"start":{"line":364,"column":25},"end":{"line":364,"column":34}},"142":{"start":{"line":367,"column":8},"end":{"line":367,"column":27}},"143":{"start":{"line":370,"column":22},"end":{"line":370,"column":53}},"144":{"start":{"line":373,"column":30},"end":{"line":373,"column":72}},"145":{"start":{"line":373,"column":51},"end":{"line":373,"column":71}},"146":{"start":{"line":375,"column":8},"end":{"line":377,"column":9}},"147":{"start":{"line":376,"column":12},"end":{"line":376,"column":44}},"148":{"start":{"line":380,"column":23},"end":{"line":380,"column":73}},"149":{"start":{"line":380,"column":59},"end":{"line":380,"column":72}},"150":{"start":{"line":383,"column":26},"end":{"line":383,"column":28}},"151":{"start":{"line":384,"column":32},"end":{"line":384,"column":33}},"152":{"start":{"line":386,"column":30},"end":{"line":444,"column":9}},"153":{"start":{"line":390,"column":26},"end":{"line":390,"column":106}},"154":{"start":{"line":392,"column":12},"end":{"line":436,"column":13}},"155":{"start":{"line":393,"column":16},"end":{"line":393,"column":86}},"156":{"start":{"line":393,"column":53},"end":{"line":393,"column":82}},"157":{"start":{"line":394,"column":16},"end":{"line":394,"column":76}},"158":{"start":{"line":394,"column":67},"end":{"line":394,"column":76}},"159":{"start":{"line":397,"column":29},"end":{"line":400,"column":17}},"160":{"start":{"line":402,"column":46},"end":{"line":402,"column":73}},"161":{"start":{"line":406,"column":16},"end":{"line":409,"column":51}},"162":{"start":{"line":407,"column":41},"end":{"line":407,"column":77}},"163":{"start":{"line":408,"column":20},"end":{"line":408,"column":74}},"164":{"start":{"line":410,"column":16},"end":{"line":410,"column":40}},"165":{"start":{"line":412,"column":29},"end":{"line":412,"column":48}},"166":{"start":{"line":413,"column":30},"end":{"line":413,"column":62}},"167":{"start":{"line":416,"column":16},"end":{"line":416,"column":52}},"168":{"start":{"line":419,"column":16},"end":{"line":423,"column":17}},"169":{"start":{"line":420,"column":20},"end":{"line":420,"column":62}},"170":{"start":{"line":422,"column":20},"end":{"line":422,"column":54}},"171":{"start":{"line":425,"column":16},"end":{"line":425,"column":84}},"172":{"start":{"line":427,"column":39},"end":{"line":434,"column":17}},"173":{"start":{"line":435,"column":16},"end":{"line":435,"column":50}},"174":{"start":{"line":438,"column":12},"end":{"line":438,"column":32}},"175":{"start":{"line":440,"column":12},"end":{"line":443,"column":13}},"176":{"start":{"line":442,"column":16},"end":{"line":442,"column":49}},"177":{"start":{"line":447,"column":8},"end":{"line":447,"column":24}},"178":{"start":{"line":450,"column":21},"end":{"line":450,"column":23}},"179":{"start":{"line":458,"column":68},"end":{"line":458,"column":82}},"180":{"start":{"line":459,"column":20},"end":{"line":459,"column":21}},"181":{"start":{"line":460,"column":20},"end":{"line":460,"column":21}},"182":{"start":{"line":461,"column":28},"end":{"line":461,"column":35}},"183":{"start":{"line":462,"column":30},"end":{"line":462,"column":31}},"184":{"start":{"line":463,"column":30},"end":{"line":463,"column":31}},"185":{"start":{"line":464,"column":36},"end":{"line":464,"column":37}},"186":{"start":{"line":465,"column":28},"end":{"line":465,"column":30}},"187":{"start":{"line":466,"column":25},"end":{"line":466,"column":29}},"188":{"start":{"line":468,"column":8},"end":{"line":475,"column":10}},"189":{"start":{"line":476,"column":20},"end":{"line":476,"column":36}},"190":{"start":{"line":478,"column":25},"end":{"line":576,"column":9}},"191":{"start":{"line":479,"column":12},"end":{"line":575,"column":13}},"192":{"start":{"line":481,"column":32},"end":{"line":481,"column":44}},"193":{"start":{"line":482,"column":29},"end":{"line":482,"column":45}},"194":{"start":{"line":483,"column":33},"end":{"line":483,"column":49}},"195":{"start":{"line":486,"column":34},"end":{"line":486,"column":93}},"196":{"start":{"line":489,"column":16},"end":{"line":494,"column":17}},"197":{"start":{"line":490,"column":20},"end":{"line":490,"column":71}},"198":{"start":{"line":493,"column":20},"end":{"line":493,"column":72}},"199":{"start":{"line":497,"column":40},"end":{"line":497,"column":74}},"200":{"start":{"line":498,"column":16},"end":{"line":498,"column":51}},"201":{"start":{"line":499,"column":16},"end":{"line":499,"column":57}},"202":{"start":{"line":500,"column":16},"end":{"line":500,"column":44}},"203":{"start":{"line":503,"column":37},"end":{"line":503,"column":65}},"204":{"start":{"line":504,"column":38},"end":{"line":504,"column":58}},"205":{"start":{"line":505,"column":16},"end":{"line":505,"column":61}},"206":{"start":{"line":506,"column":16},"end":{"line":506,"column":48}},"207":{"start":{"line":509,"column":16},"end":{"line":539,"column":17}},"208":{"start":{"line":510,"column":20},"end":{"line":515,"column":23}},"209":{"start":{"line":517,"column":20},"end":{"line":517,"column":40}},"210":{"start":{"line":520,"column":20},"end":{"line":520,"column":40}},"211":{"start":{"line":521,"column":20},"end":{"line":521,"column":28}},"212":{"start":{"line":525,"column":44},"end":{"line":525,"column":77}},"213":{"start":{"line":526,"column":40},"end":{"line":526,"column":93}},"214":{"start":{"line":527,"column":40},"end":{"line":527,"column":93}},"215":{"start":{"line":528,"column":45},"end":{"line":528,"column":117}},"216":{"start":{"line":530,"column":20},"end":{"line":535,"column":23}},"217":{"start":{"line":537,"column":20},"end":{"line":537,"column":52}},"218":{"start":{"line":538,"column":20},"end":{"line":538,"column":68}},"219":{"start":{"line":541,"column":16},"end":{"line":541,"column":36}},"220":{"start":{"line":543,"column":32},"end":{"line":543,"column":42}},"221":{"start":{"line":544,"column":41},"end":{"line":544,"column":90}},"222":{"start":{"line":545,"column":30},"end":{"line":545,"column":70}},"223":{"start":{"line":546,"column":32},"end":{"line":546,"column":55}},"224":{"start":{"line":547,"column":33},"end":{"line":547,"column":45}},"225":{"start":{"line":549,"column":29},"end":{"line":556,"column":17}},"226":{"start":{"line":558,"column":29},"end":{"line":564,"column":17}},"227":{"start":{"line":566,"column":16},"end":{"line":566,"column":70}},"228":{"start":{"line":567,"column":16},"end":{"line":567,"column":53}},"229":{"start":{"line":568,"column":16},"end":{"line":568,"column":70}},"230":{"start":{"line":569,"column":16},"end":{"line":569,"column":45}},"231":{"start":{"line":570,"column":16},"end":{"line":570,"column":51}},"232":{"start":{"line":571,"column":16},"end":{"line":571,"column":56}},"233":{"start":{"line":572,"column":16},"end":{"line":572,"column":48}},"234":{"start":{"line":573,"column":16},"end":{"line":573,"column":56}},"235":{"start":{"line":577,"column":21},"end":{"line":577,"column":52}},"236":{"start":{"line":578,"column":8},"end":{"line":578,"column":32}},"237":{"start":{"line":580,"column":4},"end":{"line":580,"column":22}}},"fnMap":{"0":{"name":"(anonymous_0)","decl":{"start":{"line":10,"column":27},"end":{"line":10,"column":28}},"loc":{"start":{"line":10,"column":35},"end":{"line":581,"column":1}},"line":10},"1":{"name":"(anonymous_1)","decl":{"start":{"line":11,"column":24},"end":{"line":11,"column":25}},"loc":{"start":{"line":11,"column":36},"end":{"line":177,"column":5}},"line":11},"2":{"name":"(anonymous_2)","decl":{"start":{"line":13,"column":34},"end":{"line":13,"column":35}},"loc":{"start":{"line":13,"column":40},"end":{"line":22,"column":9}},"line":13},"3":{"name":"(anonymous_3)","decl":{"start":{"line":24,"column":37},"end":{"line":24,"column":38}},"loc":{"start":{"line":24,"column":43},"end":{"line":26,"column":9}},"line":24},"4":{"name":"(anonymous_4)","decl":{"start":{"line":29,"column":31},"end":{"line":29,"column":32}},"loc":{"start":{"line":29,"column":47},"end":{"line":89,"column":9}},"line":29},"5":{"name":"(anonymous_5)","decl":{"start":{"line":91,"column":34},"end":{"line":91,"column":35}},"loc":{"start":{"line":91,"column":50},"end":{"line":119,"column":9}},"line":91},"6":{"name":"(anonymous_6)","decl":{"start":{"line":121,"column":37},"end":{"line":121,"column":38}},"loc":{"start":{"line":121,"column":53},"end":{"line":174,"column":9}},"line":121},"7":{"name":"(anonymous_7)","decl":{"start":{"line":176,"column":32},"end":{"line":176,"column":33}},"loc":{"start":{"line":176,"column":38},"end":{"line":176,"column":40}},"line":176},"8":{"name":"(anonymous_8)","decl":{"start":{"line":180,"column":26},"end":{"line":180,"column":27}},"loc":{"start":{"line":180,"column":58},"end":{"line":208,"column":5}},"line":180},"9":{"name":"(anonymous_9)","decl":{"start":{"line":215,"column":30},"end":{"line":215,"column":31}},"loc":{"start":{"line":215,"column":50},"end":{"line":231,"column":5}},"line":215},"10":{"name":"(anonymous_10)","decl":{"start":{"line":217,"column":22},"end":{"line":217,"column":23}},"loc":{"start":{"line":217,"column":31},"end":{"line":217,"column":52}},"line":217},"11":{"name":"calculateAngle","decl":{"start":{"line":235,"column":13},"end":{"line":235,"column":27}},"loc":{"start":{"line":235,"column":52},"end":{"line":254,"column":5}},"line":235},"12":{"name":"calculateBatteryDrain","decl":{"start":{"line":256,"column":13},"end":{"line":256,"column":34}},"loc":{"start":{"line":256,"column":42},"end":{"line":273,"column":5}},"line":256},"13":{"name":"calculateCurveSpeed","decl":{"start":{"line":275,"column":13},"end":{"line":275,"column":32}},"loc":{"start":{"line":275,"column":58},"end":{"line":301,"column":5}},"line":275},"14":{"name":"addBikeToCharging","decl":{"start":{"line":308,"column":13},"end":{"line":308,"column":30}},"loc":{"start":{"line":308,"column":37},"end":{"line":311,"column":5}},"line":308},"15":{"name":"removeBikeFromCharging","decl":{"start":{"line":314,"column":19},"end":{"line":314,"column":41}},"loc":{"start":{"line":314,"column":48},"end":{"line":338,"column":5}},"line":314},"16":{"name":"(anonymous_16)","decl":{"start":{"line":316,"column":47},"end":{"line":316,"column":48}},"loc":{"start":{"line":316,"column":52},"end":{"line":316,"column":72}},"line":316},"17":{"name":"simulateCharging","decl":{"start":{"line":340,"column":13},"end":{"line":340,"column":29}},"loc":{"start":{"line":340,"column":32},"end":{"line":361,"column":5}},"line":340},"18":{"name":"(anonymous_18)","decl":{"start":{"line":347,"column":40},"end":{"line":347,"column":41}},"loc":{"start":{"line":347,"column":50},"end":{"line":357,"column":9}},"line":347},"19":{"name":"(anonymous_19)","decl":{"start":{"line":348,"column":48},"end":{"line":348,"column":49}},"loc":{"start":{"line":348,"column":54},"end":{"line":356,"column":13}},"line":348},"20":{"name":"(anonymous_20)","decl":{"start":{"line":360,"column":42},"end":{"line":360,"column":43}},"loc":{"start":{"line":360,"column":48},"end":{"line":360,"column":50}},"line":360},"21":{"name":"startSimulation","decl":{"start":{"line":363,"column":19},"end":{"line":363,"column":34}},"loc":{"start":{"line":363,"column":38},"end":{"line":448,"column":5}},"line":363},"22":{"name":"(anonymous_22)","decl":{"start":{"line":373,"column":43},"end":{"line":373,"column":44}},"loc":{"start":{"line":373,"column":51},"end":{"line":373,"column":71}},"line":373},"23":{"name":"(anonymous_23)","decl":{"start":{"line":380,"column":50},"end":{"line":380,"column":51}},"loc":{"start":{"line":380,"column":59},"end":{"line":380,"column":72}},"line":380},"24":{"name":"(anonymous_24)","decl":{"start":{"line":386,"column":30},"end":{"line":386,"column":31}},"loc":{"start":{"line":386,"column":42},"end":{"line":444,"column":9}},"line":386},"25":{"name":"(anonymous_25)","decl":{"start":{"line":393,"column":43},"end":{"line":393,"column":44}},"loc":{"start":{"line":393,"column":53},"end":{"line":393,"column":82}},"line":393},"26":{"name":"simulateBikeInUse","decl":{"start":{"line":451,"column":13},"end":{"line":451,"column":30}},"loc":{"start":{"line":451,"column":47},"end":{"line":579,"column":5}},"line":451},"27":{"name":"(anonymous_27)","decl":{"start":{"line":478,"column":25},"end":{"line":478,"column":26}},"loc":{"start":{"line":478,"column":37},"end":{"line":576,"column":9}},"line":478}},"branchMap":{"0":{"loc":{"start":{"line":16,"column":12},"end":{"line":21,"column":13}},"type":"if","locations":[{"start":{"line":16,"column":12},"end":{"line":21,"column":13}},{"start":{},"end":{}}],"line":16},"1":{"loc":{"start":{"line":35,"column":12},"end":{"line":40,"column":13}},"type":"if","locations":[{"start":{"line":35,"column":12},"end":{"line":40,"column":13}},{"start":{"line":38,"column":19},"end":{"line":40,"column":13}}],"line":35},"2":{"loc":{"start":{"line":35,"column":16},"end":{"line":35,"column":39}},"type":"binary-expr","locations":[{"start":{"line":35,"column":16},"end":{"line":35,"column":19}},{"start":{"line":35,"column":23},"end":{"line":35,"column":39}}],"line":35},"3":{"loc":{"start":{"line":44,"column":24},"end":{"line":44,"column":99}},"type":"cond-expr","locations":[{"start":{"line":44,"column":93},"end":{"line":44,"column":95}},{"start":{"line":44,"column":98},"end":{"line":44,"column":99}}],"line":44},"4":{"loc":{"start":{"line":46,"column":28},"end":{"line":46,"column":91}},"type":"binary-expr","locations":[{"start":{"line":46,"column":28},"end":{"line":46,"column":57}},{"start":{"line":46,"column":61},"end":{"line":46,"column":91}}],"line":46},"5":{"loc":{"start":{"line":47,"column":29},"end":{"line":47,"column":64}},"type":"binary-expr","locations":[{"start":{"line":47,"column":29},"end":{"line":47,"column":42}},{"start":{"line":47,"column":46},"end":{"line":47,"column":64}}],"line":47},"6":{"loc":{"start":{"line":50,"column":12},"end":{"line":70,"column":13}},"type":"if","locations":[{"start":{"line":50,"column":12},"end":{"line":70,"column":13}},{"start":{"line":61,"column":19},"end":{"line":70,"column":13}}],"line":50},"7":{"loc":{"start":{"line":50,"column":16},"end":{"line":50,"column":41}},"type":"binary-expr","locations":[{"start":{"line":50,"column":16},"end":{"line":50,"column":25}},{"start":{"line":50,"column":29},"end":{"line":50,"column":41}}],"line":50},"8":{"loc":{"start":{"line":141,"column":29},"end":{"line":141,"column":57}},"type":"binary-expr","locations":[{"start":{"line":141,"column":29},"end":{"line":141,"column":40}},{"start":{"line":141,"column":44},"end":{"line":141,"column":57}}],"line":141},"9":{"loc":{"start":{"line":144,"column":12},"end":{"line":148,"column":13}},"type":"if","locations":[{"start":{"line":144,"column":12},"end":{"line":148,"column":13}},{"start":{"line":146,"column":19},"end":{"line":148,"column":13}}],"line":144},"10":{"loc":{"start":{"line":146,"column":19},"end":{"line":148,"column":13}},"type":"if","locations":[{"start":{"line":146,"column":19},"end":{"line":148,"column":13}},{"start":{},"end":{}}],"line":146},"11":{"loc":{"start":{"line":146,"column":23},"end":{"line":146,"column":81}},"type":"binary-expr","locations":[{"start":{"line":146,"column":24},"end":{"line":146,"column":34}},{"start":{"line":146,"column":38},"end":{"line":146,"column":48}},{"start":{"line":146,"column":54},"end":{"line":146,"column":64}},{"start":{"line":146,"column":68},"end":{"line":146,"column":80}}],"line":146},"12":{"loc":{"start":{"line":168,"column":12},"end":{"line":168,"column":51}},"type":"binary-expr","locations":[{"start":{"line":168,"column":12},"end":{"line":168,"column":24}},{"start":{"line":168,"column":28},"end":{"line":168,"column":51}}],"line":168},"13":{"loc":{"start":{"line":187,"column":12},"end":{"line":196,"column":13}},"type":"if","locations":[{"start":{"line":187,"column":12},"end":{"line":196,"column":13}},{"start":{},"end":{}}],"line":187},"14":{"loc":{"start":{"line":191,"column":16},"end":{"line":195,"column":17}},"type":"if","locations":[{"start":{"line":191,"column":16},"end":{"line":195,"column":17}},{"start":{},"end":{}}],"line":191},"15":{"loc":{"start":{"line":199,"column":12},"end":{"line":201,"column":13}},"type":"if","locations":[{"start":{"line":199,"column":12},"end":{"line":201,"column":13}},{"start":{},"end":{}}],"line":199},"16":{"loc":{"start":{"line":269,"column":8},"end":{"line":272,"column":24}},"type":"if","locations":[{"start":{"line":269,"column":8},"end":{"line":272,"column":24}},{"start":{"line":270,"column":13},"end":{"line":272,"column":24}}],"line":269},"17":{"loc":{"start":{"line":270,"column":13},"end":{"line":272,"column":24}},"type":"if","locations":[{"start":{"line":270,"column":13},"end":{"line":272,"column":24}},{"start":{"line":271,"column":13},"end":{"line":272,"column":24}}],"line":270},"18":{"loc":{"start":{"line":271,"column":13},"end":{"line":272,"column":24}},"type":"if","locations":[{"start":{"line":271,"column":13},"end":{"line":272,"column":24}},{"start":{"line":272,"column":13},"end":{"line":272,"column":24}}],"line":271},"19":{"loc":{"start":{"line":289,"column":8},"end":{"line":299,"column":9}},"type":"if","locations":[{"start":{"line":289,"column":8},"end":{"line":299,"column":9}},{"start":{"line":291,"column":15},"end":{"line":299,"column":9}}],"line":289},"20":{"loc":{"start":{"line":291,"column":15},"end":{"line":299,"column":9}},"type":"if","locations":[{"start":{"line":291,"column":15},"end":{"line":299,"column":9}},{"start":{"line":293,"column":15},"end":{"line":299,"column":9}}],"line":291},"21":{"loc":{"start":{"line":291,"column":19},"end":{"line":291,"column":52}},"type":"binary-expr","locations":[{"start":{"line":291,"column":19},"end":{"line":291,"column":33}},{"start":{"line":291,"column":37},"end":{"line":291,"column":52}}],"line":291},"22":{"loc":{"start":{"line":293,"column":15},"end":{"line":299,"column":9}},"type":"if","locations":[{"start":{"line":293,"column":15},"end":{"line":299,"column":9}},{"start":{"line":295,"column":15},"end":{"line":299,"column":9}}],"line":293},"23":{"loc":{"start":{"line":293,"column":19},"end":{"line":293,"column":52}},"type":"binary-expr","locations":[{"start":{"line":293,"column":19},"end":{"line":293,"column":33}},{"start":{"line":293,"column":37},"end":{"line":293,"column":52}}],"line":293},"24":{"loc":{"start":{"line":295,"column":15},"end":{"line":299,"column":9}},"type":"if","locations":[{"start":{"line":295,"column":15},"end":{"line":299,"column":9}},{"start":{"line":297,"column":15},"end":{"line":299,"column":9}}],"line":295},"25":{"loc":{"start":{"line":295,"column":19},"end":{"line":295,"column":52}},"type":"binary-expr","locations":[{"start":{"line":295,"column":19},"end":{"line":295,"column":33}},{"start":{"line":295,"column":37},"end":{"line":295,"column":52}}],"line":295},"26":{"loc":{"start":{"line":323,"column":8},"end":{"line":329,"column":9}},"type":"if","locations":[{"start":{"line":323,"column":8},"end":{"line":329,"column":9}},{"start":{"line":325,"column":15},"end":{"line":329,"column":9}}],"line":323},"27":{"loc":{"start":{"line":325,"column":15},"end":{"line":329,"column":9}},"type":"if","locations":[{"start":{"line":325,"column":15},"end":{"line":329,"column":9}},{"start":{"line":327,"column":15},"end":{"line":329,"column":9}}],"line":325},"28":{"loc":{"start":{"line":327,"column":15},"end":{"line":329,"column":9}},"type":"if","locations":[{"start":{"line":327,"column":15},"end":{"line":329,"column":9}},{"start":{},"end":{}}],"line":327},"29":{"loc":{"start":{"line":352,"column":16},"end":{"line":355,"column":17}},"type":"if","locations":[{"start":{"line":352,"column":16},"end":{"line":355,"column":17}},{"start":{},"end":{}}],"line":352},"30":{"loc":{"start":{"line":394,"column":16},"end":{"line":394,"column":76}},"type":"if","locations":[{"start":{"line":394,"column":16},"end":{"line":394,"column":76}},{"start":{},"end":{}}],"line":394},"31":{"loc":{"start":{"line":394,"column":20},"end":{"line":394,"column":65}},"type":"binary-expr","locations":[{"start":{"line":394,"column":20},"end":{"line":394,"column":32}},{"start":{"line":394,"column":36},"end":{"line":394,"column":65}}],"line":394},"32":{"loc":{"start":{"line":419,"column":16},"end":{"line":423,"column":17}},"type":"if","locations":[{"start":{"line":419,"column":16},"end":{"line":423,"column":17}},{"start":{"line":421,"column":23},"end":{"line":423,"column":17}}],"line":419},"33":{"loc":{"start":{"line":440,"column":12},"end":{"line":443,"column":13}},"type":"if","locations":[{"start":{"line":440,"column":12},"end":{"line":443,"column":13}},{"start":{},"end":{}}],"line":440},"34":{"loc":{"start":{"line":479,"column":12},"end":{"line":575,"column":13}},"type":"if","locations":[{"start":{"line":479,"column":12},"end":{"line":575,"column":13}},{"start":{"line":540,"column":19},"end":{"line":575,"column":13}}],"line":479},"35":{"loc":{"start":{"line":486,"column":34},"end":{"line":486,"column":93}},"type":"binary-expr","locations":[{"start":{"line":486,"column":34},"end":{"line":486,"column":38}},{"start":{"line":486,"column":42},"end":{"line":486,"column":50}},{"start":{"line":486,"column":54},"end":{"line":486,"column":93}}],"line":486},"36":{"loc":{"start":{"line":489,"column":16},"end":{"line":494,"column":17}},"type":"if","locations":[{"start":{"line":489,"column":16},"end":{"line":494,"column":17}},{"start":{},"end":{}}],"line":489},"37":{"loc":{"start":{"line":509,"column":16},"end":{"line":539,"column":17}},"type":"if","locations":[{"start":{"line":509,"column":16},"end":{"line":539,"column":17}},{"start":{"line":522,"column":23},"end":{"line":539,"column":17}}],"line":509}},"s":{"0":8,"1":8,"2":8,"3":0,"4":0,"5":0,"6":0,"7":0,"8":0,"9":0,"10":0,"11":0,"12":0,"13":0,"14":0,"15":0,"16":0,"17":0,"18":0,"19":0,"20":0,"21":0,"22":0,"23":0,"24":0,"25":0,"26":0,"27":0,"28":0,"29":0,"30":0,"31":0,"32":0,"33":0,"34":0,"35":0,"36":0,"37":0,"38":0,"39":0,"40":0,"41":0,"42":0,"43":0,"44":0,"45":0,"46":0,"47":0,"48":0,"49":0,"50":0,"51":0,"52":0,"53":0,"54":0,"55":0,"56":0,"57":0,"58":0,"59":0,"60":0,"61":0,"62":0,"63":0,"64":0,"65":0,"66":0,"67":0,"68":0,"69":0,"70":0,"71":0,"72":0,"73":0,"74":0,"75":0,"76":0,"77":0,"78":0,"79":0,"80":0,"81":0,"82":0,"83":0,"84":0,"85":0,"86":0,"87":0,"88":0,"89":0,"90":0,"91":0,"92":0,"93":0,"94":0,"95":0,"96":0,"97":0,"98":0,"99":0,"100":0,"101":0,"102":0,"103":0,"104":0,"105":0,"106":0,"107":0,"108":0,"109":0,"110":0,"111":0,"112":0,"113":0,"114":0,"115":0,"116":0,"117":0,"118":0,"119":0,"120":0,"121":0,"122":0,"123":0,"124":0,"125":0,"126":0,"127":0,"128":0,"129":0,"130":0,"131":0,"132":0,"133":0,"134":0,"135":0,"136":0,"137":0,"138":0,"139":0,"140":0,"141":0,"142":0,"143":0,"144":0,"145":0,"146":0,"147":0,"148":0,"149":0,"150":0,"151":0,"152":0,"153":0,"154":0,"155":0,"156":0,"157":0,"158":0,"159":0,"160":0,"161":0,"162":0,"163":0,"164":0,"165":0,"166":0,"167":0,"168":0,"169":0,"170":0,"171":0,"172":0,"173":0,"174":0,"175":0,"176":0,"177":0,"178":0,"179":0,"180":0,"181":0,"182":0,"183":0,"184":0,"185":0,"186":0,"187":0,"188":0,"189":0,"190":0,"191":0,"192":0,"193":0,"194":0,"195":0,"196":0,"197":0,"198":0,"199":0,"200":0,"201":0,"202":0,"203":0,"204":0,"205":0,"206":0,"207":0,"208":0,"209":0,"210":0,"211":0,"212":0,"213":0,"214":0,"215":0,"216":0,"217":0,"218":0,"219":0,"220":0,"221":0,"222":0,"223":0,"224":0,"225":0,"226":0,"227":0,"228":0,"229":0,"230":0,"231":0,"232":0,"233":0,"234":0,"235":0,"236":0,"237":0},"f":{"0":0,"1":0,"2":0,"3":0,"4":0,"5":0,"6":0,"7":0,"8":0,"9":0,"10":0,"11":0,"12":0,"13":0,"14":0,"15":0,"16":0,"17":0,"18":0,"19":0,"20":0,"21":0,"22":0,"23":0,"24":0,"25":0,"26":0,"27":0},"b":{"0":[0,0],"1":[0,0],"2":[0,0],"3":[0,0],"4":[0,0],"5":[0,0],"6":[0,0],"7":[0,0],"8":[0,0],"9":[0,0],"10":[0,0],"11":[0,0,0,0],"12":[0,0],"13":[0,0],"14":[0,0],"15":[0,0],"16":[0,0],"17":[0,0],"18":[0,0],"19":[0,0],"20":[0,0],"21":[0,0],"22":[0,0],"23":[0,0],"24":[0,0],"25":[0,0],"26":[0,0],"27":[0,0],"28":[0,0],"29":[0,0],"30":[0,0],"31":[0,0],"32":[0,0],"33":[0,0],"34":[0,0],"35":[0,0,0],"36":[0,0],"37":[0,0]},"inputSourceMap":null,"_coverageSchema":"1a1c01bbd47fc00a2c39e90264f33305004495a9","hash":"3aac391dfd58eccc256cbfaeb806d8afce2b7571"}
,"/home/caas23/vteam/services/rest-api/src/trip.js": {"path":"/home/caas23/vteam/services/rest-api/src/trip.js","statementMap":{"0":{"start":{"line":3,"column":31},"end":{"line":26,"column":1}},"1":{"start":{"line":4,"column":4},"end":{"line":25,"column":5}},"2":{"start":{"line":5,"column":34},"end":{"line":5,"column":66}},"3":{"start":{"line":6,"column":31},"end":{"line":6,"column":53}},"4":{"start":{"line":8,"column":24},"end":{"line":12,"column":9}},"5":{"start":{"line":13,"column":24},"end":{"line":13,"column":79}},"6":{"start":{"line":14,"column":27},"end":{"line":18,"column":9}},"7":{"start":{"line":20,"column":8},"end":{"line":20,"column":51}},"8":{"start":{"line":22,"column":8},"end":{"line":22,"column":62}},"9":{"start":{"line":24,"column":8},"end":{"line":24,"column":24}},"10":{"start":{"line":28,"column":32},"end":{"line":57,"column":1}},"11":{"start":{"line":29,"column":27},"end":{"line":29,"column":49}},"12":{"start":{"line":31,"column":4},"end":{"line":56,"column":5}},"13":{"start":{"line":32,"column":21},"end":{"line":32,"column":76}},"14":{"start":{"line":33,"column":27},"end":{"line":36,"column":9}},"15":{"start":{"line":38,"column":8},"end":{"line":40,"column":9}},"16":{"start":{"line":39,"column":12},"end":{"line":39,"column":99}},"17":{"start":{"line":41,"column":8},"end":{"line":43,"column":9}},"18":{"start":{"line":42,"column":12},"end":{"line":42,"column":121}},"19":{"start":{"line":45,"column":8},"end":{"line":53,"column":10}},"20":{"start":{"line":55,"column":8},"end":{"line":55,"column":24}},"21":{"start":{"line":59,"column":25},"end":{"line":63,"column":1}},"22":{"start":{"line":60,"column":28},"end":{"line":60,"column":51}},"23":{"start":{"line":62,"column":4},"end":{"line":62,"column":44}}},"fnMap":{"0":{"name":"(anonymous_0)","decl":{"start":{"line":3,"column":31},"end":{"line":3,"column":32}},"loc":{"start":{"line":3,"column":47},"end":{"line":26,"column":1}},"line":3},"1":{"name":"(anonymous_1)","decl":{"start":{"line":28,"column":32},"end":{"line":28,"column":33}},"loc":{"start":{"line":28,"column":48},"end":{"line":57,"column":1}},"line":28},"2":{"name":"(anonymous_2)","decl":{"start":{"line":59,"column":25},"end":{"line":59,"column":26}},"loc":{"start":{"line":59,"column":37},"end":{"line":63,"column":1}},"line":59}},"branchMap":{"0":{"loc":{"start":{"line":38,"column":8},"end":{"line":40,"column":9}},"type":"if","locations":[{"start":{"line":38,"column":8},"end":{"line":40,"column":9}},{"start":{},"end":{}}],"line":38},"1":{"loc":{"start":{"line":41,"column":8},"end":{"line":43,"column":9}},"type":"if","locations":[{"start":{"line":41,"column":8},"end":{"line":43,"column":9}},{"start":{},"end":{}}],"line":41}},"s":{"0":8,"1":1,"2":1,"3":1,"4":1,"5":1,"6":1,"7":1,"8":1,"9":0,"10":8,"11":2,"12":2,"13":2,"14":2,"15":2,"16":1,"17":2,"18":1,"19":2,"20":0,"21":8,"22":1,"23":1},"f":{"0":1,"1":2,"2":1},"b":{"0":[1,1],"1":[1,1]},"inputSourceMap":null,"_coverageSchema":"1a1c01bbd47fc00a2c39e90264f33305004495a9","hash":"d55c7d431005445030dddeec952438357cfc74c0"}
,"/home/caas23/vteam/services/rest-api/src/routes/addDataRoutes.js": {"path":"/home/caas23/vteam/services/rest-api/src/routes/addDataRoutes.js","statementMap":{"0":{"start":{"line":13,"column":15},"end":{"line":13,"column":31}},"1":{"start":{"line":22,"column":0},"end":{"line":32,"column":3}},"2":{"start":{"line":23,"column":19},"end":{"line":30,"column":5}},"3":{"start":{"line":31,"column":4},"end":{"line":31,"column":21}},"4":{"start":{"line":45,"column":0},"end":{"line":59,"column":3}},"5":{"start":{"line":46,"column":17},"end":{"line":46,"column":30}},"6":{"start":{"line":48,"column":20},"end":{"line":55,"column":5}},"7":{"start":{"line":56,"column":27},"end":{"line":56,"column":50}},"8":{"start":{"line":57,"column":19},"end":{"line":57,"column":58}},"9":{"start":{"line":58,"column":4},"end":{"line":58,"column":21}},"10":{"start":{"line":70,"column":0},"end":{"line":75,"column":3}},"11":{"start":{"line":71,"column":18},"end":{"line":71,"column":31}},"12":{"start":{"line":73,"column":19},"end":{"line":73,"column":56}},"13":{"start":{"line":74,"column":4},"end":{"line":74,"column":21}},"14":{"start":{"line":87,"column":0},"end":{"line":94,"column":3}},"15":{"start":{"line":88,"column":17},"end":{"line":88,"column":30}},"16":{"start":{"line":89,"column":18},"end":{"line":89,"column":33}},"17":{"start":{"line":91,"column":17},"end":{"line":91,"column":43}},"18":{"start":{"line":92,"column":4},"end":{"line":92,"column":46}},"19":{"start":{"line":93,"column":4},"end":{"line":93,"column":65}},"20":{"start":{"line":106,"column":0},"end":{"line":143,"column":3}},"21":{"start":{"line":107,"column":27},"end":{"line":107,"column":35}},"22":{"start":{"line":108,"column":4},"end":{"line":142,"column":5}},"23":{"start":{"line":109,"column":30},"end":{"line":120,"column":10}},"24":{"start":{"line":122,"column":8},"end":{"line":124,"column":9}},"25":{"start":{"line":123,"column":12},"end":{"line":123,"column":60}},"26":{"start":{"line":126,"column":26},"end":{"line":126,"column":52}},"27":{"start":{"line":127,"column":28},"end":{"line":127,"column":50}},"28":{"start":{"line":129,"column":29},"end":{"line":131,"column":10}},"29":{"start":{"line":133,"column":8},"end":{"line":135,"column":9}},"30":{"start":{"line":134,"column":12},"end":{"line":134,"column":57}},"31":{"start":{"line":137,"column":25},"end":{"line":137,"column":50}},"32":{"start":{"line":138,"column":8},"end":{"line":138,"column":64}},"33":{"start":{"line":140,"column":8},"end":{"line":140,"column":55}},"34":{"start":{"line":141,"column":8},"end":{"line":141,"column":65}},"35":{"start":{"line":155,"column":0},"end":{"line":179,"column":3}},"36":{"start":{"line":156,"column":29},"end":{"line":156,"column":37}},"37":{"start":{"line":158,"column":30},"end":{"line":158,"column":62}},"38":{"start":{"line":159,"column":20},"end":{"line":163,"column":5}},"39":{"start":{"line":167,"column":20},"end":{"line":175,"column":5}},"40":{"start":{"line":176,"column":27},"end":{"line":176,"column":49}},"41":{"start":{"line":177,"column":19},"end":{"line":177,"column":58}},"42":{"start":{"line":178,"column":4},"end":{"line":178,"column":21}}},"fnMap":{"0":{"name":"(anonymous_0)","decl":{"start":{"line":22,"column":16},"end":{"line":22,"column":17}},"loc":{"start":{"line":22,"column":36},"end":{"line":32,"column":1}},"line":22},"1":{"name":"(anonymous_1)","decl":{"start":{"line":45,"column":32},"end":{"line":45,"column":33}},"loc":{"start":{"line":45,"column":52},"end":{"line":59,"column":1}},"line":45},"2":{"name":"(anonymous_2)","decl":{"start":{"line":70,"column":40},"end":{"line":70,"column":41}},"loc":{"start":{"line":70,"column":60},"end":{"line":75,"column":1}},"line":70},"3":{"name":"(anonymous_3)","decl":{"start":{"line":87,"column":37},"end":{"line":87,"column":38}},"loc":{"start":{"line":87,"column":57},"end":{"line":94,"column":1}},"line":87},"4":{"name":"(anonymous_4)","decl":{"start":{"line":106,"column":28},"end":{"line":106,"column":29}},"loc":{"start":{"line":106,"column":48},"end":{"line":143,"column":1}},"line":106},"5":{"name":"(anonymous_5)","decl":{"start":{"line":155,"column":32},"end":{"line":155,"column":33}},"loc":{"start":{"line":155,"column":52},"end":{"line":179,"column":1}},"line":155}},"branchMap":{"0":{"loc":{"start":{"line":116,"column":27},"end":{"line":116,"column":145}},"type":"cond-expr","locations":[{"start":{"line":116,"column":43},"end":{"line":116,"column":68}},{"start":{"line":116,"column":71},"end":{"line":116,"column":145}}],"line":116},"1":{"loc":{"start":{"line":116,"column":71},"end":{"line":116,"column":145}},"type":"cond-expr","locations":[{"start":{"line":116,"column":89},"end":{"line":116,"column":116}},{"start":{"line":116,"column":119},"end":{"line":116,"column":145}}],"line":116},"2":{"loc":{"start":{"line":117,"column":31},"end":{"line":117,"column":161}},"type":"cond-expr","locations":[{"start":{"line":117,"column":47},"end":{"line":117,"column":76}},{"start":{"line":117,"column":79},"end":{"line":117,"column":161}}],"line":117},"3":{"loc":{"start":{"line":117,"column":79},"end":{"line":117,"column":161}},"type":"cond-expr","locations":[{"start":{"line":117,"column":97},"end":{"line":117,"column":128}},{"start":{"line":117,"column":131},"end":{"line":117,"column":161}}],"line":117},"4":{"loc":{"start":{"line":122,"column":8},"end":{"line":124,"column":9}},"type":"if","locations":[{"start":{"line":122,"column":8},"end":{"line":124,"column":9}},{"start":{},"end":{}}],"line":122},"5":{"loc":{"start":{"line":133,"column":8},"end":{"line":135,"column":9}},"type":"if","locations":[{"start":{"line":133,"column":8},"end":{"line":135,"column":9}},{"start":{},"end":{}}],"line":133}},"s":{"0":8,"1":8,"2":1,"3":1,"4":8,"5":1,"6":1,"7":1,"8":1,"9":1,"10":8,"11":1,"12":1,"13":1,"14":8,"15":0,"16":0,"17":0,"18":0,"19":0,"20":8,"21":0,"22":0,"23":0,"24":0,"25":0,"26":0,"27":0,"28":0,"29":0,"30":0,"31":0,"32":0,"33":0,"34":0,"35":8,"36":1,"37":1,"38":1,"39":1,"40":1,"41":1,"42":1},"f":{"0":1,"1":1,"2":1,"3":0,"4":0,"5":1},"b":{"0":[0,0],"1":[0,0],"2":[0,0],"3":[0,0],"4":[0,0],"5":[0,0]},"inputSourceMap":null,"_coverageSchema":"1a1c01bbd47fc00a2c39e90264f33305004495a9","hash":"61c99d06bf052df172485485dce14ae3c40ca081"}
,"/home/caas23/vteam/services/rest-api/src/routes/deleteDataRoutes.js": {"path":"/home/caas23/vteam/services/rest-api/src/routes/deleteDataRoutes.js","statementMap":{"0":{"start":{"line":12,"column":15},"end":{"line":12,"column":31}},"1":{"start":{"line":21,"column":0},"end":{"line":30,"column":3}},"2":{"start":{"line":22,"column":19},"end":{"line":28,"column":5}},"3":{"start":{"line":29,"column":4},"end":{"line":29,"column":21}},"4":{"start":{"line":43,"column":0},"end":{"line":65,"column":3}},"5":{"start":{"line":44,"column":31},"end":{"line":44,"column":41}},"6":{"start":{"line":45,"column":24},"end":{"line":49,"column":5}},"7":{"start":{"line":51,"column":27},"end":{"line":51,"column":44}},"8":{"start":{"line":52,"column":4},"end":{"line":64,"column":5}},"9":{"start":{"line":53,"column":8},"end":{"line":53,"column":90}},"10":{"start":{"line":54,"column":8},"end":{"line":54,"column":85}},"11":{"start":{"line":55,"column":8},"end":{"line":55,"column":75}},"12":{"start":{"line":57,"column":27},"end":{"line":57,"column":56}},"13":{"start":{"line":58,"column":23},"end":{"line":58,"column":73}},"14":{"start":{"line":60,"column":8},"end":{"line":60,"column":25}},"15":{"start":{"line":62,"column":8},"end":{"line":62,"column":56}},"16":{"start":{"line":63,"column":8},"end":{"line":63,"column":86}},"17":{"start":{"line":76,"column":0},"end":{"line":87,"column":3}},"18":{"start":{"line":77,"column":20},"end":{"line":77,"column":38}},"19":{"start":{"line":79,"column":4},"end":{"line":86,"column":5}},"20":{"start":{"line":80,"column":23},"end":{"line":80,"column":60}},"21":{"start":{"line":82,"column":8},"end":{"line":82,"column":25}},"22":{"start":{"line":84,"column":8},"end":{"line":84,"column":72}},"23":{"start":{"line":85,"column":8},"end":{"line":85,"column":86}},"24":{"start":{"line":98,"column":0},"end":{"line":111,"column":3}},"25":{"start":{"line":99,"column":19},"end":{"line":99,"column":37}},"26":{"start":{"line":100,"column":25},"end":{"line":100,"column":47}},"27":{"start":{"line":102,"column":4},"end":{"line":110,"column":9}},"28":{"start":{"line":103,"column":23},"end":{"line":103,"column":42}},"29":{"start":{"line":104,"column":23},"end":{"line":104,"column":61}},"30":{"start":{"line":106,"column":8},"end":{"line":106,"column":25}},"31":{"start":{"line":108,"column":12},"end":{"line":108,"column":66}},"32":{"start":{"line":109,"column":12},"end":{"line":109,"column":75}}},"fnMap":{"0":{"name":"(anonymous_0)","decl":{"start":{"line":21,"column":16},"end":{"line":21,"column":17}},"loc":{"start":{"line":21,"column":36},"end":{"line":30,"column":1}},"line":21},"1":{"name":"(anonymous_1)","decl":{"start":{"line":43,"column":45},"end":{"line":43,"column":46}},"loc":{"start":{"line":43,"column":65},"end":{"line":65,"column":1}},"line":43},"2":{"name":"(anonymous_2)","decl":{"start":{"line":76,"column":43},"end":{"line":76,"column":44}},"loc":{"start":{"line":76,"column":63},"end":{"line":87,"column":1}},"line":76},"3":{"name":"(anonymous_3)","decl":{"start":{"line":98,"column":43},"end":{"line":98,"column":44}},"loc":{"start":{"line":98,"column":63},"end":{"line":111,"column":1}},"line":98}},"branchMap":{"0":{"loc":{"start":{"line":53,"column":8},"end":{"line":53,"column":89}},"type":"cond-expr","locations":[{"start":{"line":53,"column":30},"end":{"line":53,"column":82}},{"start":{"line":53,"column":85},"end":{"line":53,"column":89}}],"line":53},"1":{"loc":{"start":{"line":54,"column":8},"end":{"line":54,"column":84}},"type":"cond-expr","locations":[{"start":{"line":54,"column":29},"end":{"line":54,"column":77}},{"start":{"line":54,"column":80},"end":{"line":54,"column":84}}],"line":54},"2":{"loc":{"start":{"line":55,"column":8},"end":{"line":55,"column":74}},"type":"cond-expr","locations":[{"start":{"line":55,"column":26},"end":{"line":55,"column":67}},{"start":{"line":55,"column":70},"end":{"line":55,"column":74}}],"line":55},"3":{"loc":{"start":{"line":108,"column":50},"end":{"line":108,"column":64}},"type":"binary-expr","locations":[{"start":{"line":108,"column":50},"end":{"line":108,"column":59}},{"start":{"line":108,"column":63},"end":{"line":108,"column":64}}],"line":108}},"s":{"0":8,"1":8,"2":1,"3":1,"4":8,"5":2,"6":2,"7":2,"8":2,"9":2,"10":2,"11":2,"12":2,"13":2,"14":1,"15":1,"16":1,"17":8,"18":1,"19":1,"20":1,"21":1,"22":0,"23":0,"24":8,"25":1,"26":1,"27":1,"28":1,"29":1,"30":1,"31":0,"32":0},"f":{"0":1,"1":2,"2":1,"3":1},"b":{"0":[0,2],"1":[1,1],"2":[0,2],"3":[0,0]},"inputSourceMap":null,"_coverageSchema":"1a1c01bbd47fc00a2c39e90264f33305004495a9","hash":"798a5bb09284d3e88c9a20d3e0d469a3fd3287af"}
,"/home/caas23/vteam/services/rest-api/src/routes/getDataRoutes.js": {"path":"/home/caas23/vteam/services/rest-api/src/routes/getDataRoutes.js","statementMap":{"0":{"start":{"line":14,"column":15},"end":{"line":14,"column":31}},"1":{"start":{"line":23,"column":0},"end":{"line":43,"column":3}},"2":{"start":{"line":24,"column":19},"end":{"line":41,"column":5}},"3":{"start":{"line":42,"column":4},"end":{"line":42,"column":21}},"4":{"start":{"line":54,"column":0},"end":{"line":57,"column":3}},"5":{"start":{"line":55,"column":22},"end":{"line":55,"column":30}},"6":{"start":{"line":56,"column":4},"end":{"line":56,"column":25}},"7":{"start":{"line":66,"column":0},"end":{"line":69,"column":3}},"8":{"start":{"line":67,"column":21},"end":{"line":67,"column":30}},"9":{"start":{"line":68,"column":4},"end":{"line":68,"column":82}},"10":{"start":{"line":79,"column":0},"end":{"line":82,"column":3}},"11":{"start":{"line":80,"column":19},"end":{"line":80,"column":41}},"12":{"start":{"line":81,"column":4},"end":{"line":81,"column":21}},"13":{"start":{"line":92,"column":0},"end":{"line":95,"column":3}},"14":{"start":{"line":93,"column":19},"end":{"line":93,"column":51}},"15":{"start":{"line":94,"column":4},"end":{"line":94,"column":21}},"16":{"start":{"line":106,"column":0},"end":{"line":116,"column":3}},"17":{"start":{"line":107,"column":21},"end":{"line":107,"column":35}},"18":{"start":{"line":110,"column":4},"end":{"line":113,"column":5}},"19":{"start":{"line":111,"column":8},"end":{"line":111,"column":70}},"20":{"start":{"line":112,"column":8},"end":{"line":112,"column":32}},"21":{"start":{"line":114,"column":4},"end":{"line":114,"column":60}},"22":{"start":{"line":115,"column":4},"end":{"line":115,"column":21}},"23":{"start":{"line":126,"column":0},"end":{"line":129,"column":3}},"24":{"start":{"line":127,"column":19},"end":{"line":127,"column":47}},"25":{"start":{"line":128,"column":4},"end":{"line":128,"column":21}},"26":{"start":{"line":140,"column":0},"end":{"line":150,"column":3}},"27":{"start":{"line":141,"column":21},"end":{"line":141,"column":35}},"28":{"start":{"line":144,"column":4},"end":{"line":147,"column":5}},"29":{"start":{"line":145,"column":8},"end":{"line":145,"column":66}},"30":{"start":{"line":146,"column":8},"end":{"line":146,"column":32}},"31":{"start":{"line":148,"column":4},"end":{"line":148,"column":56}},"32":{"start":{"line":149,"column":4},"end":{"line":149,"column":21}},"33":{"start":{"line":160,"column":0},"end":{"line":163,"column":3}},"34":{"start":{"line":161,"column":19},"end":{"line":161,"column":40}},"35":{"start":{"line":162,"column":4},"end":{"line":162,"column":21}},"36":{"start":{"line":174,"column":0},"end":{"line":178,"column":3}},"37":{"start":{"line":175,"column":21},"end":{"line":175,"column":35}},"38":{"start":{"line":176,"column":19},"end":{"line":176,"column":54}},"39":{"start":{"line":177,"column":4},"end":{"line":177,"column":21}},"40":{"start":{"line":188,"column":0},"end":{"line":191,"column":3}},"41":{"start":{"line":189,"column":19},"end":{"line":189,"column":50}},"42":{"start":{"line":190,"column":4},"end":{"line":190,"column":21}},"43":{"start":{"line":203,"column":0},"end":{"line":221,"column":3}},"44":{"start":{"line":204,"column":17},"end":{"line":204,"column":36}},"45":{"start":{"line":205,"column":19},"end":{"line":205,"column":41}},"46":{"start":{"line":206,"column":18},"end":{"line":206,"column":19}},"47":{"start":{"line":207,"column":17},"end":{"line":207,"column":35}},"48":{"start":{"line":209,"column":19},"end":{"line":209,"column":79}},"49":{"start":{"line":211,"column":4},"end":{"line":220,"column":5}},"50":{"start":{"line":212,"column":20},"end":{"line":212,"column":77}},"51":{"start":{"line":213,"column":25},"end":{"line":213,"column":71}},"52":{"start":{"line":214,"column":25},"end":{"line":214,"column":54}},"53":{"start":{"line":216,"column":6},"end":{"line":216,"column":38}},"54":{"start":{"line":218,"column":6},"end":{"line":218,"column":52}},"55":{"start":{"line":219,"column":6},"end":{"line":219,"column":51}},"56":{"start":{"line":231,"column":0},"end":{"line":234,"column":3}},"57":{"start":{"line":232,"column":19},"end":{"line":232,"column":35}},"58":{"start":{"line":233,"column":4},"end":{"line":233,"column":21}},"59":{"start":{"line":246,"column":0},"end":{"line":264,"column":3}},"60":{"start":{"line":247,"column":17},"end":{"line":247,"column":36}},"61":{"start":{"line":248,"column":19},"end":{"line":248,"column":41}},"62":{"start":{"line":249,"column":18},"end":{"line":249,"column":19}},"63":{"start":{"line":250,"column":17},"end":{"line":250,"column":35}},"64":{"start":{"line":252,"column":19},"end":{"line":252,"column":79}},"65":{"start":{"line":254,"column":4},"end":{"line":263,"column":5}},"66":{"start":{"line":255,"column":20},"end":{"line":255,"column":65}},"67":{"start":{"line":256,"column":25},"end":{"line":256,"column":59}},"68":{"start":{"line":257,"column":25},"end":{"line":257,"column":54}},"69":{"start":{"line":259,"column":6},"end":{"line":259,"column":38}},"70":{"start":{"line":261,"column":6},"end":{"line":261,"column":52}},"71":{"start":{"line":262,"column":6},"end":{"line":262,"column":51}},"72":{"start":{"line":275,"column":0},"end":{"line":279,"column":3}},"73":{"start":{"line":276,"column":20},"end":{"line":276,"column":37}},"74":{"start":{"line":277,"column":19},"end":{"line":277,"column":44}},"75":{"start":{"line":278,"column":4},"end":{"line":278,"column":21}},"76":{"start":{"line":290,"column":0},"end":{"line":294,"column":3}},"77":{"start":{"line":291,"column":15},"end":{"line":291,"column":27}},"78":{"start":{"line":292,"column":19},"end":{"line":292,"column":42}},"79":{"start":{"line":293,"column":4},"end":{"line":293,"column":21}},"80":{"start":{"line":305,"column":0},"end":{"line":309,"column":3}},"81":{"start":{"line":306,"column":17},"end":{"line":306,"column":31}},"82":{"start":{"line":307,"column":19},"end":{"line":307,"column":60}},"83":{"start":{"line":308,"column":4},"end":{"line":308,"column":21}},"84":{"start":{"line":320,"column":0},"end":{"line":325,"column":3}},"85":{"start":{"line":321,"column":20},"end":{"line":321,"column":37}},"86":{"start":{"line":322,"column":19},"end":{"line":322,"column":50}},"87":{"start":{"line":324,"column":4},"end":{"line":324,"column":21}},"88":{"start":{"line":336,"column":0},"end":{"line":346,"column":3}},"89":{"start":{"line":337,"column":22},"end":{"line":337,"column":36}},"90":{"start":{"line":340,"column":4},"end":{"line":343,"column":5}},"91":{"start":{"line":341,"column":8},"end":{"line":341,"column":56}},"92":{"start":{"line":342,"column":8},"end":{"line":342,"column":32}},"93":{"start":{"line":344,"column":4},"end":{"line":344,"column":46}},"94":{"start":{"line":345,"column":4},"end":{"line":345,"column":21}},"95":{"start":{"line":356,"column":0},"end":{"line":359,"column":3}},"96":{"start":{"line":357,"column":19},"end":{"line":357,"column":64}},"97":{"start":{"line":358,"column":4},"end":{"line":358,"column":21}},"98":{"start":{"line":369,"column":0},"end":{"line":372,"column":3}},"99":{"start":{"line":370,"column":19},"end":{"line":370,"column":65}},"100":{"start":{"line":371,"column":4},"end":{"line":371,"column":21}},"101":{"start":{"line":383,"column":0},"end":{"line":388,"column":3}},"102":{"start":{"line":384,"column":17},"end":{"line":384,"column":31}},"103":{"start":{"line":386,"column":19},"end":{"line":386,"column":74}},"104":{"start":{"line":387,"column":4},"end":{"line":387,"column":21}},"105":{"start":{"line":399,"column":0},"end":{"line":404,"column":3}},"106":{"start":{"line":400,"column":17},"end":{"line":400,"column":31}},"107":{"start":{"line":402,"column":19},"end":{"line":402,"column":77}},"108":{"start":{"line":403,"column":4},"end":{"line":403,"column":21}}},"fnMap":{"0":{"name":"(anonymous_0)","decl":{"start":{"line":23,"column":16},"end":{"line":23,"column":17}},"loc":{"start":{"line":23,"column":36},"end":{"line":43,"column":1}},"line":23},"1":{"name":"(anonymous_1)","decl":{"start":{"line":54,"column":34},"end":{"line":54,"column":35}},"loc":{"start":{"line":54,"column":48},"end":{"line":57,"column":1}},"line":54},"2":{"name":"(anonymous_2)","decl":{"start":{"line":66,"column":24},"end":{"line":66,"column":25}},"loc":{"start":{"line":66,"column":38},"end":{"line":69,"column":1}},"line":66},"3":{"name":"(anonymous_3)","decl":{"start":{"line":79,"column":37},"end":{"line":79,"column":38}},"loc":{"start":{"line":79,"column":57},"end":{"line":82,"column":1}},"line":79},"4":{"name":"(anonymous_4)","decl":{"start":{"line":92,"column":39},"end":{"line":92,"column":40}},"loc":{"start":{"line":92,"column":59},"end":{"line":95,"column":1}},"line":92},"5":{"name":"(anonymous_5)","decl":{"start":{"line":106,"column":47},"end":{"line":106,"column":48}},"loc":{"start":{"line":106,"column":67},"end":{"line":116,"column":1}},"line":106},"6":{"name":"(anonymous_6)","decl":{"start":{"line":126,"column":38},"end":{"line":126,"column":39}},"loc":{"start":{"line":126,"column":58},"end":{"line":129,"column":1}},"line":126},"7":{"name":"(anonymous_7)","decl":{"start":{"line":140,"column":46},"end":{"line":140,"column":47}},"loc":{"start":{"line":140,"column":66},"end":{"line":150,"column":1}},"line":140},"8":{"name":"(anonymous_8)","decl":{"start":{"line":160,"column":36},"end":{"line":160,"column":37}},"loc":{"start":{"line":160,"column":56},"end":{"line":163,"column":1}},"line":160},"9":{"name":"(anonymous_9)","decl":{"start":{"line":174,"column":44},"end":{"line":174,"column":45}},"loc":{"start":{"line":174,"column":64},"end":{"line":178,"column":1}},"line":174},"10":{"name":"(anonymous_10)","decl":{"start":{"line":188,"column":36},"end":{"line":188,"column":37}},"loc":{"start":{"line":188,"column":56},"end":{"line":191,"column":1}},"line":188},"11":{"name":"(anonymous_11)","decl":{"start":{"line":203,"column":47},"end":{"line":203,"column":48}},"loc":{"start":{"line":203,"column":67},"end":{"line":221,"column":1}},"line":203},"12":{"name":"(anonymous_12)","decl":{"start":{"line":231,"column":36},"end":{"line":231,"column":37}},"loc":{"start":{"line":231,"column":56},"end":{"line":234,"column":1}},"line":231},"13":{"name":"(anonymous_13)","decl":{"start":{"line":246,"column":47},"end":{"line":246,"column":48}},"loc":{"start":{"line":246,"column":67},"end":{"line":264,"column":1}},"line":246},"14":{"name":"(anonymous_14)","decl":{"start":{"line":275,"column":35},"end":{"line":275,"column":36}},"loc":{"start":{"line":275,"column":55},"end":{"line":279,"column":1}},"line":275},"15":{"name":"(anonymous_15)","decl":{"start":{"line":290,"column":39},"end":{"line":290,"column":40}},"loc":{"start":{"line":290,"column":59},"end":{"line":294,"column":1}},"line":290},"16":{"name":"(anonymous_16)","decl":{"start":{"line":305,"column":44},"end":{"line":305,"column":45}},"loc":{"start":{"line":305,"column":64},"end":{"line":309,"column":1}},"line":305},"17":{"name":"(anonymous_17)","decl":{"start":{"line":320,"column":36},"end":{"line":320,"column":37}},"loc":{"start":{"line":320,"column":56},"end":{"line":325,"column":1}},"line":320},"18":{"name":"(anonymous_18)","decl":{"start":{"line":336,"column":36},"end":{"line":336,"column":37}},"loc":{"start":{"line":336,"column":56},"end":{"line":346,"column":1}},"line":336},"19":{"name":"(anonymous_19)","decl":{"start":{"line":356,"column":36},"end":{"line":356,"column":37}},"loc":{"start":{"line":356,"column":56},"end":{"line":359,"column":1}},"line":356},"20":{"name":"(anonymous_20)","decl":{"start":{"line":369,"column":37},"end":{"line":369,"column":38}},"loc":{"start":{"line":369,"column":57},"end":{"line":372,"column":1}},"line":369},"21":{"name":"(anonymous_21)","decl":{"start":{"line":383,"column":35},"end":{"line":383,"column":36}},"loc":{"start":{"line":383,"column":55},"end":{"line":388,"column":1}},"line":383},"22":{"name":"(anonymous_22)","decl":{"start":{"line":399,"column":35},"end":{"line":399,"column":36}},"loc":{"start":{"line":399,"column":55},"end":{"line":404,"column":1}},"line":399}},"branchMap":{"0":{"loc":{"start":{"line":110,"column":4},"end":{"line":113,"column":5}},"type":"if","locations":[{"start":{"line":110,"column":4},"end":{"line":113,"column":5}},{"start":{},"end":{}}],"line":110},"1":{"loc":{"start":{"line":144,"column":4},"end":{"line":147,"column":5}},"type":"if","locations":[{"start":{"line":144,"column":4},"end":{"line":147,"column":5}},{"start":{},"end":{}}],"line":144},"2":{"loc":{"start":{"line":204,"column":17},"end":{"line":204,"column":36}},"type":"binary-expr","locations":[{"start":{"line":204,"column":17},"end":{"line":204,"column":31}},{"start":{"line":204,"column":35},"end":{"line":204,"column":36}}],"line":204},"3":{"loc":{"start":{"line":205,"column":19},"end":{"line":205,"column":41}},"type":"binary-expr","locations":[{"start":{"line":205,"column":19},"end":{"line":205,"column":35}},{"start":{"line":205,"column":39},"end":{"line":205,"column":41}}],"line":205},"4":{"loc":{"start":{"line":209,"column":19},"end":{"line":209,"column":79}},"type":"cond-expr","locations":[{"start":{"line":209,"column":28},"end":{"line":209,"column":74}},{"start":{"line":209,"column":77},"end":{"line":209,"column":79}}],"line":209},"5":{"loc":{"start":{"line":247,"column":17},"end":{"line":247,"column":36}},"type":"binary-expr","locations":[{"start":{"line":247,"column":17},"end":{"line":247,"column":31}},{"start":{"line":247,"column":35},"end":{"line":247,"column":36}}],"line":247},"6":{"loc":{"start":{"line":248,"column":19},"end":{"line":248,"column":41}},"type":"binary-expr","locations":[{"start":{"line":248,"column":19},"end":{"line":248,"column":35}},{"start":{"line":248,"column":39},"end":{"line":248,"column":41}}],"line":248},"7":{"loc":{"start":{"line":252,"column":19},"end":{"line":252,"column":79}},"type":"cond-expr","locations":[{"start":{"line":252,"column":28},"end":{"line":252,"column":74}},{"start":{"line":252,"column":77},"end":{"line":252,"column":79}}],"line":252},"8":{"loc":{"start":{"line":340,"column":4},"end":{"line":343,"column":5}},"type":"if","locations":[{"start":{"line":340,"column":4},"end":{"line":343,"column":5}},{"start":{},"end":{}}],"line":340}},"s":{"0":8,"1":8,"2":1,"3":1,"4":8,"5":0,"6":0,"7":8,"8":0,"9":0,"10":8,"11":1,"12":1,"13":8,"14":1,"15":1,"16":8,"17":2,"18":2,"19":1,"20":1,"21":1,"22":1,"23":8,"24":1,"25":1,"26":8,"27":2,"28":2,"29":1,"30":1,"31":1,"32":1,"33":8,"34":1,"35":1,"36":8,"37":1,"38":1,"39":1,"40":8,"41":1,"42":1,"43":8,"44":1,"45":1,"46":1,"47":1,"48":1,"49":1,"50":1,"51":1,"52":1,"53":1,"54":0,"55":0,"56":8,"57":1,"58":1,"59":8,"60":1,"61":1,"62":1,"63":1,"64":1,"65":1,"66":1,"67":1,"68":1,"69":1,"70":0,"71":0,"72":8,"73":1,"74":1,"75":1,"76":8,"77":1,"78":1,"79":1,"80":8,"81":1,"82":1,"83":1,"84":8,"85":1,"86":1,"87":1,"88":8,"89":2,"90":2,"91":1,"92":1,"93":1,"94":1,"95":8,"96":1,"97":1,"98":8,"99":1,"100":1,"101":8,"102":1,"103":1,"104":1,"105":8,"106":1,"107":1,"108":1},"f":{"0":1,"1":0,"2":0,"3":1,"4":1,"5":2,"6":1,"7":2,"8":1,"9":1,"10":1,"11":1,"12":1,"13":1,"14":1,"15":1,"16":1,"17":1,"18":2,"19":1,"20":1,"21":1,"22":1},"b":{"0":[1,1],"1":[1,1],"2":[1,0],"3":[1,1],"4":[0,1],"5":[1,0],"6":[1,1],"7":[0,1],"8":[1,1]},"inputSourceMap":null,"_coverageSchema":"1a1c01bbd47fc00a2c39e90264f33305004495a9","hash":"c6c854dabb7fe38ca23e63965e5bd713a910131e"}
,"/home/caas23/vteam/services/rest-api/src/routes/serviceRoutes.js": {"path":"/home/caas23/vteam/services/rest-api/src/routes/serviceRoutes.js","statementMap":{"0":{"start":{"line":10,"column":15},"end":{"line":10,"column":31}},"1":{"start":{"line":19,"column":0},"end":{"line":21,"column":3}},"2":{"start":{"line":20,"column":4},"end":{"line":20,"column":50}},"3":{"start":{"line":32,"column":0},"end":{"line":37,"column":3}},"4":{"start":{"line":33,"column":17},"end":{"line":33,"column":33}},"5":{"start":{"line":34,"column":19},"end":{"line":34,"column":58}},"6":{"start":{"line":36,"column":4},"end":{"line":36,"column":21}},"7":{"start":{"line":48,"column":0},"end":{"line":53,"column":3}},"8":{"start":{"line":49,"column":17},"end":{"line":49,"column":33}},"9":{"start":{"line":50,"column":19},"end":{"line":50,"column":59}},"10":{"start":{"line":52,"column":4},"end":{"line":52,"column":21}}},"fnMap":{"0":{"name":"(anonymous_0)","decl":{"start":{"line":19,"column":16},"end":{"line":19,"column":17}},"loc":{"start":{"line":19,"column":36},"end":{"line":21,"column":1}},"line":19},"1":{"name":"(anonymous_1)","decl":{"start":{"line":32,"column":31},"end":{"line":32,"column":32}},"loc":{"start":{"line":32,"column":51},"end":{"line":37,"column":1}},"line":32},"2":{"name":"(anonymous_2)","decl":{"start":{"line":48,"column":40},"end":{"line":48,"column":41}},"loc":{"start":{"line":48,"column":60},"end":{"line":53,"column":1}},"line":48}},"branchMap":{},"s":{"0":8,"1":8,"2":1,"3":8,"4":1,"5":1,"6":1,"7":8,"8":1,"9":1,"10":1},"f":{"0":1,"1":1,"2":1},"b":{},"inputSourceMap":null,"_coverageSchema":"1a1c01bbd47fc00a2c39e90264f33305004495a9","hash":"6f427b858e22e64aeaec9b6cae5451e9d9695e43"}
,"/home/caas23/vteam/services/rest-api/src/routes/updateDataRoutes.js": {"path":"/home/caas23/vteam/services/rest-api/src/routes/updateDataRoutes.js","statementMap":{"0":{"start":{"line":11,"column":15},"end":{"line":11,"column":31}},"1":{"start":{"line":20,"column":0},"end":{"line":31,"column":3}},"2":{"start":{"line":21,"column":19},"end":{"line":29,"column":5}},"3":{"start":{"line":30,"column":4},"end":{"line":30,"column":21}},"4":{"start":{"line":43,"column":0},"end":{"line":53,"column":3}},"5":{"start":{"line":44,"column":24},"end":{"line":44,"column":32}},"6":{"start":{"line":45,"column":30},"end":{"line":45,"column":59}},"7":{"start":{"line":46,"column":19},"end":{"line":51,"column":5}},"8":{"start":{"line":52,"column":4},"end":{"line":52,"column":21}},"9":{"start":{"line":65,"column":0},"end":{"line":76,"column":3}},"10":{"start":{"line":66,"column":27},"end":{"line":66,"column":35}},"11":{"start":{"line":67,"column":27},"end":{"line":67,"column":60}},"12":{"start":{"line":68,"column":19},"end":{"line":73,"column":5}},"13":{"start":{"line":75,"column":4},"end":{"line":75,"column":21}},"14":{"start":{"line":88,"column":0},"end":{"line":99,"column":3}},"15":{"start":{"line":89,"column":24},"end":{"line":89,"column":32}},"16":{"start":{"line":90,"column":27},"end":{"line":90,"column":54}},"17":{"start":{"line":91,"column":19},"end":{"line":96,"column":5}},"18":{"start":{"line":98,"column":4},"end":{"line":98,"column":21}},"19":{"start":{"line":110,"column":0},"end":{"line":124,"column":3}},"20":{"start":{"line":111,"column":17},"end":{"line":111,"column":33}},"21":{"start":{"line":112,"column":25},"end":{"line":112,"column":47}},"22":{"start":{"line":114,"column":19},"end":{"line":122,"column":5}},"23":{"start":{"line":123,"column":4},"end":{"line":123,"column":21}},"24":{"start":{"line":135,"column":0},"end":{"line":149,"column":3}},"25":{"start":{"line":136,"column":17},"end":{"line":136,"column":33}},"26":{"start":{"line":137,"column":25},"end":{"line":137,"column":47}},"27":{"start":{"line":139,"column":19},"end":{"line":147,"column":5}},"28":{"start":{"line":148,"column":4},"end":{"line":148,"column":21}},"29":{"start":{"line":162,"column":0},"end":{"line":177,"column":3}},"30":{"start":{"line":163,"column":36},"end":{"line":163,"column":44}},"31":{"start":{"line":164,"column":25},"end":{"line":164,"column":47}},"32":{"start":{"line":166,"column":19},"end":{"line":175,"column":5}},"33":{"start":{"line":176,"column":4},"end":{"line":176,"column":21}},"34":{"start":{"line":190,"column":0},"end":{"line":195,"column":3}},"35":{"start":{"line":191,"column":36},"end":{"line":191,"column":44}},"36":{"start":{"line":193,"column":4},"end":{"line":193,"column":50}},"37":{"start":{"line":194,"column":4},"end":{"line":194,"column":52}},"38":{"start":{"line":207,"column":0},"end":{"line":221,"column":3}},"39":{"start":{"line":208,"column":34},"end":{"line":208,"column":42}},"40":{"start":{"line":209,"column":25},"end":{"line":209,"column":47}},"41":{"start":{"line":211,"column":19},"end":{"line":219,"column":5}},"42":{"start":{"line":220,"column":4},"end":{"line":220,"column":21}}},"fnMap":{"0":{"name":"(anonymous_0)","decl":{"start":{"line":20,"column":16},"end":{"line":20,"column":17}},"loc":{"start":{"line":20,"column":36},"end":{"line":31,"column":1}},"line":20},"1":{"name":"(anonymous_1)","decl":{"start":{"line":43,"column":34},"end":{"line":43,"column":35}},"loc":{"start":{"line":43,"column":54},"end":{"line":53,"column":1}},"line":43},"2":{"name":"(anonymous_2)","decl":{"start":{"line":65,"column":35},"end":{"line":65,"column":36}},"loc":{"start":{"line":65,"column":55},"end":{"line":76,"column":1}},"line":65},"3":{"name":"(anonymous_3)","decl":{"start":{"line":88,"column":31},"end":{"line":88,"column":32}},"loc":{"start":{"line":88,"column":51},"end":{"line":99,"column":1}},"line":88},"4":{"name":"(anonymous_4)","decl":{"start":{"line":110,"column":35},"end":{"line":110,"column":36}},"loc":{"start":{"line":110,"column":55},"end":{"line":124,"column":1}},"line":110},"5":{"name":"(anonymous_5)","decl":{"start":{"line":135,"column":41},"end":{"line":135,"column":42}},"loc":{"start":{"line":135,"column":61},"end":{"line":149,"column":1}},"line":135},"6":{"name":"(anonymous_6)","decl":{"start":{"line":162,"column":39},"end":{"line":162,"column":40}},"loc":{"start":{"line":162,"column":59},"end":{"line":177,"column":1}},"line":162},"7":{"name":"(anonymous_7)","decl":{"start":{"line":190,"column":45},"end":{"line":190,"column":46}},"loc":{"start":{"line":190,"column":65},"end":{"line":195,"column":1}},"line":190},"8":{"name":"(anonymous_8)","decl":{"start":{"line":207,"column":39},"end":{"line":207,"column":40}},"loc":{"start":{"line":207,"column":59},"end":{"line":221,"column":1}},"line":207}},"branchMap":{},"s":{"0":8,"1":8,"2":1,"3":1,"4":8,"5":1,"6":1,"7":1,"8":1,"9":8,"10":1,"11":1,"12":1,"13":1,"14":8,"15":1,"16":1,"17":1,"18":1,"19":8,"20":1,"21":1,"22":1,"23":1,"24":8,"25":1,"26":1,"27":1,"28":1,"29":8,"30":1,"31":1,"32":1,"33":1,"34":8,"35":0,"36":0,"37":0,"38":8,"39":1,"40":1,"41":1,"42":1},"f":{"0":1,"1":1,"2":1,"3":1,"4":1,"5":1,"6":1,"7":0,"8":1},"b":{},"inputSourceMap":null,"_coverageSchema":"1a1c01bbd47fc00a2c39e90264f33305004495a9","hash":"84bfc6bc48758638f9a6ae68291eaff5349740a4"}
}
