{"/home/caas23/vteam/services/rest-api/src/app.js": {"path":"/home/caas23/vteam/services/rest-api/src/app.js","statementMap":{"0":{"start":{"line":19,"column":0},"end":{"line":19,"column":16}},"1":{"start":{"line":21,"column":12},"end":{"line":21,"column":21}},"2":{"start":{"line":22,"column":19},"end":{"line":22,"column":41}},"3":{"start":{"line":23,"column":11},"end":{"line":28,"column":2}},"4":{"start":{"line":30,"column":0},"end":{"line":30,"column":24}},"5":{"start":{"line":31,"column":0},"end":{"line":31,"column":48}},"6":{"start":{"line":32,"column":0},"end":{"line":32,"column":16}},"7":{"start":{"line":33,"column":0},"end":{"line":33,"column":18}},"8":{"start":{"line":35,"column":0},"end":{"line":35,"column":21}},"9":{"start":{"line":36,"column":0},"end":{"line":36,"column":21}},"10":{"start":{"line":37,"column":0},"end":{"line":37,"column":27}},"11":{"start":{"line":38,"column":0},"end":{"line":38,"column":24}},"12":{"start":{"line":39,"column":0},"end":{"line":39,"column":29}},"13":{"start":{"line":41,"column":0},"end":{"line":52,"column":3}},"14":{"start":{"line":42,"column":19},"end":{"line":50,"column":5}},"15":{"start":{"line":51,"column":4},"end":{"line":51,"column":21}},"16":{"start":{"line":54,"column":24},"end":{"line":54,"column":33}},"17":{"start":{"line":55,"column":24},"end":{"line":55,"column":29}},"18":{"start":{"line":57,"column":0},"end":{"line":230,"column":3}},"19":{"start":{"line":59,"column":4},"end":{"line":68,"column":6}},"20":{"start":{"line":60,"column":8},"end":{"line":60,"column":33}},"21":{"start":{"line":62,"column":8},"end":{"line":67,"column":9}},"22":{"start":{"line":63,"column":12},"end":{"line":65,"column":13}},"23":{"start":{"line":64,"column":16},"end":{"line":64,"column":62}},"24":{"start":{"line":66,"column":12},"end":{"line":66,"column":36}},"25":{"start":{"line":70,"column":4},"end":{"line":72,"column":6}},"26":{"start":{"line":71,"column":8},"end":{"line":71,"column":34}},"27":{"start":{"line":77,"column":4},"end":{"line":137,"column":7}},"28":{"start":{"line":78,"column":23},"end":{"line":78,"column":40}},"29":{"start":{"line":79,"column":20},"end":{"line":79,"column":36}},"30":{"start":{"line":80,"column":23},"end":{"line":80,"column":32}},"31":{"start":{"line":83,"column":8},"end":{"line":88,"column":9}},"32":{"start":{"line":84,"column":12},"end":{"line":84,"column":44}},"33":{"start":{"line":85,"column":12},"end":{"line":85,"column":36}},"34":{"start":{"line":87,"column":12},"end":{"line":87,"column":35}},"35":{"start":{"line":90,"column":24},"end":{"line":90,"column":34}},"36":{"start":{"line":91,"column":33},"end":{"line":91,"column":77}},"37":{"start":{"line":92,"column":20},"end":{"line":92,"column":95}},"38":{"start":{"line":93,"column":22},"end":{"line":93,"column":68}},"39":{"start":{"line":94,"column":24},"end":{"line":94,"column":87}},"40":{"start":{"line":95,"column":25},"end":{"line":95,"column":60}},"41":{"start":{"line":98,"column":8},"end":{"line":118,"column":9}},"42":{"start":{"line":99,"column":12},"end":{"line":108,"column":13}},"43":{"start":{"line":110,"column":12},"end":{"line":117,"column":13}},"44":{"start":{"line":120,"column":21},"end":{"line":126,"column":9}},"45":{"start":{"line":128,"column":8},"end":{"line":128,"column":63}},"46":{"start":{"line":129,"column":8},"end":{"line":129,"column":44}},"47":{"start":{"line":130,"column":8},"end":{"line":130,"column":63}},"48":{"start":{"line":132,"column":8},"end":{"line":132,"column":37}},"49":{"start":{"line":133,"column":8},"end":{"line":133,"column":43}},"50":{"start":{"line":134,"column":8},"end":{"line":134,"column":48}},"51":{"start":{"line":135,"column":8},"end":{"line":135,"column":46}},"52":{"start":{"line":136,"column":8},"end":{"line":136,"column":55}},"53":{"start":{"line":139,"column":4},"end":{"line":167,"column":7}},"54":{"start":{"line":141,"column":8},"end":{"line":145,"column":10}},"55":{"start":{"line":147,"column":8},"end":{"line":152,"column":11}},"56":{"start":{"line":154,"column":21},"end":{"line":157,"column":9}},"57":{"start":{"line":159,"column":30},"end":{"line":159,"column":57}},"58":{"start":{"line":161,"column":8},"end":{"line":165,"column":10}},"59":{"start":{"line":169,"column":4},"end":{"line":225,"column":7}},"60":{"start":{"line":171,"column":8},"end":{"line":175,"column":11}},"61":{"start":{"line":177,"column":8},"end":{"line":177,"column":58}},"62":{"start":{"line":179,"column":8},"end":{"line":184,"column":10}},"63":{"start":{"line":189,"column":27},"end":{"line":189,"column":62}},"64":{"start":{"line":190,"column":27},"end":{"line":190,"column":39}},"65":{"start":{"line":191,"column":29},"end":{"line":191,"column":42}},"66":{"start":{"line":192,"column":25},"end":{"line":192,"column":53}},"67":{"start":{"line":193,"column":30},"end":{"line":193,"column":31}},"68":{"start":{"line":195,"column":8},"end":{"line":199,"column":9}},"69":{"start":{"line":196,"column":12},"end":{"line":196,"column":32}},"70":{"start":{"line":197,"column":15},"end":{"line":199,"column":9}},"71":{"start":{"line":198,"column":12},"end":{"line":198,"column":33}},"72":{"start":{"line":201,"column":27},"end":{"line":201,"column":80}},"73":{"start":{"line":202,"column":21},"end":{"line":207,"column":9}},"74":{"start":{"line":209,"column":21},"end":{"line":217,"column":9}},"75":{"start":{"line":219,"column":8},"end":{"line":219,"column":47}},"76":{"start":{"line":220,"column":8},"end":{"line":220,"column":37}},"77":{"start":{"line":221,"column":8},"end":{"line":221,"column":48}},"78":{"start":{"line":222,"column":8},"end":{"line":222,"column":48}},"79":{"start":{"line":223,"column":8},"end":{"line":223,"column":70}},"80":{"start":{"line":224,"column":8},"end":{"line":224,"column":83}},"81":{"start":{"line":227,"column":4},"end":{"line":229,"column":7}},"82":{"start":{"line":233,"column":22},"end":{"line":261,"column":1}},"83":{"start":{"line":234,"column":4},"end":{"line":260,"column":5}},"84":{"start":{"line":236,"column":23},"end":{"line":236,"column":69}},"85":{"start":{"line":237,"column":22},"end":{"line":237,"column":27}},"86":{"start":{"line":238,"column":19},"end":{"line":238,"column":24}},"87":{"start":{"line":240,"column":8},"end":{"line":249,"column":9}},"88":{"start":{"line":242,"column":12},"end":{"line":242,"column":56}},"89":{"start":{"line":244,"column":12},"end":{"line":248,"column":13}},"90":{"start":{"line":245,"column":16},"end":{"line":245,"column":28}},"91":{"start":{"line":247,"column":16},"end":{"line":247,"column":67}},"92":{"start":{"line":252,"column":8},"end":{"line":254,"column":9}},"93":{"start":{"line":253,"column":12},"end":{"line":253,"column":66}},"94":{"start":{"line":257,"column":8},"end":{"line":257,"column":46}},"95":{"start":{"line":268,"column":26},"end":{"line":284,"column":1}},"96":{"start":{"line":269,"column":14},"end":{"line":269,"column":18}},"97":{"start":{"line":270,"column":18},"end":{"line":270,"column":48}},"98":{"start":{"line":270,"column":27},"end":{"line":270,"column":48}},"99":{"start":{"line":272,"column":17},"end":{"line":272,"column":45}},"100":{"start":{"line":273,"column":17},"end":{"line":273,"column":45}},"101":{"start":{"line":275,"column":17},"end":{"line":275,"column":33}},"102":{"start":{"line":276,"column":17},"end":{"line":276,"column":33}},"103":{"start":{"line":278,"column":14},"end":{"line":280,"column":53}},"104":{"start":{"line":282,"column":14},"end":{"line":282,"column":60}},"105":{"start":{"line":283,"column":4},"end":{"line":283,"column":17}},"106":{"start":{"line":289,"column":21},"end":{"line":289,"column":67}},"107":{"start":{"line":290,"column":21},"end":{"line":290,"column":67}},"108":{"start":{"line":293,"column":23},"end":{"line":293,"column":76}},"109":{"start":{"line":296,"column":24},"end":{"line":296,"column":70}},"110":{"start":{"line":297,"column":24},"end":{"line":297,"column":70}},"111":{"start":{"line":300,"column":21},"end":{"line":300,"column":61}},"112":{"start":{"line":303,"column":18},"end":{"line":303,"column":64}},"113":{"start":{"line":306,"column":4},"end":{"line":306,"column":35}},"114":{"start":{"line":323,"column":4},"end":{"line":326,"column":20}},"115":{"start":{"line":323,"column":20},"end":{"line":323,"column":31}},"116":{"start":{"line":324,"column":9},"end":{"line":326,"column":20}},"117":{"start":{"line":324,"column":26},"end":{"line":324,"column":37}},"118":{"start":{"line":325,"column":9},"end":{"line":326,"column":20}},"119":{"start":{"line":325,"column":26},"end":{"line":325,"column":37}},"120":{"start":{"line":326,"column":9},"end":{"line":326,"column":20}},"121":{"start":{"line":346,"column":4},"end":{"line":356,"column":5}},"122":{"start":{"line":347,"column":8},"end":{"line":347,"column":44}},"123":{"start":{"line":348,"column":11},"end":{"line":356,"column":5}},"124":{"start":{"line":349,"column":8},"end":{"line":349,"column":44}},"125":{"start":{"line":350,"column":11},"end":{"line":356,"column":5}},"126":{"start":{"line":351,"column":8},"end":{"line":351,"column":45}},"127":{"start":{"line":352,"column":11},"end":{"line":356,"column":5}},"128":{"start":{"line":353,"column":8},"end":{"line":353,"column":47}},"129":{"start":{"line":355,"column":8},"end":{"line":355,"column":47}},"130":{"start":{"line":357,"column":4},"end":{"line":357,"column":17}},"131":{"start":{"line":361,"column":24},"end":{"line":361,"column":42}},"132":{"start":{"line":362,"column":21},"end":{"line":362,"column":23}},"133":{"start":{"line":366,"column":4},"end":{"line":366,"column":30}},"134":{"start":{"line":367,"column":4},"end":{"line":367,"column":44}},"135":{"start":{"line":372,"column":19},"end":{"line":372,"column":31}},"136":{"start":{"line":373,"column":4},"end":{"line":373,"column":70}},"137":{"start":{"line":373,"column":48},"end":{"line":373,"column":68}},"138":{"start":{"line":381,"column":4},"end":{"line":387,"column":5}},"139":{"start":{"line":382,"column":8},"end":{"line":382,"column":68}},"140":{"start":{"line":383,"column":11},"end":{"line":387,"column":5}},"141":{"start":{"line":384,"column":8},"end":{"line":384,"column":67}},"142":{"start":{"line":385,"column":11},"end":{"line":387,"column":5}},"143":{"start":{"line":386,"column":8},"end":{"line":386,"column":67}},"144":{"start":{"line":388,"column":23},"end":{"line":391,"column":5}},"145":{"start":{"line":393,"column":4},"end":{"line":393,"column":48}},"146":{"start":{"line":394,"column":4},"end":{"line":394,"column":44}},"147":{"start":{"line":395,"column":4},"end":{"line":395,"column":51}},"148":{"start":{"line":405,"column":4},"end":{"line":415,"column":7}},"149":{"start":{"line":406,"column":8},"end":{"line":414,"column":18}},"150":{"start":{"line":407,"column":12},"end":{"line":407,"column":89}},"151":{"start":{"line":408,"column":12},"end":{"line":408,"column":100}},"152":{"start":{"line":410,"column":12},"end":{"line":413,"column":13}},"153":{"start":{"line":411,"column":16},"end":{"line":411,"column":53}},"154":{"start":{"line":412,"column":16},"end":{"line":412,"column":45}},"155":{"start":{"line":418,"column":4},"end":{"line":420,"column":7}},"156":{"start":{"line":419,"column":8},"end":{"line":419,"column":56}},"157":{"start":{"line":423,"column":21},"end":{"line":423,"column":30}},"158":{"start":{"line":479,"column":4},"end":{"line":479,"column":23}},"159":{"start":{"line":482,"column":18},"end":{"line":482,"column":49}},"160":{"start":{"line":485,"column":26},"end":{"line":485,"column":68}},"161":{"start":{"line":485,"column":47},"end":{"line":485,"column":67}},"162":{"start":{"line":487,"column":4},"end":{"line":489,"column":5}},"163":{"start":{"line":488,"column":8},"end":{"line":488,"column":40}},"164":{"start":{"line":492,"column":19},"end":{"line":492,"column":69}},"165":{"start":{"line":492,"column":55},"end":{"line":492,"column":68}},"166":{"start":{"line":495,"column":22},"end":{"line":495,"column":24}},"167":{"start":{"line":496,"column":28},"end":{"line":496,"column":29}},"168":{"start":{"line":498,"column":26},"end":{"line":559,"column":5}},"169":{"start":{"line":502,"column":22},"end":{"line":502,"column":102}},"170":{"start":{"line":504,"column":8},"end":{"line":551,"column":9}},"171":{"start":{"line":505,"column":12},"end":{"line":505,"column":82}},"172":{"start":{"line":505,"column":49},"end":{"line":505,"column":78}},"173":{"start":{"line":506,"column":12},"end":{"line":506,"column":72}},"174":{"start":{"line":506,"column":63},"end":{"line":506,"column":72}},"175":{"start":{"line":509,"column":25},"end":{"line":512,"column":13}},"176":{"start":{"line":514,"column":42},"end":{"line":514,"column":69}},"177":{"start":{"line":518,"column":12},"end":{"line":521,"column":47}},"178":{"start":{"line":519,"column":37},"end":{"line":519,"column":73}},"179":{"start":{"line":520,"column":16},"end":{"line":520,"column":70}},"180":{"start":{"line":522,"column":12},"end":{"line":522,"column":36}},"181":{"start":{"line":524,"column":25},"end":{"line":524,"column":44}},"182":{"start":{"line":525,"column":26},"end":{"line":525,"column":58}},"183":{"start":{"line":529,"column":12},"end":{"line":529,"column":48}},"184":{"start":{"line":534,"column":12},"end":{"line":538,"column":13}},"185":{"start":{"line":535,"column":16},"end":{"line":535,"column":58}},"186":{"start":{"line":537,"column":16},"end":{"line":537,"column":50}},"187":{"start":{"line":540,"column":12},"end":{"line":540,"column":80}},"188":{"start":{"line":542,"column":35},"end":{"line":549,"column":13}},"189":{"start":{"line":550,"column":12},"end":{"line":550,"column":46}},"190":{"start":{"line":553,"column":8},"end":{"line":553,"column":28}},"191":{"start":{"line":555,"column":8},"end":{"line":558,"column":9}},"192":{"start":{"line":557,"column":12},"end":{"line":557,"column":45}},"193":{"start":{"line":562,"column":4},"end":{"line":562,"column":20}},"194":{"start":{"line":565,"column":17},"end":{"line":565,"column":19}},"195":{"start":{"line":573,"column":64},"end":{"line":573,"column":78}},"196":{"start":{"line":574,"column":16},"end":{"line":574,"column":17}},"197":{"start":{"line":575,"column":16},"end":{"line":575,"column":17}},"198":{"start":{"line":576,"column":24},"end":{"line":576,"column":31}},"199":{"start":{"line":577,"column":26},"end":{"line":577,"column":27}},"200":{"start":{"line":578,"column":26},"end":{"line":578,"column":27}},"201":{"start":{"line":579,"column":32},"end":{"line":579,"column":33}},"202":{"start":{"line":580,"column":24},"end":{"line":580,"column":26}},"203":{"start":{"line":581,"column":21},"end":{"line":581,"column":25}},"204":{"start":{"line":583,"column":4},"end":{"line":590,"column":6}},"205":{"start":{"line":591,"column":16},"end":{"line":591,"column":32}},"206":{"start":{"line":593,"column":21},"end":{"line":693,"column":5}},"207":{"start":{"line":594,"column":8},"end":{"line":692,"column":9}},"208":{"start":{"line":596,"column":28},"end":{"line":596,"column":40}},"209":{"start":{"line":597,"column":25},"end":{"line":597,"column":41}},"210":{"start":{"line":598,"column":29},"end":{"line":598,"column":45}},"211":{"start":{"line":601,"column":30},"end":{"line":601,"column":89}},"212":{"start":{"line":604,"column":12},"end":{"line":609,"column":13}},"213":{"start":{"line":605,"column":16},"end":{"line":605,"column":67}},"214":{"start":{"line":608,"column":16},"end":{"line":608,"column":68}},"215":{"start":{"line":612,"column":36},"end":{"line":612,"column":70}},"216":{"start":{"line":613,"column":12},"end":{"line":613,"column":47}},"217":{"start":{"line":614,"column":12},"end":{"line":614,"column":53}},"218":{"start":{"line":615,"column":12},"end":{"line":615,"column":40}},"219":{"start":{"line":619,"column":33},"end":{"line":619,"column":61}},"220":{"start":{"line":620,"column":34},"end":{"line":620,"column":54}},"221":{"start":{"line":621,"column":12},"end":{"line":621,"column":57}},"222":{"start":{"line":622,"column":12},"end":{"line":622,"column":44}},"223":{"start":{"line":625,"column":12},"end":{"line":655,"column":13}},"224":{"start":{"line":626,"column":16},"end":{"line":631,"column":19}},"225":{"start":{"line":633,"column":16},"end":{"line":633,"column":36}},"226":{"start":{"line":636,"column":16},"end":{"line":636,"column":36}},"227":{"start":{"line":637,"column":16},"end":{"line":637,"column":24}},"228":{"start":{"line":641,"column":40},"end":{"line":641,"column":73}},"229":{"start":{"line":642,"column":36},"end":{"line":642,"column":89}},"230":{"start":{"line":643,"column":36},"end":{"line":643,"column":89}},"231":{"start":{"line":644,"column":41},"end":{"line":644,"column":113}},"232":{"start":{"line":646,"column":16},"end":{"line":651,"column":19}},"233":{"start":{"line":653,"column":16},"end":{"line":653,"column":48}},"234":{"start":{"line":654,"column":16},"end":{"line":654,"column":64}},"235":{"start":{"line":658,"column":12},"end":{"line":658,"column":32}},"236":{"start":{"line":660,"column":28},"end":{"line":660,"column":38}},"237":{"start":{"line":661,"column":37},"end":{"line":661,"column":86}},"238":{"start":{"line":662,"column":26},"end":{"line":662,"column":66}},"239":{"start":{"line":663,"column":28},"end":{"line":663,"column":51}},"240":{"start":{"line":664,"column":29},"end":{"line":664,"column":41}},"241":{"start":{"line":666,"column":25},"end":{"line":673,"column":13}},"242":{"start":{"line":675,"column":25},"end":{"line":681,"column":13}},"243":{"start":{"line":683,"column":12},"end":{"line":683,"column":66}},"244":{"start":{"line":684,"column":12},"end":{"line":684,"column":49}},"245":{"start":{"line":685,"column":12},"end":{"line":685,"column":66}},"246":{"start":{"line":686,"column":12},"end":{"line":686,"column":41}},"247":{"start":{"line":687,"column":12},"end":{"line":687,"column":47}},"248":{"start":{"line":688,"column":12},"end":{"line":688,"column":52}},"249":{"start":{"line":689,"column":12},"end":{"line":689,"column":44}},"250":{"start":{"line":690,"column":12},"end":{"line":690,"column":52}},"251":{"start":{"line":694,"column":17},"end":{"line":694,"column":48}},"252":{"start":{"line":695,"column":4},"end":{"line":695,"column":28}},"253":{"start":{"line":699,"column":20},"end":{"line":718,"column":1}},"254":{"start":{"line":700,"column":4},"end":{"line":702,"column":5}},"255":{"start":{"line":701,"column":8},"end":{"line":701,"column":22}},"256":{"start":{"line":703,"column":4},"end":{"line":717,"column":5}},"257":{"start":{"line":704,"column":25},"end":{"line":704,"column":159}},"258":{"start":{"line":706,"column":8},"end":{"line":706,"column":80}},"259":{"start":{"line":707,"column":8},"end":{"line":707,"column":76}},"260":{"start":{"line":709,"column":21},"end":{"line":709,"column":45}},"261":{"start":{"line":710,"column":8},"end":{"line":712,"column":11}},"262":{"start":{"line":711,"column":12},"end":{"line":711,"column":61}},"263":{"start":{"line":714,"column":8},"end":{"line":714,"column":22}},"264":{"start":{"line":716,"column":8},"end":{"line":716,"column":55}},"265":{"start":{"line":720,"column":20},"end":{"line":725,"column":1}},"266":{"start":{"line":721,"column":4},"end":{"line":724,"column":5}},"267":{"start":{"line":722,"column":8},"end":{"line":722,"column":29}},"268":{"start":{"line":723,"column":8},"end":{"line":723,"column":22}},"269":{"start":{"line":728,"column":4},"end":{"line":728,"column":46}},"270":{"start":{"line":731,"column":17},"end":{"line":734,"column":1}},"271":{"start":{"line":732,"column":4},"end":{"line":732,"column":24}},"272":{"start":{"line":733,"column":4},"end":{"line":733,"column":28}},"273":{"start":{"line":736,"column":0},"end":{"line":738,"column":1}},"274":{"start":{"line":737,"column":4},"end":{"line":737,"column":15}}},"fnMap":{"0":{"name":"(anonymous_0)","decl":{"start":{"line":41,"column":13},"end":{"line":41,"column":14}},"loc":{"start":{"line":41,"column":27},"end":{"line":52,"column":1}},"line":41},"1":{"name":"(anonymous_1)","decl":{"start":{"line":57,"column":20},"end":{"line":57,"column":21}},"loc":{"start":{"line":57,"column":32},"end":{"line":230,"column":1}},"line":57},"2":{"name":"(anonymous_2)","decl":{"start":{"line":59,"column":30},"end":{"line":59,"column":31}},"loc":{"start":{"line":59,"column":36},"end":{"line":68,"column":5}},"line":59},"3":{"name":"(anonymous_3)","decl":{"start":{"line":70,"column":33},"end":{"line":70,"column":34}},"loc":{"start":{"line":70,"column":39},"end":{"line":72,"column":5}},"line":70},"4":{"name":"(anonymous_4)","decl":{"start":{"line":77,"column":27},"end":{"line":77,"column":28}},"loc":{"start":{"line":77,"column":43},"end":{"line":137,"column":5}},"line":77},"5":{"name":"(anonymous_5)","decl":{"start":{"line":139,"column":30},"end":{"line":139,"column":31}},"loc":{"start":{"line":139,"column":46},"end":{"line":167,"column":5}},"line":139},"6":{"name":"(anonymous_6)","decl":{"start":{"line":169,"column":33},"end":{"line":169,"column":34}},"loc":{"start":{"line":169,"column":49},"end":{"line":225,"column":5}},"line":169},"7":{"name":"(anonymous_7)","decl":{"start":{"line":227,"column":28},"end":{"line":227,"column":29}},"loc":{"start":{"line":227,"column":34},"end":{"line":229,"column":5}},"line":227},"8":{"name":"(anonymous_8)","decl":{"start":{"line":233,"column":22},"end":{"line":233,"column":23}},"loc":{"start":{"line":233,"column":54},"end":{"line":261,"column":1}},"line":233},"9":{"name":"(anonymous_9)","decl":{"start":{"line":268,"column":26},"end":{"line":268,"column":27}},"loc":{"start":{"line":268,"column":46},"end":{"line":284,"column":1}},"line":268},"10":{"name":"(anonymous_10)","decl":{"start":{"line":270,"column":18},"end":{"line":270,"column":19}},"loc":{"start":{"line":270,"column":27},"end":{"line":270,"column":48}},"line":270},"11":{"name":"calculateAngle","decl":{"start":{"line":288,"column":9},"end":{"line":288,"column":23}},"loc":{"start":{"line":288,"column":48},"end":{"line":307,"column":1}},"line":288},"12":{"name":"calculateBatteryDrain","decl":{"start":{"line":309,"column":9},"end":{"line":309,"column":30}},"loc":{"start":{"line":309,"column":38},"end":{"line":327,"column":1}},"line":309},"13":{"name":"calculateCurveSpeed","decl":{"start":{"line":329,"column":9},"end":{"line":329,"column":28}},"loc":{"start":{"line":329,"column":54},"end":{"line":358,"column":1}},"line":329},"14":{"name":"addBikeToCharging","decl":{"start":{"line":365,"column":9},"end":{"line":365,"column":26}},"loc":{"start":{"line":365,"column":33},"end":{"line":368,"column":1}},"line":365},"15":{"name":"removeBikeFromCharging","decl":{"start":{"line":371,"column":15},"end":{"line":371,"column":37}},"loc":{"start":{"line":371,"column":44},"end":{"line":396,"column":1}},"line":371},"16":{"name":"(anonymous_16)","decl":{"start":{"line":373,"column":43},"end":{"line":373,"column":44}},"loc":{"start":{"line":373,"column":48},"end":{"line":373,"column":68}},"line":373},"17":{"name":"simulateCharging","decl":{"start":{"line":398,"column":9},"end":{"line":398,"column":25}},"loc":{"start":{"line":398,"column":28},"end":{"line":421,"column":1}},"line":398},"18":{"name":"(anonymous_18)","decl":{"start":{"line":405,"column":36},"end":{"line":405,"column":37}},"loc":{"start":{"line":405,"column":46},"end":{"line":415,"column":5}},"line":405},"19":{"name":"(anonymous_19)","decl":{"start":{"line":406,"column":44},"end":{"line":406,"column":45}},"loc":{"start":{"line":406,"column":50},"end":{"line":414,"column":9}},"line":406},"20":{"name":"(anonymous_20)","decl":{"start":{"line":418,"column":38},"end":{"line":418,"column":39}},"loc":{"start":{"line":418,"column":50},"end":{"line":420,"column":5}},"line":418},"21":{"name":"startSimulation","decl":{"start":{"line":477,"column":15},"end":{"line":477,"column":30}},"loc":{"start":{"line":477,"column":34},"end":{"line":563,"column":1}},"line":477},"22":{"name":"(anonymous_22)","decl":{"start":{"line":485,"column":39},"end":{"line":485,"column":40}},"loc":{"start":{"line":485,"column":47},"end":{"line":485,"column":67}},"line":485},"23":{"name":"(anonymous_23)","decl":{"start":{"line":492,"column":46},"end":{"line":492,"column":47}},"loc":{"start":{"line":492,"column":55},"end":{"line":492,"column":68}},"line":492},"24":{"name":"(anonymous_24)","decl":{"start":{"line":498,"column":26},"end":{"line":498,"column":27}},"loc":{"start":{"line":498,"column":38},"end":{"line":559,"column":5}},"line":498},"25":{"name":"(anonymous_25)","decl":{"start":{"line":505,"column":39},"end":{"line":505,"column":40}},"loc":{"start":{"line":505,"column":49},"end":{"line":505,"column":78}},"line":505},"26":{"name":"simulateBikeInUse","decl":{"start":{"line":566,"column":9},"end":{"line":566,"column":26}},"loc":{"start":{"line":566,"column":43},"end":{"line":696,"column":1}},"line":566},"27":{"name":"(anonymous_27)","decl":{"start":{"line":593,"column":21},"end":{"line":593,"column":22}},"loc":{"start":{"line":593,"column":33},"end":{"line":693,"column":5}},"line":593},"28":{"name":"(anonymous_28)","decl":{"start":{"line":699,"column":20},"end":{"line":699,"column":21}},"loc":{"start":{"line":699,"column":32},"end":{"line":718,"column":1}},"line":699},"29":{"name":"(anonymous_29)","decl":{"start":{"line":710,"column":52},"end":{"line":710,"column":53}},"loc":{"start":{"line":710,"column":58},"end":{"line":712,"column":9}},"line":710},"30":{"name":"(anonymous_30)","decl":{"start":{"line":720,"column":20},"end":{"line":720,"column":21}},"loc":{"start":{"line":720,"column":32},"end":{"line":725,"column":1}},"line":720},"31":{"name":"startTripRealTime","decl":{"start":{"line":727,"column":22},"end":{"line":727,"column":39}},"loc":{"start":{"line":727,"column":55},"end":{"line":729,"column":1}},"line":727},"32":{"name":"(anonymous_32)","decl":{"start":{"line":731,"column":17},"end":{"line":731,"column":18}},"loc":{"start":{"line":731,"column":29},"end":{"line":734,"column":1}},"line":731}},"branchMap":{"0":{"loc":{"start":{"line":62,"column":8},"end":{"line":67,"column":9}},"type":"if","locations":[{"start":{"line":62,"column":8},"end":{"line":67,"column":9}},{"start":{},"end":{}}],"line":62},"1":{"loc":{"start":{"line":83,"column":8},"end":{"line":88,"column":9}},"type":"if","locations":[{"start":{"line":83,"column":8},"end":{"line":88,"column":9}},{"start":{"line":86,"column":15},"end":{"line":88,"column":9}}],"line":83},"2":{"loc":{"start":{"line":83,"column":12},"end":{"line":83,"column":35}},"type":"binary-expr","locations":[{"start":{"line":83,"column":12},"end":{"line":83,"column":15}},{"start":{"line":83,"column":19},"end":{"line":83,"column":35}}],"line":83},"3":{"loc":{"start":{"line":92,"column":20},"end":{"line":92,"column":95}},"type":"cond-expr","locations":[{"start":{"line":92,"column":89},"end":{"line":92,"column":91}},{"start":{"line":92,"column":94},"end":{"line":92,"column":95}}],"line":92},"4":{"loc":{"start":{"line":94,"column":24},"end":{"line":94,"column":87}},"type":"binary-expr","locations":[{"start":{"line":94,"column":24},"end":{"line":94,"column":53}},{"start":{"line":94,"column":57},"end":{"line":94,"column":87}}],"line":94},"5":{"loc":{"start":{"line":95,"column":25},"end":{"line":95,"column":60}},"type":"binary-expr","locations":[{"start":{"line":95,"column":25},"end":{"line":95,"column":38}},{"start":{"line":95,"column":42},"end":{"line":95,"column":60}}],"line":95},"6":{"loc":{"start":{"line":98,"column":8},"end":{"line":118,"column":9}},"type":"if","locations":[{"start":{"line":98,"column":8},"end":{"line":118,"column":9}},{"start":{"line":109,"column":15},"end":{"line":118,"column":9}}],"line":98},"7":{"loc":{"start":{"line":98,"column":12},"end":{"line":98,"column":37}},"type":"binary-expr","locations":[{"start":{"line":98,"column":12},"end":{"line":98,"column":21}},{"start":{"line":98,"column":25},"end":{"line":98,"column":37}}],"line":98},"8":{"loc":{"start":{"line":192,"column":25},"end":{"line":192,"column":53}},"type":"binary-expr","locations":[{"start":{"line":192,"column":25},"end":{"line":192,"column":36}},{"start":{"line":192,"column":40},"end":{"line":192,"column":53}}],"line":192},"9":{"loc":{"start":{"line":195,"column":8},"end":{"line":199,"column":9}},"type":"if","locations":[{"start":{"line":195,"column":8},"end":{"line":199,"column":9}},{"start":{"line":197,"column":15},"end":{"line":199,"column":9}}],"line":195},"10":{"loc":{"start":{"line":197,"column":15},"end":{"line":199,"column":9}},"type":"if","locations":[{"start":{"line":197,"column":15},"end":{"line":199,"column":9}},{"start":{},"end":{}}],"line":197},"11":{"loc":{"start":{"line":197,"column":19},"end":{"line":197,"column":77}},"type":"binary-expr","locations":[{"start":{"line":197,"column":20},"end":{"line":197,"column":30}},{"start":{"line":197,"column":34},"end":{"line":197,"column":44}},{"start":{"line":197,"column":50},"end":{"line":197,"column":60}},{"start":{"line":197,"column":64},"end":{"line":197,"column":76}}],"line":197},"12":{"loc":{"start":{"line":219,"column":8},"end":{"line":219,"column":47}},"type":"binary-expr","locations":[{"start":{"line":219,"column":8},"end":{"line":219,"column":20}},{"start":{"line":219,"column":24},"end":{"line":219,"column":47}}],"line":219},"13":{"loc":{"start":{"line":240,"column":8},"end":{"line":249,"column":9}},"type":"if","locations":[{"start":{"line":240,"column":8},"end":{"line":249,"column":9}},{"start":{},"end":{}}],"line":240},"14":{"loc":{"start":{"line":244,"column":12},"end":{"line":248,"column":13}},"type":"if","locations":[{"start":{"line":244,"column":12},"end":{"line":248,"column":13}},{"start":{},"end":{}}],"line":244},"15":{"loc":{"start":{"line":252,"column":8},"end":{"line":254,"column":9}},"type":"if","locations":[{"start":{"line":252,"column":8},"end":{"line":254,"column":9}},{"start":{},"end":{}}],"line":252},"16":{"loc":{"start":{"line":323,"column":4},"end":{"line":326,"column":20}},"type":"if","locations":[{"start":{"line":323,"column":4},"end":{"line":326,"column":20}},{"start":{"line":324,"column":9},"end":{"line":326,"column":20}}],"line":323},"17":{"loc":{"start":{"line":324,"column":9},"end":{"line":326,"column":20}},"type":"if","locations":[{"start":{"line":324,"column":9},"end":{"line":326,"column":20}},{"start":{"line":325,"column":9},"end":{"line":326,"column":20}}],"line":324},"18":{"loc":{"start":{"line":325,"column":9},"end":{"line":326,"column":20}},"type":"if","locations":[{"start":{"line":325,"column":9},"end":{"line":326,"column":20}},{"start":{"line":326,"column":9},"end":{"line":326,"column":20}}],"line":325},"19":{"loc":{"start":{"line":346,"column":4},"end":{"line":356,"column":5}},"type":"if","locations":[{"start":{"line":346,"column":4},"end":{"line":356,"column":5}},{"start":{"line":348,"column":11},"end":{"line":356,"column":5}}],"line":346},"20":{"loc":{"start":{"line":348,"column":11},"end":{"line":356,"column":5}},"type":"if","locations":[{"start":{"line":348,"column":11},"end":{"line":356,"column":5}},{"start":{"line":350,"column":11},"end":{"line":356,"column":5}}],"line":348},"21":{"loc":{"start":{"line":348,"column":15},"end":{"line":348,"column":48}},"type":"binary-expr","locations":[{"start":{"line":348,"column":15},"end":{"line":348,"column":29}},{"start":{"line":348,"column":33},"end":{"line":348,"column":48}}],"line":348},"22":{"loc":{"start":{"line":350,"column":11},"end":{"line":356,"column":5}},"type":"if","locations":[{"start":{"line":350,"column":11},"end":{"line":356,"column":5}},{"start":{"line":352,"column":11},"end":{"line":356,"column":5}}],"line":350},"23":{"loc":{"start":{"line":350,"column":15},"end":{"line":350,"column":48}},"type":"binary-expr","locations":[{"start":{"line":350,"column":15},"end":{"line":350,"column":29}},{"start":{"line":350,"column":33},"end":{"line":350,"column":48}}],"line":350},"24":{"loc":{"start":{"line":352,"column":11},"end":{"line":356,"column":5}},"type":"if","locations":[{"start":{"line":352,"column":11},"end":{"line":356,"column":5}},{"start":{"line":354,"column":11},"end":{"line":356,"column":5}}],"line":352},"25":{"loc":{"start":{"line":352,"column":15},"end":{"line":352,"column":48}},"type":"binary-expr","locations":[{"start":{"line":352,"column":15},"end":{"line":352,"column":29}},{"start":{"line":352,"column":33},"end":{"line":352,"column":48}}],"line":352},"26":{"loc":{"start":{"line":381,"column":4},"end":{"line":387,"column":5}},"type":"if","locations":[{"start":{"line":381,"column":4},"end":{"line":387,"column":5}},{"start":{"line":383,"column":11},"end":{"line":387,"column":5}}],"line":381},"27":{"loc":{"start":{"line":383,"column":11},"end":{"line":387,"column":5}},"type":"if","locations":[{"start":{"line":383,"column":11},"end":{"line":387,"column":5}},{"start":{"line":385,"column":11},"end":{"line":387,"column":5}}],"line":383},"28":{"loc":{"start":{"line":385,"column":11},"end":{"line":387,"column":5}},"type":"if","locations":[{"start":{"line":385,"column":11},"end":{"line":387,"column":5}},{"start":{},"end":{}}],"line":385},"29":{"loc":{"start":{"line":410,"column":12},"end":{"line":413,"column":13}},"type":"if","locations":[{"start":{"line":410,"column":12},"end":{"line":413,"column":13}},{"start":{},"end":{}}],"line":410},"30":{"loc":{"start":{"line":506,"column":12},"end":{"line":506,"column":72}},"type":"if","locations":[{"start":{"line":506,"column":12},"end":{"line":506,"column":72}},{"start":{},"end":{}}],"line":506},"31":{"loc":{"start":{"line":506,"column":16},"end":{"line":506,"column":61}},"type":"binary-expr","locations":[{"start":{"line":506,"column":16},"end":{"line":506,"column":28}},{"start":{"line":506,"column":32},"end":{"line":506,"column":61}}],"line":506},"32":{"loc":{"start":{"line":534,"column":12},"end":{"line":538,"column":13}},"type":"if","locations":[{"start":{"line":534,"column":12},"end":{"line":538,"column":13}},{"start":{"line":536,"column":19},"end":{"line":538,"column":13}}],"line":534},"33":{"loc":{"start":{"line":555,"column":8},"end":{"line":558,"column":9}},"type":"if","locations":[{"start":{"line":555,"column":8},"end":{"line":558,"column":9}},{"start":{},"end":{}}],"line":555},"34":{"loc":{"start":{"line":594,"column":8},"end":{"line":692,"column":9}},"type":"if","locations":[{"start":{"line":594,"column":8},"end":{"line":692,"column":9}},{"start":{"line":656,"column":15},"end":{"line":692,"column":9}}],"line":594},"35":{"loc":{"start":{"line":601,"column":30},"end":{"line":601,"column":89}},"type":"binary-expr","locations":[{"start":{"line":601,"column":30},"end":{"line":601,"column":34}},{"start":{"line":601,"column":38},"end":{"line":601,"column":46}},{"start":{"line":601,"column":50},"end":{"line":601,"column":89}}],"line":601},"36":{"loc":{"start":{"line":604,"column":12},"end":{"line":609,"column":13}},"type":"if","locations":[{"start":{"line":604,"column":12},"end":{"line":609,"column":13}},{"start":{},"end":{}}],"line":604},"37":{"loc":{"start":{"line":625,"column":12},"end":{"line":655,"column":13}},"type":"if","locations":[{"start":{"line":625,"column":12},"end":{"line":655,"column":13}},{"start":{"line":638,"column":19},"end":{"line":655,"column":13}}],"line":625},"38":{"loc":{"start":{"line":700,"column":4},"end":{"line":702,"column":5}},"type":"if","locations":[{"start":{"line":700,"column":4},"end":{"line":702,"column":5}},{"start":{},"end":{}}],"line":700},"39":{"loc":{"start":{"line":706,"column":8},"end":{"line":706,"column":79}},"type":"binary-expr","locations":[{"start":{"line":706,"column":8},"end":{"line":706,"column":38}},{"start":{"line":706,"column":42},"end":{"line":706,"column":79}}],"line":706},"40":{"loc":{"start":{"line":707,"column":8},"end":{"line":707,"column":75}},"type":"binary-expr","locations":[{"start":{"line":707,"column":8},"end":{"line":707,"column":38}},{"start":{"line":707,"column":42},"end":{"line":707,"column":75}}],"line":707},"41":{"loc":{"start":{"line":709,"column":21},"end":{"line":709,"column":45}},"type":"binary-expr","locations":[{"start":{"line":709,"column":21},"end":{"line":709,"column":37}},{"start":{"line":709,"column":41},"end":{"line":709,"column":45}}],"line":709},"42":{"loc":{"start":{"line":721,"column":4},"end":{"line":724,"column":5}},"type":"if","locations":[{"start":{"line":721,"column":4},"end":{"line":724,"column":5}},{"start":{},"end":{}}],"line":721},"43":{"loc":{"start":{"line":736,"column":0},"end":{"line":738,"column":1}},"type":"if","locations":[{"start":{"line":736,"column":0},"end":{"line":738,"column":1}},{"start":{},"end":{}}],"line":736}},"s":{"0":2,"1":2,"2":2,"3":2,"4":2,"5":2,"6":2,"7":2,"8":2,"9":2,"10":2,"11":2,"12":2,"13":2,"14":1,"15":1,"16":2,"17":2,"18":2,"19":0,"20":0,"21":0,"22":0,"23":0,"24":0,"25":0,"26":0,"27":0,"28":0,"29":0,"30":0,"31":0,"32":0,"33":0,"34":0,"35":0,"36":0,"37":0,"38":0,"39":0,"40":0,"41":0,"42":0,"43":0,"44":0,"45":0,"46":0,"47":0,"48":0,"49":0,"50":0,"51":0,"52":0,"53":0,"54":0,"55":0,"56":0,"57":0,"58":0,"59":0,"60":0,"61":0,"62":0,"63":0,"64":0,"65":0,"66":0,"67":0,"68":0,"69":0,"70":0,"71":0,"72":0,"73":0,"74":0,"75":0,"76":0,"77":0,"78":0,"79":0,"80":0,"81":0,"82":2,"83":0,"84":0,"85":0,"86":0,"87":0,"88":0,"89":0,"90":0,"91":0,"92":0,"93":0,"94":0,"95":2,"96":0,"97":0,"98":0,"99":0,"100":0,"101":0,"102":0,"103":0,"104":0,"105":0,"106":0,"107":0,"108":0,"109":0,"110":0,"111":0,"112":0,"113":0,"114":0,"115":0,"116":0,"117":0,"118":0,"119":0,"120":0,"121":0,"122":0,"123":0,"124":0,"125":0,"126":0,"127":0,"128":0,"129":0,"130":0,"131":2,"132":2,"133":0,"134":0,"135":0,"136":0,"137":0,"138":0,"139":0,"140":0,"141":0,"142":0,"143":0,"144":0,"145":0,"146":0,"147":0,"148":0,"149":0,"150":0,"151":0,"152":0,"153":0,"154":0,"155":0,"156":0,"157":2,"158":0,"159":0,"160":0,"161":0,"162":0,"163":0,"164":0,"165":0,"166":0,"167":0,"168":0,"169":0,"170":0,"171":0,"172":0,"173":0,"174":0,"175":0,"176":0,"177":0,"178":0,"179":0,"180":0,"181":0,"182":0,"183":0,"184":0,"185":0,"186":0,"187":0,"188":0,"189":0,"190":0,"191":0,"192":0,"193":0,"194":2,"195":0,"196":0,"197":0,"198":0,"199":0,"200":0,"201":0,"202":0,"203":0,"204":0,"205":0,"206":0,"207":0,"208":0,"209":0,"210":0,"211":0,"212":0,"213":0,"214":0,"215":0,"216":0,"217":0,"218":0,"219":0,"220":0,"221":0,"222":0,"223":0,"224":0,"225":0,"226":0,"227":0,"228":0,"229":0,"230":0,"231":0,"232":0,"233":0,"234":0,"235":0,"236":0,"237":0,"238":0,"239":0,"240":0,"241":0,"242":0,"243":0,"244":0,"245":0,"246":0,"247":0,"248":0,"249":0,"250":0,"251":0,"252":0,"253":2,"254":2,"255":0,"256":2,"257":2,"258":2,"259":2,"260":2,"261":2,"262":2,"263":2,"264":0,"265":2,"266":2,"267":2,"268":2,"269":0,"270":2,"271":0,"272":0,"273":2,"274":0},"f":{"0":1,"1":0,"2":0,"3":0,"4":0,"5":0,"6":0,"7":0,"8":0,"9":0,"10":0,"11":0,"12":0,"13":0,"14":0,"15":0,"16":0,"17":0,"18":0,"19":0,"20":0,"21":0,"22":0,"23":0,"24":0,"25":0,"26":0,"27":0,"28":2,"29":2,"30":2,"31":0,"32":0},"b":{"0":[0,0],"1":[0,0],"2":[0,0],"3":[0,0],"4":[0,0],"5":[0,0],"6":[0,0],"7":[0,0],"8":[0,0],"9":[0,0],"10":[0,0],"11":[0,0,0,0],"12":[0,0],"13":[0,0],"14":[0,0],"15":[0,0],"16":[0,0],"17":[0,0],"18":[0,0],"19":[0,0],"20":[0,0],"21":[0,0],"22":[0,0],"23":[0,0],"24":[0,0],"25":[0,0],"26":[0,0],"27":[0,0],"28":[0,0],"29":[0,0],"30":[0,0],"31":[0,0],"32":[0,0],"33":[0,0],"34":[0,0],"35":[0,0,0],"36":[0,0],"37":[0,0],"38":[0,2],"39":[2,2],"40":[2,0],"41":[2,0],"42":[2,0],"43":[0,2]},"inputSourceMap":null,"_coverageSchema":"1a1c01bbd47fc00a2c39e90264f33305004495a9","hash":"0aace9b649076b9fc05708ffa87efd61f58b075b"}
,"/home/caas23/vteam/services/rest-api/src/auth.js": {"path":"/home/caas23/vteam/services/rest-api/src/auth.js","statementMap":{"0":{"start":{"line":1,"column":35},"end":{"line":14,"column":1}},"1":{"start":{"line":2,"column":19},"end":{"line":6,"column":4}},"2":{"start":{"line":8,"column":2},"end":{"line":10,"column":3}},"3":{"start":{"line":9,"column":4},"end":{"line":9,"column":48}},"4":{"start":{"line":12,"column":19},"end":{"line":12,"column":40}},"5":{"start":{"line":13,"column":2},"end":{"line":13,"column":18}},"6":{"start":{"line":16,"column":25},"end":{"line":32,"column":1}},"7":{"start":{"line":17,"column":16},"end":{"line":17,"column":59}},"8":{"start":{"line":19,"column":2},"end":{"line":22,"column":3}},"9":{"start":{"line":20,"column":4},"end":{"line":20,"column":36}},"10":{"start":{"line":21,"column":4},"end":{"line":21,"column":64}},"11":{"start":{"line":24,"column":2},"end":{"line":31,"column":3}},"12":{"start":{"line":25,"column":17},"end":{"line":25,"column":49}},"13":{"start":{"line":26,"column":4},"end":{"line":26,"column":20}},"14":{"start":{"line":27,"column":4},"end":{"line":27,"column":11}},"15":{"start":{"line":29,"column":4},"end":{"line":29,"column":32}},"16":{"start":{"line":30,"column":4},"end":{"line":30,"column":60}}},"fnMap":{"0":{"name":"(anonymous_0)","decl":{"start":{"line":1,"column":35},"end":{"line":1,"column":36}},"loc":{"start":{"line":1,"column":52},"end":{"line":14,"column":1}},"line":1},"1":{"name":"(anonymous_1)","decl":{"start":{"line":16,"column":25},"end":{"line":16,"column":26}},"loc":{"start":{"line":16,"column":51},"end":{"line":32,"column":1}},"line":16}},"branchMap":{"0":{"loc":{"start":{"line":8,"column":2},"end":{"line":10,"column":3}},"type":"if","locations":[{"start":{"line":8,"column":2},"end":{"line":10,"column":3}},{"start":{},"end":{}}],"line":8},"1":{"loc":{"start":{"line":19,"column":2},"end":{"line":22,"column":3}},"type":"if","locations":[{"start":{"line":19,"column":2},"end":{"line":22,"column":3}},{"start":{},"end":{}}],"line":19}},"s":{"0":3,"1":4,"2":3,"3":1,"4":2,"5":2,"6":3,"7":3,"8":3,"9":1,"10":1,"11":2,"12":2,"13":1,"14":1,"15":1,"16":1},"f":{"0":4,"1":3},"b":{"0":[1,2],"1":[1,2]},"inputSourceMap":null,"_coverageSchema":"1a1c01bbd47fc00a2c39e90264f33305004495a9","hash":"6c16a5f9282487eaaa344106db0537442ffcec10"}
,"/home/caas23/vteam/services/rest-api/src/payment.js": {"path":"/home/caas23/vteam/services/rest-api/src/payment.js","statementMap":{"0":{"start":{"line":3,"column":33},"end":{"line":21,"column":1}},"1":{"start":{"line":4,"column":27},"end":{"line":4,"column":49}},"2":{"start":{"line":6,"column":4},"end":{"line":20,"column":5}},"3":{"start":{"line":7,"column":23},"end":{"line":15,"column":9}},"4":{"start":{"line":17,"column":8},"end":{"line":17,"column":22}},"5":{"start":{"line":19,"column":8},"end":{"line":19,"column":25}},"6":{"start":{"line":23,"column":24},"end":{"line":48,"column":1}},"7":{"start":{"line":24,"column":30},"end":{"line":24,"column":55}},"8":{"start":{"line":26,"column":4},"end":{"line":47,"column":5}},"9":{"start":{"line":27,"column":21},"end":{"line":41,"column":7}},"10":{"start":{"line":43,"column":6},"end":{"line":43,"column":20}},"11":{"start":{"line":45,"column":6},"end":{"line":45,"column":23}},"12":{"start":{"line":46,"column":6},"end":{"line":46,"column":92}},"13":{"start":{"line":50,"column":42},"end":{"line":68,"column":1}},"14":{"start":{"line":51,"column":28},"end":{"line":51,"column":53}},"15":{"start":{"line":53,"column":2},"end":{"line":67,"column":3}},"16":{"start":{"line":54,"column":21},"end":{"line":62,"column":7}},"17":{"start":{"line":64,"column":6},"end":{"line":64,"column":20}},"18":{"start":{"line":66,"column":6},"end":{"line":66,"column":23}}},"fnMap":{"0":{"name":"(anonymous_0)","decl":{"start":{"line":3,"column":33},"end":{"line":3,"column":34}},"loc":{"start":{"line":3,"column":57},"end":{"line":21,"column":1}},"line":3},"1":{"name":"(anonymous_1)","decl":{"start":{"line":23,"column":24},"end":{"line":23,"column":25}},"loc":{"start":{"line":23,"column":70},"end":{"line":48,"column":1}},"line":23},"2":{"name":"(anonymous_2)","decl":{"start":{"line":50,"column":42},"end":{"line":50,"column":43}},"loc":{"start":{"line":50,"column":60},"end":{"line":68,"column":1}},"line":50}},"branchMap":{},"s":{"0":2,"1":3,"2":3,"3":3,"4":3,"5":0,"6":2,"7":1,"8":1,"9":1,"10":1,"11":0,"12":0,"13":2,"14":1,"15":1,"16":1,"17":1,"18":0},"f":{"0":3,"1":1,"2":1},"b":{},"inputSourceMap":null,"_coverageSchema":"1a1c01bbd47fc00a2c39e90264f33305004495a9","hash":"5da52db9398546058ace4a52813306d1e66aca89"}
,"/home/caas23/vteam/services/rest-api/src/trip.js": {"path":"/home/caas23/vteam/services/rest-api/src/trip.js","statementMap":{"0":{"start":{"line":3,"column":31},"end":{"line":26,"column":1}},"1":{"start":{"line":4,"column":4},"end":{"line":25,"column":5}},"2":{"start":{"line":5,"column":34},"end":{"line":5,"column":66}},"3":{"start":{"line":6,"column":31},"end":{"line":6,"column":53}},"4":{"start":{"line":8,"column":24},"end":{"line":12,"column":9}},"5":{"start":{"line":13,"column":24},"end":{"line":13,"column":79}},"6":{"start":{"line":14,"column":27},"end":{"line":18,"column":9}},"7":{"start":{"line":20,"column":8},"end":{"line":20,"column":51}},"8":{"start":{"line":22,"column":8},"end":{"line":22,"column":62}},"9":{"start":{"line":24,"column":8},"end":{"line":24,"column":24}},"10":{"start":{"line":28,"column":32},"end":{"line":57,"column":1}},"11":{"start":{"line":29,"column":27},"end":{"line":29,"column":49}},"12":{"start":{"line":31,"column":4},"end":{"line":56,"column":5}},"13":{"start":{"line":32,"column":21},"end":{"line":32,"column":76}},"14":{"start":{"line":33,"column":27},"end":{"line":36,"column":9}},"15":{"start":{"line":38,"column":8},"end":{"line":40,"column":9}},"16":{"start":{"line":39,"column":12},"end":{"line":39,"column":99}},"17":{"start":{"line":41,"column":8},"end":{"line":43,"column":9}},"18":{"start":{"line":42,"column":12},"end":{"line":42,"column":121}},"19":{"start":{"line":45,"column":8},"end":{"line":53,"column":10}},"20":{"start":{"line":55,"column":8},"end":{"line":55,"column":24}},"21":{"start":{"line":59,"column":25},"end":{"line":63,"column":1}},"22":{"start":{"line":60,"column":28},"end":{"line":60,"column":51}},"23":{"start":{"line":62,"column":4},"end":{"line":62,"column":44}}},"fnMap":{"0":{"name":"(anonymous_0)","decl":{"start":{"line":3,"column":31},"end":{"line":3,"column":32}},"loc":{"start":{"line":3,"column":47},"end":{"line":26,"column":1}},"line":3},"1":{"name":"(anonymous_1)","decl":{"start":{"line":28,"column":32},"end":{"line":28,"column":33}},"loc":{"start":{"line":28,"column":48},"end":{"line":57,"column":1}},"line":28},"2":{"name":"(anonymous_2)","decl":{"start":{"line":59,"column":25},"end":{"line":59,"column":26}},"loc":{"start":{"line":59,"column":37},"end":{"line":63,"column":1}},"line":59}},"branchMap":{"0":{"loc":{"start":{"line":38,"column":8},"end":{"line":40,"column":9}},"type":"if","locations":[{"start":{"line":38,"column":8},"end":{"line":40,"column":9}},{"start":{},"end":{}}],"line":38},"1":{"loc":{"start":{"line":41,"column":8},"end":{"line":43,"column":9}},"type":"if","locations":[{"start":{"line":41,"column":8},"end":{"line":43,"column":9}},{"start":{},"end":{}}],"line":41}},"s":{"0":2,"1":0,"2":0,"3":0,"4":0,"5":0,"6":0,"7":0,"8":0,"9":0,"10":2,"11":0,"12":0,"13":0,"14":0,"15":0,"16":0,"17":0,"18":0,"19":0,"20":0,"21":2,"22":0,"23":0},"f":{"0":0,"1":0,"2":0},"b":{"0":[0,0],"1":[0,0]},"inputSourceMap":null,"_coverageSchema":"1a1c01bbd47fc00a2c39e90264f33305004495a9","hash":"d55c7d431005445030dddeec952438357cfc74c0"}
,"/home/caas23/vteam/services/rest-api/src/routes/addDataRoutes.js": {"path":"/home/caas23/vteam/services/rest-api/src/routes/addDataRoutes.js","statementMap":{"0":{"start":{"line":8,"column":15},"end":{"line":8,"column":31}},"1":{"start":{"line":10,"column":0},"end":{"line":20,"column":3}},"2":{"start":{"line":11,"column":19},"end":{"line":18,"column":5}},"3":{"start":{"line":19,"column":4},"end":{"line":19,"column":21}},"4":{"start":{"line":22,"column":0},"end":{"line":39,"column":3}},"5":{"start":{"line":26,"column":17},"end":{"line":26,"column":30}},"6":{"start":{"line":28,"column":20},"end":{"line":35,"column":5}},"7":{"start":{"line":36,"column":27},"end":{"line":36,"column":50}},"8":{"start":{"line":37,"column":19},"end":{"line":37,"column":58}},"9":{"start":{"line":38,"column":4},"end":{"line":38,"column":21}},"10":{"start":{"line":41,"column":0},"end":{"line":46,"column":3}},"11":{"start":{"line":42,"column":18},"end":{"line":42,"column":31}},"12":{"start":{"line":44,"column":19},"end":{"line":44,"column":56}},"13":{"start":{"line":45,"column":4},"end":{"line":45,"column":21}},"14":{"start":{"line":48,"column":0},"end":{"line":55,"column":3}},"15":{"start":{"line":49,"column":17},"end":{"line":49,"column":30}},"16":{"start":{"line":50,"column":18},"end":{"line":50,"column":33}},"17":{"start":{"line":52,"column":17},"end":{"line":52,"column":43}},"18":{"start":{"line":53,"column":4},"end":{"line":53,"column":46}},"19":{"start":{"line":54,"column":4},"end":{"line":54,"column":65}},"20":{"start":{"line":57,"column":0},"end":{"line":94,"column":3}},"21":{"start":{"line":58,"column":27},"end":{"line":58,"column":35}},"22":{"start":{"line":59,"column":4},"end":{"line":93,"column":5}},"23":{"start":{"line":60,"column":30},"end":{"line":71,"column":10}},"24":{"start":{"line":73,"column":8},"end":{"line":75,"column":9}},"25":{"start":{"line":74,"column":12},"end":{"line":74,"column":60}},"26":{"start":{"line":77,"column":26},"end":{"line":77,"column":52}},"27":{"start":{"line":78,"column":28},"end":{"line":78,"column":50}},"28":{"start":{"line":80,"column":29},"end":{"line":82,"column":10}},"29":{"start":{"line":84,"column":8},"end":{"line":86,"column":9}},"30":{"start":{"line":85,"column":12},"end":{"line":85,"column":57}},"31":{"start":{"line":88,"column":25},"end":{"line":88,"column":50}},"32":{"start":{"line":89,"column":8},"end":{"line":89,"column":64}},"33":{"start":{"line":91,"column":8},"end":{"line":91,"column":55}},"34":{"start":{"line":92,"column":8},"end":{"line":92,"column":65}},"35":{"start":{"line":96,"column":0},"end":{"line":120,"column":3}},"36":{"start":{"line":97,"column":29},"end":{"line":97,"column":37}},"37":{"start":{"line":99,"column":30},"end":{"line":99,"column":62}},"38":{"start":{"line":100,"column":20},"end":{"line":104,"column":5}},"39":{"start":{"line":108,"column":20},"end":{"line":116,"column":5}},"40":{"start":{"line":117,"column":27},"end":{"line":117,"column":49}},"41":{"start":{"line":118,"column":19},"end":{"line":118,"column":58}},"42":{"start":{"line":119,"column":4},"end":{"line":119,"column":21}}},"fnMap":{"0":{"name":"(anonymous_0)","decl":{"start":{"line":10,"column":16},"end":{"line":10,"column":17}},"loc":{"start":{"line":10,"column":36},"end":{"line":20,"column":1}},"line":10},"1":{"name":"(anonymous_1)","decl":{"start":{"line":22,"column":32},"end":{"line":22,"column":33}},"loc":{"start":{"line":22,"column":52},"end":{"line":39,"column":1}},"line":22},"2":{"name":"(anonymous_2)","decl":{"start":{"line":41,"column":29},"end":{"line":41,"column":30}},"loc":{"start":{"line":41,"column":49},"end":{"line":46,"column":1}},"line":41},"3":{"name":"(anonymous_3)","decl":{"start":{"line":48,"column":37},"end":{"line":48,"column":38}},"loc":{"start":{"line":48,"column":57},"end":{"line":55,"column":1}},"line":48},"4":{"name":"(anonymous_4)","decl":{"start":{"line":57,"column":28},"end":{"line":57,"column":29}},"loc":{"start":{"line":57,"column":48},"end":{"line":94,"column":1}},"line":57},"5":{"name":"(anonymous_5)","decl":{"start":{"line":96,"column":32},"end":{"line":96,"column":33}},"loc":{"start":{"line":96,"column":52},"end":{"line":120,"column":1}},"line":96}},"branchMap":{"0":{"loc":{"start":{"line":67,"column":27},"end":{"line":67,"column":145}},"type":"cond-expr","locations":[{"start":{"line":67,"column":43},"end":{"line":67,"column":68}},{"start":{"line":67,"column":71},"end":{"line":67,"column":145}}],"line":67},"1":{"loc":{"start":{"line":67,"column":71},"end":{"line":67,"column":145}},"type":"cond-expr","locations":[{"start":{"line":67,"column":89},"end":{"line":67,"column":116}},{"start":{"line":67,"column":119},"end":{"line":67,"column":145}}],"line":67},"2":{"loc":{"start":{"line":68,"column":31},"end":{"line":68,"column":161}},"type":"cond-expr","locations":[{"start":{"line":68,"column":47},"end":{"line":68,"column":76}},{"start":{"line":68,"column":79},"end":{"line":68,"column":161}}],"line":68},"3":{"loc":{"start":{"line":68,"column":79},"end":{"line":68,"column":161}},"type":"cond-expr","locations":[{"start":{"line":68,"column":97},"end":{"line":68,"column":128}},{"start":{"line":68,"column":131},"end":{"line":68,"column":161}}],"line":68},"4":{"loc":{"start":{"line":73,"column":8},"end":{"line":75,"column":9}},"type":"if","locations":[{"start":{"line":73,"column":8},"end":{"line":75,"column":9}},{"start":{},"end":{}}],"line":73},"5":{"loc":{"start":{"line":84,"column":8},"end":{"line":86,"column":9}},"type":"if","locations":[{"start":{"line":84,"column":8},"end":{"line":86,"column":9}},{"start":{},"end":{}}],"line":84}},"s":{"0":2,"1":2,"2":0,"3":0,"4":2,"5":0,"6":0,"7":0,"8":0,"9":0,"10":2,"11":0,"12":0,"13":0,"14":2,"15":0,"16":0,"17":0,"18":0,"19":0,"20":2,"21":0,"22":0,"23":0,"24":0,"25":0,"26":0,"27":0,"28":0,"29":0,"30":0,"31":0,"32":0,"33":0,"34":0,"35":2,"36":0,"37":0,"38":0,"39":0,"40":0,"41":0,"42":0},"f":{"0":0,"1":0,"2":0,"3":0,"4":0,"5":0},"b":{"0":[0,0],"1":[0,0],"2":[0,0],"3":[0,0],"4":[0,0],"5":[0,0]},"inputSourceMap":null,"_coverageSchema":"1a1c01bbd47fc00a2c39e90264f33305004495a9","hash":"869cc7f8d343d4dc07e9de43352e70fb9268dfc9"}
,"/home/caas23/vteam/services/rest-api/src/routes/deleteDataRoutes.js": {"path":"/home/caas23/vteam/services/rest-api/src/routes/deleteDataRoutes.js","statementMap":{"0":{"start":{"line":7,"column":15},"end":{"line":7,"column":31}},"1":{"start":{"line":9,"column":0},"end":{"line":18,"column":3}},"2":{"start":{"line":10,"column":19},"end":{"line":16,"column":5}},"3":{"start":{"line":17,"column":4},"end":{"line":17,"column":21}},"4":{"start":{"line":20,"column":0},"end":{"line":42,"column":3}},"5":{"start":{"line":21,"column":31},"end":{"line":21,"column":41}},"6":{"start":{"line":22,"column":24},"end":{"line":26,"column":5}},"7":{"start":{"line":28,"column":27},"end":{"line":28,"column":44}},"8":{"start":{"line":29,"column":4},"end":{"line":41,"column":5}},"9":{"start":{"line":30,"column":8},"end":{"line":30,"column":90}},"10":{"start":{"line":31,"column":8},"end":{"line":31,"column":85}},"11":{"start":{"line":32,"column":8},"end":{"line":32,"column":75}},"12":{"start":{"line":34,"column":27},"end":{"line":34,"column":56}},"13":{"start":{"line":35,"column":23},"end":{"line":35,"column":73}},"14":{"start":{"line":37,"column":8},"end":{"line":37,"column":25}},"15":{"start":{"line":39,"column":8},"end":{"line":39,"column":56}},"16":{"start":{"line":40,"column":8},"end":{"line":40,"column":86}},"17":{"start":{"line":44,"column":0},"end":{"line":55,"column":3}},"18":{"start":{"line":45,"column":20},"end":{"line":45,"column":38}},"19":{"start":{"line":47,"column":4},"end":{"line":54,"column":5}},"20":{"start":{"line":48,"column":23},"end":{"line":48,"column":60}},"21":{"start":{"line":50,"column":8},"end":{"line":50,"column":25}},"22":{"start":{"line":52,"column":8},"end":{"line":52,"column":72}},"23":{"start":{"line":53,"column":8},"end":{"line":53,"column":86}},"24":{"start":{"line":57,"column":0},"end":{"line":71,"column":3}},"25":{"start":{"line":58,"column":19},"end":{"line":58,"column":37}},"26":{"start":{"line":59,"column":25},"end":{"line":59,"column":47}},"27":{"start":{"line":61,"column":4},"end":{"line":70,"column":9}},"28":{"start":{"line":62,"column":23},"end":{"line":62,"column":42}},"29":{"start":{"line":63,"column":23},"end":{"line":63,"column":61}},"30":{"start":{"line":66,"column":8},"end":{"line":66,"column":25}},"31":{"start":{"line":68,"column":12},"end":{"line":68,"column":66}},"32":{"start":{"line":69,"column":12},"end":{"line":69,"column":75}}},"fnMap":{"0":{"name":"(anonymous_0)","decl":{"start":{"line":9,"column":16},"end":{"line":9,"column":17}},"loc":{"start":{"line":9,"column":36},"end":{"line":18,"column":1}},"line":9},"1":{"name":"(anonymous_1)","decl":{"start":{"line":20,"column":45},"end":{"line":20,"column":46}},"loc":{"start":{"line":20,"column":65},"end":{"line":42,"column":1}},"line":20},"2":{"name":"(anonymous_2)","decl":{"start":{"line":44,"column":43},"end":{"line":44,"column":44}},"loc":{"start":{"line":44,"column":63},"end":{"line":55,"column":1}},"line":44},"3":{"name":"(anonymous_3)","decl":{"start":{"line":57,"column":43},"end":{"line":57,"column":44}},"loc":{"start":{"line":57,"column":63},"end":{"line":71,"column":1}},"line":57}},"branchMap":{"0":{"loc":{"start":{"line":30,"column":8},"end":{"line":30,"column":89}},"type":"cond-expr","locations":[{"start":{"line":30,"column":30},"end":{"line":30,"column":82}},{"start":{"line":30,"column":85},"end":{"line":30,"column":89}}],"line":30},"1":{"loc":{"start":{"line":31,"column":8},"end":{"line":31,"column":84}},"type":"cond-expr","locations":[{"start":{"line":31,"column":29},"end":{"line":31,"column":77}},{"start":{"line":31,"column":80},"end":{"line":31,"column":84}}],"line":31},"2":{"loc":{"start":{"line":32,"column":8},"end":{"line":32,"column":74}},"type":"cond-expr","locations":[{"start":{"line":32,"column":26},"end":{"line":32,"column":67}},{"start":{"line":32,"column":70},"end":{"line":32,"column":74}}],"line":32},"3":{"loc":{"start":{"line":68,"column":50},"end":{"line":68,"column":64}},"type":"binary-expr","locations":[{"start":{"line":68,"column":50},"end":{"line":68,"column":59}},{"start":{"line":68,"column":63},"end":{"line":68,"column":64}}],"line":68}},"s":{"0":2,"1":2,"2":0,"3":0,"4":2,"5":0,"6":0,"7":0,"8":0,"9":0,"10":0,"11":0,"12":0,"13":0,"14":0,"15":0,"16":0,"17":2,"18":0,"19":0,"20":0,"21":0,"22":0,"23":0,"24":2,"25":0,"26":0,"27":0,"28":0,"29":0,"30":0,"31":0,"32":0},"f":{"0":0,"1":0,"2":0,"3":0},"b":{"0":[0,0],"1":[0,0],"2":[0,0],"3":[0,0]},"inputSourceMap":null,"_coverageSchema":"1a1c01bbd47fc00a2c39e90264f33305004495a9","hash":"5978cb2406412a8aecdb9ee61e0b04f5b1daeef7"}
,"/home/caas23/vteam/services/rest-api/src/routes/getDataRoutes.js": {"path":"/home/caas23/vteam/services/rest-api/src/routes/getDataRoutes.js","statementMap":{"0":{"start":{"line":9,"column":15},"end":{"line":9,"column":31}},"1":{"start":{"line":11,"column":0},"end":{"line":32,"column":3}},"2":{"start":{"line":13,"column":19},"end":{"line":30,"column":5}},"3":{"start":{"line":31,"column":4},"end":{"line":31,"column":21}},"4":{"start":{"line":36,"column":0},"end":{"line":39,"column":3}},"5":{"start":{"line":37,"column":22},"end":{"line":37,"column":30}},"6":{"start":{"line":38,"column":4},"end":{"line":38,"column":25}},"7":{"start":{"line":41,"column":0},"end":{"line":44,"column":3}},"8":{"start":{"line":42,"column":21},"end":{"line":42,"column":30}},"9":{"start":{"line":43,"column":4},"end":{"line":43,"column":82}},"10":{"start":{"line":46,"column":0},"end":{"line":49,"column":3}},"11":{"start":{"line":47,"column":19},"end":{"line":47,"column":41}},"12":{"start":{"line":48,"column":4},"end":{"line":48,"column":21}},"13":{"start":{"line":51,"column":0},"end":{"line":54,"column":3}},"14":{"start":{"line":52,"column":19},"end":{"line":52,"column":51}},"15":{"start":{"line":53,"column":4},"end":{"line":53,"column":21}},"16":{"start":{"line":56,"column":0},"end":{"line":66,"column":3}},"17":{"start":{"line":57,"column":21},"end":{"line":57,"column":35}},"18":{"start":{"line":60,"column":4},"end":{"line":63,"column":5}},"19":{"start":{"line":61,"column":8},"end":{"line":61,"column":70}},"20":{"start":{"line":62,"column":8},"end":{"line":62,"column":32}},"21":{"start":{"line":64,"column":4},"end":{"line":64,"column":60}},"22":{"start":{"line":65,"column":4},"end":{"line":65,"column":21}},"23":{"start":{"line":68,"column":0},"end":{"line":71,"column":3}},"24":{"start":{"line":69,"column":19},"end":{"line":69,"column":47}},"25":{"start":{"line":70,"column":4},"end":{"line":70,"column":21}},"26":{"start":{"line":73,"column":0},"end":{"line":83,"column":3}},"27":{"start":{"line":74,"column":21},"end":{"line":74,"column":35}},"28":{"start":{"line":77,"column":4},"end":{"line":80,"column":5}},"29":{"start":{"line":78,"column":8},"end":{"line":78,"column":66}},"30":{"start":{"line":79,"column":8},"end":{"line":79,"column":32}},"31":{"start":{"line":81,"column":4},"end":{"line":81,"column":56}},"32":{"start":{"line":82,"column":4},"end":{"line":82,"column":21}},"33":{"start":{"line":85,"column":0},"end":{"line":88,"column":3}},"34":{"start":{"line":86,"column":19},"end":{"line":86,"column":40}},"35":{"start":{"line":87,"column":4},"end":{"line":87,"column":21}},"36":{"start":{"line":90,"column":0},"end":{"line":94,"column":3}},"37":{"start":{"line":91,"column":21},"end":{"line":91,"column":35}},"38":{"start":{"line":92,"column":19},"end":{"line":92,"column":54}},"39":{"start":{"line":93,"column":4},"end":{"line":93,"column":21}},"40":{"start":{"line":96,"column":0},"end":{"line":99,"column":3}},"41":{"start":{"line":97,"column":19},"end":{"line":97,"column":50}},"42":{"start":{"line":98,"column":4},"end":{"line":98,"column":21}},"43":{"start":{"line":102,"column":0},"end":{"line":121,"column":3}},"44":{"start":{"line":103,"column":17},"end":{"line":103,"column":36}},"45":{"start":{"line":104,"column":19},"end":{"line":104,"column":41}},"46":{"start":{"line":105,"column":18},"end":{"line":105,"column":19}},"47":{"start":{"line":106,"column":17},"end":{"line":106,"column":35}},"48":{"start":{"line":109,"column":19},"end":{"line":109,"column":79}},"49":{"start":{"line":111,"column":4},"end":{"line":120,"column":5}},"50":{"start":{"line":112,"column":20},"end":{"line":112,"column":77}},"51":{"start":{"line":113,"column":25},"end":{"line":113,"column":71}},"52":{"start":{"line":114,"column":25},"end":{"line":114,"column":54}},"53":{"start":{"line":116,"column":6},"end":{"line":116,"column":38}},"54":{"start":{"line":118,"column":6},"end":{"line":118,"column":52}},"55":{"start":{"line":119,"column":6},"end":{"line":119,"column":51}},"56":{"start":{"line":123,"column":0},"end":{"line":126,"column":3}},"57":{"start":{"line":124,"column":19},"end":{"line":124,"column":35}},"58":{"start":{"line":125,"column":4},"end":{"line":125,"column":21}},"59":{"start":{"line":129,"column":0},"end":{"line":148,"column":3}},"60":{"start":{"line":130,"column":17},"end":{"line":130,"column":36}},"61":{"start":{"line":131,"column":19},"end":{"line":131,"column":41}},"62":{"start":{"line":132,"column":18},"end":{"line":132,"column":19}},"63":{"start":{"line":133,"column":17},"end":{"line":133,"column":35}},"64":{"start":{"line":136,"column":19},"end":{"line":136,"column":79}},"65":{"start":{"line":138,"column":4},"end":{"line":147,"column":5}},"66":{"start":{"line":139,"column":20},"end":{"line":139,"column":65}},"67":{"start":{"line":140,"column":25},"end":{"line":140,"column":59}},"68":{"start":{"line":141,"column":25},"end":{"line":141,"column":54}},"69":{"start":{"line":143,"column":6},"end":{"line":143,"column":38}},"70":{"start":{"line":145,"column":6},"end":{"line":145,"column":52}},"71":{"start":{"line":146,"column":6},"end":{"line":146,"column":51}},"72":{"start":{"line":150,"column":0},"end":{"line":154,"column":3}},"73":{"start":{"line":151,"column":20},"end":{"line":151,"column":37}},"74":{"start":{"line":152,"column":19},"end":{"line":152,"column":44}},"75":{"start":{"line":153,"column":4},"end":{"line":153,"column":21}},"76":{"start":{"line":156,"column":0},"end":{"line":160,"column":3}},"77":{"start":{"line":157,"column":15},"end":{"line":157,"column":27}},"78":{"start":{"line":158,"column":19},"end":{"line":158,"column":42}},"79":{"start":{"line":159,"column":4},"end":{"line":159,"column":21}},"80":{"start":{"line":162,"column":0},"end":{"line":166,"column":3}},"81":{"start":{"line":163,"column":17},"end":{"line":163,"column":31}},"82":{"start":{"line":164,"column":19},"end":{"line":164,"column":60}},"83":{"start":{"line":165,"column":4},"end":{"line":165,"column":21}},"84":{"start":{"line":168,"column":0},"end":{"line":173,"column":3}},"85":{"start":{"line":169,"column":20},"end":{"line":169,"column":37}},"86":{"start":{"line":170,"column":19},"end":{"line":170,"column":50}},"87":{"start":{"line":172,"column":4},"end":{"line":172,"column":21}},"88":{"start":{"line":175,"column":0},"end":{"line":185,"column":3}},"89":{"start":{"line":176,"column":22},"end":{"line":176,"column":36}},"90":{"start":{"line":179,"column":4},"end":{"line":182,"column":5}},"91":{"start":{"line":180,"column":8},"end":{"line":180,"column":56}},"92":{"start":{"line":181,"column":8},"end":{"line":181,"column":32}},"93":{"start":{"line":183,"column":4},"end":{"line":183,"column":46}},"94":{"start":{"line":184,"column":4},"end":{"line":184,"column":21}},"95":{"start":{"line":187,"column":0},"end":{"line":190,"column":3}},"96":{"start":{"line":188,"column":19},"end":{"line":188,"column":64}},"97":{"start":{"line":189,"column":4},"end":{"line":189,"column":21}},"98":{"start":{"line":192,"column":0},"end":{"line":195,"column":3}},"99":{"start":{"line":193,"column":19},"end":{"line":193,"column":65}},"100":{"start":{"line":194,"column":4},"end":{"line":194,"column":21}},"101":{"start":{"line":197,"column":0},"end":{"line":202,"column":3}},"102":{"start":{"line":198,"column":17},"end":{"line":198,"column":31}},"103":{"start":{"line":200,"column":19},"end":{"line":200,"column":81}},"104":{"start":{"line":201,"column":4},"end":{"line":201,"column":21}},"105":{"start":{"line":204,"column":0},"end":{"line":209,"column":3}},"106":{"start":{"line":205,"column":17},"end":{"line":205,"column":31}},"107":{"start":{"line":207,"column":19},"end":{"line":207,"column":84}},"108":{"start":{"line":208,"column":4},"end":{"line":208,"column":21}}},"fnMap":{"0":{"name":"(anonymous_0)","decl":{"start":{"line":11,"column":16},"end":{"line":11,"column":17}},"loc":{"start":{"line":11,"column":36},"end":{"line":32,"column":1}},"line":11},"1":{"name":"(anonymous_1)","decl":{"start":{"line":36,"column":34},"end":{"line":36,"column":35}},"loc":{"start":{"line":36,"column":48},"end":{"line":39,"column":1}},"line":36},"2":{"name":"(anonymous_2)","decl":{"start":{"line":41,"column":24},"end":{"line":41,"column":25}},"loc":{"start":{"line":41,"column":38},"end":{"line":44,"column":1}},"line":41},"3":{"name":"(anonymous_3)","decl":{"start":{"line":46,"column":37},"end":{"line":46,"column":38}},"loc":{"start":{"line":46,"column":57},"end":{"line":49,"column":1}},"line":46},"4":{"name":"(anonymous_4)","decl":{"start":{"line":51,"column":39},"end":{"line":51,"column":40}},"loc":{"start":{"line":51,"column":59},"end":{"line":54,"column":1}},"line":51},"5":{"name":"(anonymous_5)","decl":{"start":{"line":56,"column":47},"end":{"line":56,"column":48}},"loc":{"start":{"line":56,"column":67},"end":{"line":66,"column":1}},"line":56},"6":{"name":"(anonymous_6)","decl":{"start":{"line":68,"column":38},"end":{"line":68,"column":39}},"loc":{"start":{"line":68,"column":58},"end":{"line":71,"column":1}},"line":68},"7":{"name":"(anonymous_7)","decl":{"start":{"line":73,"column":46},"end":{"line":73,"column":47}},"loc":{"start":{"line":73,"column":66},"end":{"line":83,"column":1}},"line":73},"8":{"name":"(anonymous_8)","decl":{"start":{"line":85,"column":36},"end":{"line":85,"column":37}},"loc":{"start":{"line":85,"column":56},"end":{"line":88,"column":1}},"line":85},"9":{"name":"(anonymous_9)","decl":{"start":{"line":90,"column":44},"end":{"line":90,"column":45}},"loc":{"start":{"line":90,"column":64},"end":{"line":94,"column":1}},"line":90},"10":{"name":"(anonymous_10)","decl":{"start":{"line":96,"column":36},"end":{"line":96,"column":37}},"loc":{"start":{"line":96,"column":56},"end":{"line":99,"column":1}},"line":96},"11":{"name":"(anonymous_11)","decl":{"start":{"line":102,"column":47},"end":{"line":102,"column":48}},"loc":{"start":{"line":102,"column":67},"end":{"line":121,"column":1}},"line":102},"12":{"name":"(anonymous_12)","decl":{"start":{"line":123,"column":36},"end":{"line":123,"column":37}},"loc":{"start":{"line":123,"column":56},"end":{"line":126,"column":1}},"line":123},"13":{"name":"(anonymous_13)","decl":{"start":{"line":129,"column":47},"end":{"line":129,"column":48}},"loc":{"start":{"line":129,"column":67},"end":{"line":148,"column":1}},"line":129},"14":{"name":"(anonymous_14)","decl":{"start":{"line":150,"column":35},"end":{"line":150,"column":36}},"loc":{"start":{"line":150,"column":55},"end":{"line":154,"column":1}},"line":150},"15":{"name":"(anonymous_15)","decl":{"start":{"line":156,"column":39},"end":{"line":156,"column":40}},"loc":{"start":{"line":156,"column":59},"end":{"line":160,"column":1}},"line":156},"16":{"name":"(anonymous_16)","decl":{"start":{"line":162,"column":44},"end":{"line":162,"column":45}},"loc":{"start":{"line":162,"column":64},"end":{"line":166,"column":1}},"line":162},"17":{"name":"(anonymous_17)","decl":{"start":{"line":168,"column":36},"end":{"line":168,"column":37}},"loc":{"start":{"line":168,"column":56},"end":{"line":173,"column":1}},"line":168},"18":{"name":"(anonymous_18)","decl":{"start":{"line":175,"column":36},"end":{"line":175,"column":37}},"loc":{"start":{"line":175,"column":56},"end":{"line":185,"column":1}},"line":175},"19":{"name":"(anonymous_19)","decl":{"start":{"line":187,"column":36},"end":{"line":187,"column":37}},"loc":{"start":{"line":187,"column":56},"end":{"line":190,"column":1}},"line":187},"20":{"name":"(anonymous_20)","decl":{"start":{"line":192,"column":37},"end":{"line":192,"column":38}},"loc":{"start":{"line":192,"column":57},"end":{"line":195,"column":1}},"line":192},"21":{"name":"(anonymous_21)","decl":{"start":{"line":197,"column":36},"end":{"line":197,"column":37}},"loc":{"start":{"line":197,"column":56},"end":{"line":202,"column":1}},"line":197},"22":{"name":"(anonymous_22)","decl":{"start":{"line":204,"column":36},"end":{"line":204,"column":37}},"loc":{"start":{"line":204,"column":56},"end":{"line":209,"column":1}},"line":204}},"branchMap":{"0":{"loc":{"start":{"line":60,"column":4},"end":{"line":63,"column":5}},"type":"if","locations":[{"start":{"line":60,"column":4},"end":{"line":63,"column":5}},{"start":{},"end":{}}],"line":60},"1":{"loc":{"start":{"line":77,"column":4},"end":{"line":80,"column":5}},"type":"if","locations":[{"start":{"line":77,"column":4},"end":{"line":80,"column":5}},{"start":{},"end":{}}],"line":77},"2":{"loc":{"start":{"line":103,"column":17},"end":{"line":103,"column":36}},"type":"binary-expr","locations":[{"start":{"line":103,"column":17},"end":{"line":103,"column":31}},{"start":{"line":103,"column":35},"end":{"line":103,"column":36}}],"line":103},"3":{"loc":{"start":{"line":104,"column":19},"end":{"line":104,"column":41}},"type":"binary-expr","locations":[{"start":{"line":104,"column":19},"end":{"line":104,"column":35}},{"start":{"line":104,"column":39},"end":{"line":104,"column":41}}],"line":104},"4":{"loc":{"start":{"line":109,"column":19},"end":{"line":109,"column":79}},"type":"cond-expr","locations":[{"start":{"line":109,"column":28},"end":{"line":109,"column":74}},{"start":{"line":109,"column":77},"end":{"line":109,"column":79}}],"line":109},"5":{"loc":{"start":{"line":130,"column":17},"end":{"line":130,"column":36}},"type":"binary-expr","locations":[{"start":{"line":130,"column":17},"end":{"line":130,"column":31}},{"start":{"line":130,"column":35},"end":{"line":130,"column":36}}],"line":130},"6":{"loc":{"start":{"line":131,"column":19},"end":{"line":131,"column":41}},"type":"binary-expr","locations":[{"start":{"line":131,"column":19},"end":{"line":131,"column":35}},{"start":{"line":131,"column":39},"end":{"line":131,"column":41}}],"line":131},"7":{"loc":{"start":{"line":136,"column":19},"end":{"line":136,"column":79}},"type":"cond-expr","locations":[{"start":{"line":136,"column":28},"end":{"line":136,"column":74}},{"start":{"line":136,"column":77},"end":{"line":136,"column":79}}],"line":136},"8":{"loc":{"start":{"line":179,"column":4},"end":{"line":182,"column":5}},"type":"if","locations":[{"start":{"line":179,"column":4},"end":{"line":182,"column":5}},{"start":{},"end":{}}],"line":179}},"s":{"0":2,"1":2,"2":0,"3":0,"4":2,"5":0,"6":0,"7":2,"8":0,"9":0,"10":2,"11":0,"12":0,"13":2,"14":0,"15":0,"16":2,"17":0,"18":0,"19":0,"20":0,"21":0,"22":0,"23":2,"24":0,"25":0,"26":2,"27":0,"28":0,"29":0,"30":0,"31":0,"32":0,"33":2,"34":0,"35":0,"36":2,"37":0,"38":0,"39":0,"40":2,"41":0,"42":0,"43":2,"44":0,"45":0,"46":0,"47":0,"48":0,"49":0,"50":0,"51":0,"52":0,"53":0,"54":0,"55":0,"56":2,"57":0,"58":0,"59":2,"60":0,"61":0,"62":0,"63":0,"64":0,"65":0,"66":0,"67":0,"68":0,"69":0,"70":0,"71":0,"72":2,"73":0,"74":0,"75":0,"76":2,"77":0,"78":0,"79":0,"80":2,"81":0,"82":0,"83":0,"84":2,"85":0,"86":0,"87":0,"88":2,"89":0,"90":0,"91":0,"92":0,"93":0,"94":0,"95":2,"96":0,"97":0,"98":2,"99":0,"100":0,"101":2,"102":0,"103":0,"104":0,"105":2,"106":0,"107":0,"108":0},"f":{"0":0,"1":0,"2":0,"3":0,"4":0,"5":0,"6":0,"7":0,"8":0,"9":0,"10":0,"11":0,"12":0,"13":0,"14":0,"15":0,"16":0,"17":0,"18":0,"19":0,"20":0,"21":0,"22":0},"b":{"0":[0,0],"1":[0,0],"2":[0,0],"3":[0,0],"4":[0,0],"5":[0,0],"6":[0,0],"7":[0,0],"8":[0,0]},"inputSourceMap":null,"_coverageSchema":"1a1c01bbd47fc00a2c39e90264f33305004495a9","hash":"d7619df1b5e796850de16834d8fa3071b87da51e"}
,"/home/caas23/vteam/services/rest-api/src/routes/serviceRoutes.js": {"path":"/home/caas23/vteam/services/rest-api/src/routes/serviceRoutes.js","statementMap":{"0":{"start":{"line":5,"column":15},"end":{"line":5,"column":31}},"1":{"start":{"line":7,"column":0},"end":{"line":9,"column":3}},"2":{"start":{"line":8,"column":4},"end":{"line":8,"column":50}},"3":{"start":{"line":11,"column":0},"end":{"line":16,"column":3}},"4":{"start":{"line":12,"column":17},"end":{"line":12,"column":33}},"5":{"start":{"line":13,"column":19},"end":{"line":13,"column":58}},"6":{"start":{"line":15,"column":4},"end":{"line":15,"column":21}},"7":{"start":{"line":18,"column":0},"end":{"line":23,"column":3}},"8":{"start":{"line":19,"column":17},"end":{"line":19,"column":33}},"9":{"start":{"line":20,"column":19},"end":{"line":20,"column":59}},"10":{"start":{"line":22,"column":4},"end":{"line":22,"column":21}}},"fnMap":{"0":{"name":"(anonymous_0)","decl":{"start":{"line":7,"column":16},"end":{"line":7,"column":17}},"loc":{"start":{"line":7,"column":36},"end":{"line":9,"column":1}},"line":7},"1":{"name":"(anonymous_1)","decl":{"start":{"line":11,"column":31},"end":{"line":11,"column":32}},"loc":{"start":{"line":11,"column":51},"end":{"line":16,"column":1}},"line":11},"2":{"name":"(anonymous_2)","decl":{"start":{"line":18,"column":40},"end":{"line":18,"column":41}},"loc":{"start":{"line":18,"column":60},"end":{"line":23,"column":1}},"line":18}},"branchMap":{},"s":{"0":2,"1":2,"2":0,"3":2,"4":0,"5":0,"6":0,"7":2,"8":0,"9":0,"10":0},"f":{"0":0,"1":0,"2":0},"b":{},"inputSourceMap":null,"_coverageSchema":"1a1c01bbd47fc00a2c39e90264f33305004495a9","hash":"970a9d468026545ec30319ac1eee8ad356d7e3f9"}
,"/home/caas23/vteam/services/rest-api/src/routes/updateDataRoutes.js": {"path":"/home/caas23/vteam/services/rest-api/src/routes/updateDataRoutes.js","statementMap":{"0":{"start":{"line":6,"column":15},"end":{"line":6,"column":31}},"1":{"start":{"line":8,"column":0},"end":{"line":19,"column":3}},"2":{"start":{"line":9,"column":19},"end":{"line":17,"column":5}},"3":{"start":{"line":18,"column":4},"end":{"line":18,"column":21}},"4":{"start":{"line":21,"column":0},"end":{"line":31,"column":3}},"5":{"start":{"line":22,"column":24},"end":{"line":22,"column":32}},"6":{"start":{"line":23,"column":30},"end":{"line":23,"column":59}},"7":{"start":{"line":24,"column":19},"end":{"line":29,"column":5}},"8":{"start":{"line":30,"column":4},"end":{"line":30,"column":21}},"9":{"start":{"line":33,"column":0},"end":{"line":44,"column":3}},"10":{"start":{"line":34,"column":27},"end":{"line":34,"column":35}},"11":{"start":{"line":35,"column":27},"end":{"line":35,"column":60}},"12":{"start":{"line":36,"column":19},"end":{"line":41,"column":5}},"13":{"start":{"line":43,"column":4},"end":{"line":43,"column":21}},"14":{"start":{"line":46,"column":0},"end":{"line":57,"column":3}},"15":{"start":{"line":47,"column":24},"end":{"line":47,"column":32}},"16":{"start":{"line":48,"column":27},"end":{"line":48,"column":54}},"17":{"start":{"line":49,"column":19},"end":{"line":54,"column":5}},"18":{"start":{"line":56,"column":4},"end":{"line":56,"column":21}},"19":{"start":{"line":59,"column":0},"end":{"line":73,"column":3}},"20":{"start":{"line":60,"column":17},"end":{"line":60,"column":33}},"21":{"start":{"line":61,"column":25},"end":{"line":61,"column":47}},"22":{"start":{"line":63,"column":19},"end":{"line":71,"column":5}},"23":{"start":{"line":72,"column":4},"end":{"line":72,"column":21}},"24":{"start":{"line":75,"column":0},"end":{"line":89,"column":3}},"25":{"start":{"line":76,"column":17},"end":{"line":76,"column":33}},"26":{"start":{"line":77,"column":25},"end":{"line":77,"column":47}},"27":{"start":{"line":79,"column":19},"end":{"line":87,"column":5}},"28":{"start":{"line":88,"column":4},"end":{"line":88,"column":21}},"29":{"start":{"line":91,"column":0},"end":{"line":106,"column":3}},"30":{"start":{"line":92,"column":36},"end":{"line":92,"column":44}},"31":{"start":{"line":93,"column":25},"end":{"line":93,"column":47}},"32":{"start":{"line":95,"column":19},"end":{"line":104,"column":5}},"33":{"start":{"line":105,"column":4},"end":{"line":105,"column":21}},"34":{"start":{"line":108,"column":0},"end":{"line":113,"column":3}},"35":{"start":{"line":109,"column":36},"end":{"line":109,"column":44}},"36":{"start":{"line":111,"column":4},"end":{"line":111,"column":50}},"37":{"start":{"line":112,"column":4},"end":{"line":112,"column":52}},"38":{"start":{"line":115,"column":0},"end":{"line":129,"column":3}},"39":{"start":{"line":116,"column":34},"end":{"line":116,"column":42}},"40":{"start":{"line":117,"column":25},"end":{"line":117,"column":47}},"41":{"start":{"line":119,"column":19},"end":{"line":127,"column":5}},"42":{"start":{"line":128,"column":4},"end":{"line":128,"column":21}}},"fnMap":{"0":{"name":"(anonymous_0)","decl":{"start":{"line":8,"column":16},"end":{"line":8,"column":17}},"loc":{"start":{"line":8,"column":36},"end":{"line":19,"column":1}},"line":8},"1":{"name":"(anonymous_1)","decl":{"start":{"line":21,"column":34},"end":{"line":21,"column":35}},"loc":{"start":{"line":21,"column":54},"end":{"line":31,"column":1}},"line":21},"2":{"name":"(anonymous_2)","decl":{"start":{"line":33,"column":35},"end":{"line":33,"column":36}},"loc":{"start":{"line":33,"column":55},"end":{"line":44,"column":1}},"line":33},"3":{"name":"(anonymous_3)","decl":{"start":{"line":46,"column":31},"end":{"line":46,"column":32}},"loc":{"start":{"line":46,"column":51},"end":{"line":57,"column":1}},"line":46},"4":{"name":"(anonymous_4)","decl":{"start":{"line":59,"column":35},"end":{"line":59,"column":36}},"loc":{"start":{"line":59,"column":55},"end":{"line":73,"column":1}},"line":59},"5":{"name":"(anonymous_5)","decl":{"start":{"line":75,"column":41},"end":{"line":75,"column":42}},"loc":{"start":{"line":75,"column":61},"end":{"line":89,"column":1}},"line":75},"6":{"name":"(anonymous_6)","decl":{"start":{"line":91,"column":39},"end":{"line":91,"column":40}},"loc":{"start":{"line":91,"column":59},"end":{"line":106,"column":1}},"line":91},"7":{"name":"(anonymous_7)","decl":{"start":{"line":108,"column":45},"end":{"line":108,"column":46}},"loc":{"start":{"line":108,"column":65},"end":{"line":113,"column":1}},"line":108},"8":{"name":"(anonymous_8)","decl":{"start":{"line":115,"column":39},"end":{"line":115,"column":40}},"loc":{"start":{"line":115,"column":59},"end":{"line":129,"column":1}},"line":115}},"branchMap":{},"s":{"0":2,"1":2,"2":0,"3":0,"4":2,"5":0,"6":0,"7":0,"8":0,"9":2,"10":0,"11":0,"12":0,"13":0,"14":2,"15":0,"16":0,"17":0,"18":0,"19":2,"20":0,"21":0,"22":0,"23":0,"24":2,"25":0,"26":0,"27":0,"28":0,"29":2,"30":0,"31":0,"32":0,"33":0,"34":2,"35":0,"36":0,"37":0,"38":2,"39":0,"40":0,"41":0,"42":0},"f":{"0":0,"1":0,"2":0,"3":0,"4":0,"5":0,"6":0,"7":0,"8":0},"b":{},"inputSourceMap":null,"_coverageSchema":"1a1c01bbd47fc00a2c39e90264f33305004495a9","hash":"06c5e6914b986edf1ace21cbd591dfe5b733a281"}
}
