TN:
SF:src/app.js
FN:41,(anonymous_0)
FN:57,(anonymous_1)
FN:59,(anonymous_2)
FN:70,(anonymous_3)
FN:77,(anonymous_4)
FN:139,(anonymous_5)
FN:169,(anonymous_6)
FN:227,(anonymous_7)
FN:231,(anonymous_8)
FN:266,(anonymous_9)
FN:268,(anonymous_10)
FN:286,calculateAngle
FN:307,calculateBatteryDrain
FN:327,calculateCurveSpeed
FN:363,addBikeToCharging
FN:369,removeBikeFromCharging
FN:371,(anonymous_16)
FN:396,simulateCharging
FN:403,(anonymous_18)
FN:404,(anonymous_19)
FN:416,(anonymous_20)
FN:475,startSimulation
FN:483,(anonymous_22)
FN:490,(anonymous_23)
FN:496,(anonymous_24)
FN:503,(anonymous_25)
FN:561,simulateBikeInUse
FN:588,(anonymous_27)
FN:693,(anonymous_28)
FN:704,(anonymous_29)
FN:714,(anonymous_30)
FN:721,startTripRealTime
FN:725,(anonymous_32)
FNF:33
FNH:4
FNDA:1,(anonymous_0)
FNDA:0,(anonymous_1)
FNDA:0,(anonymous_2)
FNDA:0,(anonymous_3)
FNDA:0,(anonymous_4)
FNDA:0,(anonymous_5)
FNDA:0,(anonymous_6)
FNDA:0,(anonymous_7)
FNDA:0,(anonymous_8)
FNDA:0,(anonymous_9)
FNDA:0,(anonymous_10)
FNDA:0,calculateAngle
FNDA:0,calculateBatteryDrain
FNDA:0,calculateCurveSpeed
FNDA:0,addBikeToCharging
FNDA:0,removeBikeFromCharging
FNDA:0,(anonymous_16)
FNDA:0,simulateCharging
FNDA:0,(anonymous_18)
FNDA:0,(anonymous_19)
FNDA:0,(anonymous_20)
FNDA:0,startSimulation
FNDA:0,(anonymous_22)
FNDA:0,(anonymous_23)
FNDA:0,(anonymous_24)
FNDA:0,(anonymous_25)
FNDA:0,simulateBikeInUse
FNDA:0,(anonymous_27)
FNDA:8,(anonymous_28)
FNDA:8,(anonymous_29)
FNDA:8,(anonymous_30)
FNDA:0,startTripRealTime
FNDA:0,(anonymous_32)
DA:19,8
DA:21,8
DA:22,8
DA:23,8
DA:30,8
DA:31,8
DA:32,8
DA:33,8
DA:35,8
DA:36,8
DA:37,8
DA:38,8
DA:39,8
DA:41,8
DA:42,1
DA:51,1
DA:54,8
DA:55,8
DA:57,8
DA:59,0
DA:60,0
DA:62,0
DA:63,0
DA:64,0
DA:66,0
DA:70,0
DA:71,0
DA:77,0
DA:78,0
DA:79,0
DA:80,0
DA:83,0
DA:84,0
DA:85,0
DA:87,0
DA:90,0
DA:91,0
DA:92,0
DA:93,0
DA:94,0
DA:95,0
DA:98,0
DA:99,0
DA:110,0
DA:120,0
DA:128,0
DA:129,0
DA:130,0
DA:132,0
DA:133,0
DA:134,0
DA:135,0
DA:136,0
DA:139,0
DA:141,0
DA:147,0
DA:154,0
DA:159,0
DA:161,0
DA:169,0
DA:171,0
DA:177,0
DA:179,0
DA:189,0
DA:190,0
DA:191,0
DA:192,0
DA:193,0
DA:195,0
DA:196,0
DA:197,0
DA:198,0
DA:201,0
DA:202,0
DA:209,0
DA:219,0
DA:220,0
DA:221,0
DA:222,0
DA:223,0
DA:224,0
DA:227,0
DA:231,8
DA:232,0
DA:234,0
DA:235,0
DA:236,0
DA:238,0
DA:240,0
DA:242,0
DA:243,0
DA:245,0
DA:250,0
DA:251,0
DA:255,0
DA:266,8
DA:267,0
DA:268,0
DA:270,0
DA:271,0
DA:273,0
DA:274,0
DA:276,0
DA:280,0
DA:281,0
DA:287,0
DA:288,0
DA:291,0
DA:294,0
DA:295,0
DA:298,0
DA:301,0
DA:304,0
DA:321,0
DA:322,0
DA:323,0
DA:324,0
DA:344,0
DA:345,0
DA:346,0
DA:347,0
DA:348,0
DA:349,0
DA:350,0
DA:351,0
DA:353,0
DA:355,0
DA:359,8
DA:360,8
DA:364,0
DA:365,0
DA:370,0
DA:371,0
DA:379,0
DA:380,0
DA:381,0
DA:382,0
DA:383,0
DA:384,0
DA:386,0
DA:391,0
DA:392,0
DA:393,0
DA:403,0
DA:404,0
DA:405,0
DA:406,0
DA:408,0
DA:409,0
DA:410,0
DA:416,0
DA:421,8
DA:477,0
DA:480,0
DA:483,0
DA:485,0
DA:486,0
DA:490,0
DA:493,0
DA:494,0
DA:496,0
DA:500,0
DA:502,0
DA:503,0
DA:504,0
DA:507,0
DA:512,0
DA:516,0
DA:517,0
DA:518,0
DA:520,0
DA:522,0
DA:523,0
DA:526,0
DA:529,0
DA:530,0
DA:532,0
DA:535,0
DA:537,0
DA:545,0
DA:548,0
DA:550,0
DA:552,0
DA:557,0
DA:560,8
DA:568,0
DA:569,0
DA:570,0
DA:571,0
DA:572,0
DA:573,0
DA:574,0
DA:575,0
DA:576,0
DA:578,0
DA:586,0
DA:588,0
DA:589,0
DA:591,0
DA:592,0
DA:593,0
DA:596,0
DA:599,0
DA:600,0
DA:603,0
DA:607,0
DA:608,0
DA:609,0
DA:610,0
DA:614,0
DA:615,0
DA:616,0
DA:617,0
DA:620,0
DA:621,0
DA:628,0
DA:631,0
DA:632,0
DA:636,0
DA:637,0
DA:638,0
DA:639,0
DA:641,0
DA:648,0
DA:649,0
DA:652,0
DA:654,0
DA:655,0
DA:656,0
DA:657,0
DA:658,0
DA:660,0
DA:669,0
DA:677,0
DA:678,0
DA:679,0
DA:680,0
DA:681,0
DA:682,0
DA:683,0
DA:684,0
DA:688,0
DA:689,0
DA:693,8
DA:694,8
DA:695,0
DA:697,8
DA:698,8
DA:700,8
DA:701,8
DA:703,8
DA:704,8
DA:705,8
DA:708,8
DA:710,0
DA:714,8
DA:715,8
DA:716,8
DA:717,8
DA:722,0
DA:725,8
DA:726,0
DA:727,0
DA:730,8
DA:731,0
LF:265
LH:41
BRDA:62,0,0,0
BRDA:62,0,1,0
BRDA:83,1,0,0
BRDA:83,1,1,0
BRDA:83,2,0,0
BRDA:83,2,1,0
BRDA:92,3,0,0
BRDA:92,3,1,0
BRDA:94,4,0,0
BRDA:94,4,1,0
BRDA:95,5,0,0
BRDA:95,5,1,0
BRDA:98,6,0,0
BRDA:98,6,1,0
BRDA:98,7,0,0
BRDA:98,7,1,0
BRDA:192,8,0,0
BRDA:192,8,1,0
BRDA:195,9,0,0
BRDA:195,9,1,0
BRDA:197,10,0,0
BRDA:197,10,1,0
BRDA:197,11,0,0
BRDA:197,11,1,0
BRDA:197,11,2,0
BRDA:197,11,3,0
BRDA:219,12,0,0
BRDA:219,12,1,0
BRDA:238,13,0,0
BRDA:238,13,1,0
BRDA:242,14,0,0
BRDA:242,14,1,0
BRDA:250,15,0,0
BRDA:250,15,1,0
BRDA:321,16,0,0
BRDA:321,16,1,0
BRDA:322,17,0,0
BRDA:322,17,1,0
BRDA:323,18,0,0
BRDA:323,18,1,0
BRDA:344,19,0,0
BRDA:344,19,1,0
BRDA:346,20,0,0
BRDA:346,20,1,0
BRDA:346,21,0,0
BRDA:346,21,1,0
BRDA:348,22,0,0
BRDA:348,22,1,0
BRDA:348,23,0,0
BRDA:348,23,1,0
BRDA:350,24,0,0
BRDA:350,24,1,0
BRDA:350,25,0,0
BRDA:350,25,1,0
BRDA:379,26,0,0
BRDA:379,26,1,0
BRDA:381,27,0,0
BRDA:381,27,1,0
BRDA:383,28,0,0
BRDA:383,28,1,0
BRDA:408,29,0,0
BRDA:408,29,1,0
BRDA:504,30,0,0
BRDA:504,30,1,0
BRDA:504,31,0,0
BRDA:504,31,1,0
BRDA:529,32,0,0
BRDA:529,32,1,0
BRDA:550,33,0,0
BRDA:550,33,1,0
BRDA:589,34,0,0
BRDA:589,34,1,0
BRDA:596,35,0,0
BRDA:596,35,1,0
BRDA:596,35,2,0
BRDA:599,36,0,0
BRDA:599,36,1,0
BRDA:620,37,0,0
BRDA:620,37,1,0
BRDA:694,38,0,0
BRDA:694,38,1,8
BRDA:700,39,0,8
BRDA:700,39,1,8
BRDA:701,40,0,8
BRDA:701,40,1,0
BRDA:703,41,0,8
BRDA:703,41,1,0
BRDA:715,42,0,8
BRDA:715,42,1,0
BRDA:730,43,0,0
BRDA:730,43,1,8
BRF:91
BRH:7
end_of_record
TN:
SF:src/auth.js
FN:1,(anonymous_0)
FN:16,(anonymous_1)
FNF:2
FNH:2
FNDA:4,(anonymous_0)
FNDA:42,(anonymous_1)
DA:1,9
DA:2,4
DA:8,3
DA:9,1
DA:12,2
DA:13,2
DA:16,9
DA:18,42
DA:19,39
DA:22,3
DA:24,3
DA:25,1
DA:28,2
DA:29,2
DA:30,1
DA:31,1
DA:33,1
LF:17
LH:17
BRDA:8,0,0,1
BRDA:8,0,1,2
BRDA:16,1,0,39
BRDA:18,2,0,39
BRDA:18,2,1,3
BRDA:18,3,0,42
BRDA:18,3,1,42
BRDA:24,4,0,1
BRDA:24,4,1,2
BRF:9
BRH:9
end_of_record
TN:
SF:src/payment.js
FN:3,(anonymous_0)
FN:23,(anonymous_1)
FN:50,(anonymous_2)
FNF:3
FNH:3
FNDA:3,(anonymous_0)
FNDA:1,(anonymous_1)
FNDA:1,(anonymous_2)
DA:3,8
DA:4,3
DA:6,3
DA:7,3
DA:17,3
DA:19,0
DA:23,8
DA:24,1
DA:26,1
DA:27,1
DA:43,1
DA:45,0
DA:46,0
DA:50,8
DA:51,1
DA:53,1
DA:54,1
DA:64,1
DA:66,0
LF:19
LH:15
BRF:0
BRH:0
end_of_record
TN:
SF:src/trip.js
FN:3,(anonymous_0)
FN:28,(anonymous_1)
FN:59,(anonymous_2)
FNF:3
FNH:3
FNDA:1,(anonymous_0)
FNDA:2,(anonymous_1)
FNDA:1,(anonymous_2)
DA:3,8
DA:4,1
DA:5,1
DA:6,1
DA:8,1
DA:13,1
DA:14,1
DA:20,1
DA:22,1
DA:24,0
DA:28,8
DA:29,2
DA:31,2
DA:32,2
DA:33,2
DA:38,2
DA:39,1
DA:41,2
DA:42,1
DA:45,2
DA:55,0
DA:59,8
DA:60,1
DA:62,1
LF:24
LH:22
BRDA:38,0,0,1
BRDA:38,0,1,1
BRDA:41,1,0,1
BRDA:41,1,1,1
BRF:4
BRH:4
end_of_record
TN:
SF:src/routes/addDataRoutes.js
FN:10,(anonymous_0)
FN:22,(anonymous_1)
FN:41,(anonymous_2)
FN:48,(anonymous_3)
FN:57,(anonymous_4)
FN:96,(anonymous_5)
FNF:6
FNH:4
FNDA:1,(anonymous_0)
FNDA:1,(anonymous_1)
FNDA:1,(anonymous_2)
FNDA:0,(anonymous_3)
FNDA:0,(anonymous_4)
FNDA:1,(anonymous_5)
DA:8,8
DA:10,8
DA:11,1
DA:19,1
DA:22,8
DA:26,1
DA:28,1
DA:36,1
DA:37,1
DA:38,1
DA:41,8
DA:42,1
DA:44,1
DA:45,1
DA:48,8
DA:49,0
DA:50,0
DA:52,0
DA:53,0
DA:54,0
DA:57,8
DA:58,0
DA:59,0
DA:60,0
DA:73,0
DA:74,0
DA:77,0
DA:78,0
DA:80,0
DA:84,0
DA:85,0
DA:88,0
DA:89,0
DA:91,0
DA:92,0
DA:96,8
DA:97,1
DA:99,1
DA:100,1
DA:108,1
DA:117,1
DA:118,1
DA:119,1
LF:43
LH:24
BRDA:67,0,0,0
BRDA:67,0,1,0
BRDA:67,1,0,0
BRDA:67,1,1,0
BRDA:68,2,0,0
BRDA:68,2,1,0
BRDA:68,3,0,0
BRDA:68,3,1,0
BRDA:73,4,0,0
BRDA:73,4,1,0
BRDA:84,5,0,0
BRDA:84,5,1,0
BRF:12
BRH:0
end_of_record
TN:
SF:src/routes/deleteDataRoutes.js
FN:9,(anonymous_0)
FN:20,(anonymous_1)
FN:44,(anonymous_2)
FN:57,(anonymous_3)
FNF:4
FNH:4
FNDA:1,(anonymous_0)
FNDA:2,(anonymous_1)
FNDA:1,(anonymous_2)
FNDA:1,(anonymous_3)
DA:7,8
DA:9,8
DA:10,1
DA:17,1
DA:20,8
DA:21,2
DA:22,2
DA:28,2
DA:29,2
DA:30,2
DA:31,2
DA:32,2
DA:34,2
DA:35,2
DA:37,1
DA:39,1
DA:40,1
DA:44,8
DA:45,1
DA:47,1
DA:48,1
DA:50,1
DA:52,0
DA:53,0
DA:57,8
DA:58,1
DA:59,1
DA:61,1
DA:62,1
DA:63,1
DA:65,1
DA:67,0
DA:68,0
LF:33
LH:29
BRDA:30,0,0,0
BRDA:30,0,1,2
BRDA:31,1,0,1
BRDA:31,1,1,1
BRDA:32,2,0,0
BRDA:32,2,1,2
BRDA:67,3,0,0
BRDA:67,3,1,0
BRF:8
BRH:4
end_of_record
TN:
SF:src/routes/getDataRoutes.js
FN:11,(anonymous_0)
FN:36,(anonymous_1)
FN:41,(anonymous_2)
FN:46,(anonymous_3)
FN:51,(anonymous_4)
FN:56,(anonymous_5)
FN:68,(anonymous_6)
FN:73,(anonymous_7)
FN:85,(anonymous_8)
FN:90,(anonymous_9)
FN:96,(anonymous_10)
FN:102,(anonymous_11)
FN:123,(anonymous_12)
FN:129,(anonymous_13)
FN:150,(anonymous_14)
FN:156,(anonymous_15)
FN:162,(anonymous_16)
FN:168,(anonymous_17)
FN:175,(anonymous_18)
FN:187,(anonymous_19)
FN:192,(anonymous_20)
FN:197,(anonymous_21)
FN:204,(anonymous_22)
FNF:23
FNH:21
FNDA:1,(anonymous_0)
FNDA:0,(anonymous_1)
FNDA:0,(anonymous_2)
FNDA:1,(anonymous_3)
FNDA:1,(anonymous_4)
FNDA:2,(anonymous_5)
FNDA:1,(anonymous_6)
FNDA:2,(anonymous_7)
FNDA:1,(anonymous_8)
FNDA:1,(anonymous_9)
FNDA:1,(anonymous_10)
FNDA:1,(anonymous_11)
FNDA:1,(anonymous_12)
FNDA:1,(anonymous_13)
FNDA:1,(anonymous_14)
FNDA:1,(anonymous_15)
FNDA:1,(anonymous_16)
FNDA:1,(anonymous_17)
FNDA:2,(anonymous_18)
FNDA:1,(anonymous_19)
FNDA:1,(anonymous_20)
FNDA:1,(anonymous_21)
FNDA:1,(anonymous_22)
DA:9,8
DA:11,8
DA:13,1
DA:31,1
DA:36,8
DA:37,0
DA:38,0
DA:41,8
DA:42,0
DA:43,0
DA:46,8
DA:47,1
DA:48,1
DA:51,8
DA:52,1
DA:53,1
DA:56,8
DA:57,2
DA:60,2
DA:61,1
DA:62,1
DA:64,1
DA:65,1
DA:68,8
DA:69,1
DA:70,1
DA:73,8
DA:74,2
DA:77,2
DA:78,1
DA:79,1
DA:81,1
DA:82,1
DA:85,8
DA:86,1
DA:87,1
DA:90,8
DA:91,1
DA:92,1
DA:93,1
DA:96,8
DA:97,1
DA:98,1
DA:102,8
DA:103,1
DA:104,1
DA:105,1
DA:106,1
DA:109,1
DA:111,1
DA:112,1
DA:113,1
DA:114,1
DA:116,1
DA:118,0
DA:119,0
DA:123,8
DA:124,1
DA:125,1
DA:129,8
DA:130,1
DA:131,1
DA:132,1
DA:133,1
DA:136,1
DA:138,1
DA:139,1
DA:140,1
DA:141,1
DA:143,1
DA:145,0
DA:146,0
DA:150,8
DA:151,1
DA:152,1
DA:153,1
DA:156,8
DA:157,1
DA:158,1
DA:159,1
DA:162,8
DA:163,1
DA:164,1
DA:165,1
DA:168,8
DA:169,1
DA:170,1
DA:172,1
DA:175,8
DA:176,2
DA:179,2
DA:180,1
DA:181,1
DA:183,1
DA:184,1
DA:187,8
DA:188,1
DA:189,1
DA:192,8
DA:193,1
DA:194,1
DA:197,8
DA:198,1
DA:200,1
DA:201,1
DA:204,8
DA:205,1
DA:207,1
DA:208,1
LF:109
LH:101
BRDA:60,0,0,1
BRDA:60,0,1,1
BRDA:77,1,0,1
BRDA:77,1,1,1
BRDA:103,2,0,1
BRDA:103,2,1,0
BRDA:104,3,0,1
BRDA:104,3,1,1
BRDA:109,4,0,0
BRDA:109,4,1,1
BRDA:130,5,0,1
BRDA:130,5,1,0
BRDA:131,6,0,1
BRDA:131,6,1,1
BRDA:136,7,0,0
BRDA:136,7,1,1
BRDA:179,8,0,1
BRDA:179,8,1,1
BRF:18
BRH:14
end_of_record
TN:
SF:src/routes/serviceRoutes.js
FN:7,(anonymous_0)
FN:11,(anonymous_1)
FN:18,(anonymous_2)
FNF:3
FNH:3
FNDA:1,(anonymous_0)
FNDA:1,(anonymous_1)
FNDA:1,(anonymous_2)
DA:5,8
DA:7,8
DA:8,1
DA:11,8
DA:12,1
DA:13,1
DA:15,1
DA:18,8
DA:19,1
DA:20,1
DA:22,1
LF:11
LH:11
BRF:0
BRH:0
end_of_record
TN:
SF:src/routes/updateDataRoutes.js
FN:8,(anonymous_0)
FN:21,(anonymous_1)
FN:33,(anonymous_2)
FN:46,(anonymous_3)
FN:59,(anonymous_4)
FN:75,(anonymous_5)
FN:91,(anonymous_6)
FN:108,(anonymous_7)
FN:115,(anonymous_8)
FNF:9
FNH:8
FNDA:1,(anonymous_0)
FNDA:1,(anonymous_1)
FNDA:1,(anonymous_2)
FNDA:1,(anonymous_3)
FNDA:1,(anonymous_4)
FNDA:1,(anonymous_5)
FNDA:1,(anonymous_6)
FNDA:0,(anonymous_7)
FNDA:1,(anonymous_8)
DA:6,8
DA:8,8
DA:9,1
DA:18,1
DA:21,8
DA:22,1
DA:23,1
DA:24,1
DA:30,1
DA:33,8
DA:34,1
DA:35,1
DA:36,1
DA:43,1
DA:46,8
DA:47,1
DA:48,1
DA:49,1
DA:56,1
DA:59,8
DA:60,1
DA:61,1
DA:63,1
DA:72,1
DA:75,8
DA:76,1
DA:77,1
DA:79,1
DA:88,1
DA:91,8
DA:92,1
DA:93,1
DA:95,1
DA:105,1
DA:108,8
DA:109,0
DA:111,0
DA:112,0
DA:115,8
DA:116,1
DA:117,1
DA:119,1
DA:128,1
LF:43
LH:40
BRF:0
BRH:0
end_of_record
