TN:
SF:src/app.js
FN:41,(anonymous_0)
FN:57,(anonymous_1)
FN:59,(anonymous_2)
FN:70,(anonymous_3)
FN:77,(anonymous_4)
FN:139,(anonymous_5)
FN:169,(anonymous_6)
FN:227,(anonymous_7)
FN:233,(anonymous_8)
FN:268,(anonymous_9)
FN:270,(anonymous_10)
FN:288,calculateAngle
FN:309,calculateBatteryDrain
FN:329,calculateCurveSpeed
FN:365,addBikeToCharging
FN:371,removeBikeFromCharging
FN:373,(anonymous_16)
FN:398,simulateCharging
FN:405,(anonymous_18)
FN:406,(anonymous_19)
FN:418,(anonymous_20)
FN:477,startSimulation
FN:485,(anonymous_22)
FN:492,(anonymous_23)
FN:498,(anonymous_24)
FN:505,(anonymous_25)
FN:566,simulateBikeInUse
FN:593,(anonymous_27)
FN:699,(anonymous_28)
FN:710,(anonymous_29)
FN:720,(anonymous_30)
FN:727,startTripRealTime
FN:731,(anonymous_32)
FNF:33
FNH:4
FNDA:1,(anonymous_0)
FNDA:0,(anonymous_1)
FNDA:0,(anonymous_2)
FNDA:0,(anonymous_3)
FNDA:0,(anonymous_4)
FNDA:0,(anonymous_5)
FNDA:0,(anonymous_6)
FNDA:0,(anonymous_7)
FNDA:0,(anonymous_8)
FNDA:0,(anonymous_9)
FNDA:0,(anonymous_10)
FNDA:0,calculateAngle
FNDA:0,calculateBatteryDrain
FNDA:0,calculateCurveSpeed
FNDA:0,addBikeToCharging
FNDA:0,removeBikeFromCharging
FNDA:0,(anonymous_16)
FNDA:0,simulateCharging
FNDA:0,(anonymous_18)
FNDA:0,(anonymous_19)
FNDA:0,(anonymous_20)
FNDA:0,startSimulation
FNDA:0,(anonymous_22)
FNDA:0,(anonymous_23)
FNDA:0,(anonymous_24)
FNDA:0,(anonymous_25)
FNDA:0,simulateBikeInUse
FNDA:0,(anonymous_27)
FNDA:2,(anonymous_28)
FNDA:2,(anonymous_29)
FNDA:2,(anonymous_30)
FNDA:0,startTripRealTime
FNDA:0,(anonymous_32)
DA:19,2
DA:21,2
DA:22,2
DA:23,2
DA:30,2
DA:31,2
DA:32,2
DA:33,2
DA:35,2
DA:36,2
DA:37,2
DA:38,2
DA:39,2
DA:41,2
DA:42,1
DA:51,1
DA:54,2
DA:55,2
DA:57,2
DA:59,0
DA:60,0
DA:62,0
DA:63,0
DA:64,0
DA:66,0
DA:70,0
DA:71,0
DA:77,0
DA:78,0
DA:79,0
DA:80,0
DA:83,0
DA:84,0
DA:85,0
DA:87,0
DA:90,0
DA:91,0
DA:92,0
DA:93,0
DA:94,0
DA:95,0
DA:98,0
DA:99,0
DA:110,0
DA:120,0
DA:128,0
DA:129,0
DA:130,0
DA:132,0
DA:133,0
DA:134,0
DA:135,0
DA:136,0
DA:139,0
DA:141,0
DA:147,0
DA:154,0
DA:159,0
DA:161,0
DA:169,0
DA:171,0
DA:177,0
DA:179,0
DA:189,0
DA:190,0
DA:191,0
DA:192,0
DA:193,0
DA:195,0
DA:196,0
DA:197,0
DA:198,0
DA:201,0
DA:202,0
DA:209,0
DA:219,0
DA:220,0
DA:221,0
DA:222,0
DA:223,0
DA:224,0
DA:227,0
DA:233,2
DA:234,0
DA:236,0
DA:237,0
DA:238,0
DA:240,0
DA:242,0
DA:244,0
DA:245,0
DA:247,0
DA:252,0
DA:253,0
DA:257,0
DA:268,2
DA:269,0
DA:270,0
DA:272,0
DA:273,0
DA:275,0
DA:276,0
DA:278,0
DA:282,0
DA:283,0
DA:289,0
DA:290,0
DA:293,0
DA:296,0
DA:297,0
DA:300,0
DA:303,0
DA:306,0
DA:323,0
DA:324,0
DA:325,0
DA:326,0
DA:346,0
DA:347,0
DA:348,0
DA:349,0
DA:350,0
DA:351,0
DA:352,0
DA:353,0
DA:355,0
DA:357,0
DA:361,2
DA:362,2
DA:366,0
DA:367,0
DA:372,0
DA:373,0
DA:381,0
DA:382,0
DA:383,0
DA:384,0
DA:385,0
DA:386,0
DA:388,0
DA:393,0
DA:394,0
DA:395,0
DA:405,0
DA:406,0
DA:407,0
DA:408,0
DA:410,0
DA:411,0
DA:412,0
DA:418,0
DA:419,0
DA:423,2
DA:479,0
DA:482,0
DA:485,0
DA:487,0
DA:488,0
DA:492,0
DA:495,0
DA:496,0
DA:498,0
DA:502,0
DA:504,0
DA:505,0
DA:506,0
DA:509,0
DA:514,0
DA:518,0
DA:519,0
DA:520,0
DA:522,0
DA:524,0
DA:525,0
DA:529,0
DA:534,0
DA:535,0
DA:537,0
DA:540,0
DA:542,0
DA:550,0
DA:553,0
DA:555,0
DA:557,0
DA:562,0
DA:565,2
DA:573,0
DA:574,0
DA:575,0
DA:576,0
DA:577,0
DA:578,0
DA:579,0
DA:580,0
DA:581,0
DA:583,0
DA:591,0
DA:593,0
DA:594,0
DA:596,0
DA:597,0
DA:598,0
DA:601,0
DA:604,0
DA:605,0
DA:608,0
DA:612,0
DA:613,0
DA:614,0
DA:615,0
DA:619,0
DA:620,0
DA:621,0
DA:622,0
DA:625,0
DA:626,0
DA:633,0
DA:636,0
DA:637,0
DA:641,0
DA:642,0
DA:643,0
DA:644,0
DA:646,0
DA:653,0
DA:654,0
DA:658,0
DA:660,0
DA:661,0
DA:662,0
DA:663,0
DA:664,0
DA:666,0
DA:675,0
DA:683,0
DA:684,0
DA:685,0
DA:686,0
DA:687,0
DA:688,0
DA:689,0
DA:690,0
DA:694,0
DA:695,0
DA:699,2
DA:700,2
DA:701,0
DA:703,2
DA:704,2
DA:706,2
DA:707,2
DA:709,2
DA:710,2
DA:711,2
DA:714,2
DA:716,0
DA:720,2
DA:721,2
DA:722,2
DA:723,2
DA:728,0
DA:731,2
DA:732,0
DA:733,0
DA:736,2
DA:737,0
LF:266
LH:41
BRDA:62,0,0,0
BRDA:62,0,1,0
BRDA:83,1,0,0
BRDA:83,1,1,0
BRDA:83,2,0,0
BRDA:83,2,1,0
BRDA:92,3,0,0
BRDA:92,3,1,0
BRDA:94,4,0,0
BRDA:94,4,1,0
BRDA:95,5,0,0
BRDA:95,5,1,0
BRDA:98,6,0,0
BRDA:98,6,1,0
BRDA:98,7,0,0
BRDA:98,7,1,0
BRDA:192,8,0,0
BRDA:192,8,1,0
BRDA:195,9,0,0
BRDA:195,9,1,0
BRDA:197,10,0,0
BRDA:197,10,1,0
BRDA:197,11,0,0
BRDA:197,11,1,0
BRDA:197,11,2,0
BRDA:197,11,3,0
BRDA:219,12,0,0
BRDA:219,12,1,0
BRDA:240,13,0,0
BRDA:240,13,1,0
BRDA:244,14,0,0
BRDA:244,14,1,0
BRDA:252,15,0,0
BRDA:252,15,1,0
BRDA:323,16,0,0
BRDA:323,16,1,0
BRDA:324,17,0,0
BRDA:324,17,1,0
BRDA:325,18,0,0
BRDA:325,18,1,0
BRDA:346,19,0,0
BRDA:346,19,1,0
BRDA:348,20,0,0
BRDA:348,20,1,0
BRDA:348,21,0,0
BRDA:348,21,1,0
BRDA:350,22,0,0
BRDA:350,22,1,0
BRDA:350,23,0,0
BRDA:350,23,1,0
BRDA:352,24,0,0
BRDA:352,24,1,0
BRDA:352,25,0,0
BRDA:352,25,1,0
BRDA:381,26,0,0
BRDA:381,26,1,0
BRDA:383,27,0,0
BRDA:383,27,1,0
BRDA:385,28,0,0
BRDA:385,28,1,0
BRDA:410,29,0,0
BRDA:410,29,1,0
BRDA:506,30,0,0
BRDA:506,30,1,0
BRDA:506,31,0,0
BRDA:506,31,1,0
BRDA:534,32,0,0
BRDA:534,32,1,0
BRDA:555,33,0,0
BRDA:555,33,1,0
BRDA:594,34,0,0
BRDA:594,34,1,0
BRDA:601,35,0,0
BRDA:601,35,1,0
BRDA:601,35,2,0
BRDA:604,36,0,0
BRDA:604,36,1,0
BRDA:625,37,0,0
BRDA:625,37,1,0
BRDA:700,38,0,0
BRDA:700,38,1,2
BRDA:706,39,0,2
BRDA:706,39,1,2
BRDA:707,40,0,2
BRDA:707,40,1,0
BRDA:709,41,0,2
BRDA:709,41,1,0
BRDA:721,42,0,2
BRDA:721,42,1,0
BRDA:736,43,0,0
BRDA:736,43,1,2
BRF:91
BRH:7
end_of_record
TN:
SF:src/auth.js
FN:1,(anonymous_0)
FN:16,(anonymous_1)
FNF:2
FNH:2
FNDA:4,(anonymous_0)
FNDA:3,(anonymous_1)
DA:1,3
DA:2,4
DA:8,3
DA:9,1
DA:12,2
DA:13,2
DA:16,3
DA:17,3
DA:19,3
DA:20,1
DA:21,1
DA:24,2
DA:25,2
DA:26,1
DA:27,1
DA:29,1
DA:30,1
LF:17
LH:17
BRDA:8,0,0,1
BRDA:8,0,1,2
BRDA:19,1,0,1
BRDA:19,1,1,2
BRF:4
BRH:4
end_of_record
TN:
SF:src/payment.js
FN:3,(anonymous_0)
FN:23,(anonymous_1)
FN:50,(anonymous_2)
FNF:3
FNH:3
FNDA:3,(anonymous_0)
FNDA:1,(anonymous_1)
FNDA:1,(anonymous_2)
DA:3,2
DA:4,3
DA:6,3
DA:7,3
DA:17,3
DA:19,0
DA:23,2
DA:24,1
DA:26,1
DA:27,1
DA:43,1
DA:45,0
DA:46,0
DA:50,2
DA:51,1
DA:53,1
DA:54,1
DA:64,1
DA:66,0
LF:19
LH:15
BRF:0
BRH:0
end_of_record
TN:
SF:src/trip.js
FN:3,(anonymous_0)
FN:28,(anonymous_1)
FN:59,(anonymous_2)
FNF:3
FNH:0
FNDA:0,(anonymous_0)
FNDA:0,(anonymous_1)
FNDA:0,(anonymous_2)
DA:3,2
DA:4,0
DA:5,0
DA:6,0
DA:8,0
DA:13,0
DA:14,0
DA:20,0
DA:22,0
DA:24,0
DA:28,2
DA:29,0
DA:31,0
DA:32,0
DA:33,0
DA:38,0
DA:39,0
DA:41,0
DA:42,0
DA:45,0
DA:55,0
DA:59,2
DA:60,0
DA:62,0
LF:24
LH:3
BRDA:38,0,0,0
BRDA:38,0,1,0
BRDA:41,1,0,0
BRDA:41,1,1,0
BRF:4
BRH:0
end_of_record
TN:
SF:src/routes/addDataRoutes.js
FN:10,(anonymous_0)
FN:22,(anonymous_1)
FN:41,(anonymous_2)
FN:48,(anonymous_3)
FN:57,(anonymous_4)
FN:96,(anonymous_5)
FNF:6
FNH:0
FNDA:0,(anonymous_0)
FNDA:0,(anonymous_1)
FNDA:0,(anonymous_2)
FNDA:0,(anonymous_3)
FNDA:0,(anonymous_4)
FNDA:0,(anonymous_5)
DA:8,2
DA:10,2
DA:11,0
DA:19,0
DA:22,2
DA:26,0
DA:28,0
DA:36,0
DA:37,0
DA:38,0
DA:41,2
DA:42,0
DA:44,0
DA:45,0
DA:48,2
DA:49,0
DA:50,0
DA:52,0
DA:53,0
DA:54,0
DA:57,2
DA:58,0
DA:59,0
DA:60,0
DA:73,0
DA:74,0
DA:77,0
DA:78,0
DA:80,0
DA:84,0
DA:85,0
DA:88,0
DA:89,0
DA:91,0
DA:92,0
DA:96,2
DA:97,0
DA:99,0
DA:100,0
DA:108,0
DA:117,0
DA:118,0
DA:119,0
LF:43
LH:7
BRDA:67,0,0,0
BRDA:67,0,1,0
BRDA:67,1,0,0
BRDA:67,1,1,0
BRDA:68,2,0,0
BRDA:68,2,1,0
BRDA:68,3,0,0
BRDA:68,3,1,0
BRDA:73,4,0,0
BRDA:73,4,1,0
BRDA:84,5,0,0
BRDA:84,5,1,0
BRF:12
BRH:0
end_of_record
TN:
SF:src/routes/deleteDataRoutes.js
FN:9,(anonymous_0)
FN:20,(anonymous_1)
FN:44,(anonymous_2)
FN:57,(anonymous_3)
FNF:4
FNH:0
FNDA:0,(anonymous_0)
FNDA:0,(anonymous_1)
FNDA:0,(anonymous_2)
FNDA:0,(anonymous_3)
DA:7,2
DA:9,2
DA:10,0
DA:17,0
DA:20,2
DA:21,0
DA:22,0
DA:28,0
DA:29,0
DA:30,0
DA:31,0
DA:32,0
DA:34,0
DA:35,0
DA:37,0
DA:39,0
DA:40,0
DA:44,2
DA:45,0
DA:47,0
DA:48,0
DA:50,0
DA:52,0
DA:53,0
DA:57,2
DA:58,0
DA:59,0
DA:61,0
DA:62,0
DA:63,0
DA:66,0
DA:68,0
DA:69,0
LF:33
LH:5
BRDA:30,0,0,0
BRDA:30,0,1,0
BRDA:31,1,0,0
BRDA:31,1,1,0
BRDA:32,2,0,0
BRDA:32,2,1,0
BRDA:68,3,0,0
BRDA:68,3,1,0
BRF:8
BRH:0
end_of_record
TN:
SF:src/routes/getDataRoutes.js
FN:11,(anonymous_0)
FN:36,(anonymous_1)
FN:41,(anonymous_2)
FN:46,(anonymous_3)
FN:51,(anonymous_4)
FN:56,(anonymous_5)
FN:68,(anonymous_6)
FN:73,(anonymous_7)
FN:85,(anonymous_8)
FN:90,(anonymous_9)
FN:96,(anonymous_10)
FN:102,(anonymous_11)
FN:123,(anonymous_12)
FN:129,(anonymous_13)
FN:150,(anonymous_14)
FN:156,(anonymous_15)
FN:162,(anonymous_16)
FN:168,(anonymous_17)
FN:175,(anonymous_18)
FN:187,(anonymous_19)
FN:192,(anonymous_20)
FN:197,(anonymous_21)
FN:204,(anonymous_22)
FNF:23
FNH:0
FNDA:0,(anonymous_0)
FNDA:0,(anonymous_1)
FNDA:0,(anonymous_2)
FNDA:0,(anonymous_3)
FNDA:0,(anonymous_4)
FNDA:0,(anonymous_5)
FNDA:0,(anonymous_6)
FNDA:0,(anonymous_7)
FNDA:0,(anonymous_8)
FNDA:0,(anonymous_9)
FNDA:0,(anonymous_10)
FNDA:0,(anonymous_11)
FNDA:0,(anonymous_12)
FNDA:0,(anonymous_13)
FNDA:0,(anonymous_14)
FNDA:0,(anonymous_15)
FNDA:0,(anonymous_16)
FNDA:0,(anonymous_17)
FNDA:0,(anonymous_18)
FNDA:0,(anonymous_19)
FNDA:0,(anonymous_20)
FNDA:0,(anonymous_21)
FNDA:0,(anonymous_22)
DA:9,2
DA:11,2
DA:13,0
DA:31,0
DA:36,2
DA:37,0
DA:38,0
DA:41,2
DA:42,0
DA:43,0
DA:46,2
DA:47,0
DA:48,0
DA:51,2
DA:52,0
DA:53,0
DA:56,2
DA:57,0
DA:60,0
DA:61,0
DA:62,0
DA:64,0
DA:65,0
DA:68,2
DA:69,0
DA:70,0
DA:73,2
DA:74,0
DA:77,0
DA:78,0
DA:79,0
DA:81,0
DA:82,0
DA:85,2
DA:86,0
DA:87,0
DA:90,2
DA:91,0
DA:92,0
DA:93,0
DA:96,2
DA:97,0
DA:98,0
DA:102,2
DA:103,0
DA:104,0
DA:105,0
DA:106,0
DA:109,0
DA:111,0
DA:112,0
DA:113,0
DA:114,0
DA:116,0
DA:118,0
DA:119,0
DA:123,2
DA:124,0
DA:125,0
DA:129,2
DA:130,0
DA:131,0
DA:132,0
DA:133,0
DA:136,0
DA:138,0
DA:139,0
DA:140,0
DA:141,0
DA:143,0
DA:145,0
DA:146,0
DA:150,2
DA:151,0
DA:152,0
DA:153,0
DA:156,2
DA:157,0
DA:158,0
DA:159,0
DA:162,2
DA:163,0
DA:164,0
DA:165,0
DA:168,2
DA:169,0
DA:170,0
DA:172,0
DA:175,2
DA:176,0
DA:179,0
DA:180,0
DA:181,0
DA:183,0
DA:184,0
DA:187,2
DA:188,0
DA:189,0
DA:192,2
DA:193,0
DA:194,0
DA:197,2
DA:198,0
DA:200,0
DA:201,0
DA:204,2
DA:205,0
DA:207,0
DA:208,0
LF:109
LH:24
BRDA:60,0,0,0
BRDA:60,0,1,0
BRDA:77,1,0,0
BRDA:77,1,1,0
BRDA:103,2,0,0
BRDA:103,2,1,0
BRDA:104,3,0,0
BRDA:104,3,1,0
BRDA:109,4,0,0
BRDA:109,4,1,0
BRDA:130,5,0,0
BRDA:130,5,1,0
BRDA:131,6,0,0
BRDA:131,6,1,0
BRDA:136,7,0,0
BRDA:136,7,1,0
BRDA:179,8,0,0
BRDA:179,8,1,0
BRF:18
BRH:0
end_of_record
TN:
SF:src/routes/serviceRoutes.js
FN:7,(anonymous_0)
FN:11,(anonymous_1)
FN:18,(anonymous_2)
FNF:3
FNH:0
FNDA:0,(anonymous_0)
FNDA:0,(anonymous_1)
FNDA:0,(anonymous_2)
DA:5,2
DA:7,2
DA:8,0
DA:11,2
DA:12,0
DA:13,0
DA:15,0
DA:18,2
DA:19,0
DA:20,0
DA:22,0
LF:11
LH:4
BRF:0
BRH:0
end_of_record
TN:
SF:src/routes/updateDataRoutes.js
FN:8,(anonymous_0)
FN:21,(anonymous_1)
FN:33,(anonymous_2)
FN:46,(anonymous_3)
FN:59,(anonymous_4)
FN:75,(anonymous_5)
FN:91,(anonymous_6)
FN:108,(anonymous_7)
FN:115,(anonymous_8)
FNF:9
FNH:0
FNDA:0,(anonymous_0)
FNDA:0,(anonymous_1)
FNDA:0,(anonymous_2)
FNDA:0,(anonymous_3)
FNDA:0,(anonymous_4)
FNDA:0,(anonymous_5)
FNDA:0,(anonymous_6)
FNDA:0,(anonymous_7)
FNDA:0,(anonymous_8)
DA:6,2
DA:8,2
DA:9,0
DA:18,0
DA:21,2
DA:22,0
DA:23,0
DA:24,0
DA:30,0
DA:33,2
DA:34,0
DA:35,0
DA:36,0
DA:43,0
DA:46,2
DA:47,0
DA:48,0
DA:49,0
DA:56,0
DA:59,2
DA:60,0
DA:61,0
DA:63,0
DA:72,0
DA:75,2
DA:76,0
DA:77,0
DA:79,0
DA:88,0
DA:91,2
DA:92,0
DA:93,0
DA:95,0
DA:105,0
DA:108,2
DA:109,0
DA:111,0
DA:112,0
DA:115,2
DA:116,0
DA:117,0
DA:119,0
DA:128,0
LF:43
LH:10
BRF:0
BRH:0
end_of_record
